#
# There is insufficient memory for the Java Runtime Environment to continue.
# Native memory allocation (malloc) failed to allocate 471520 bytes. Error detail: Chunk::new
# Possible reasons:
#   The system is out of physical RAM or swap space
#   This process is running with CompressedOops enabled, and the Java Heap may be blocking the growth of the native heap
# Possible solutions:
#   Reduce memory load on the system
#   Increase physical memory or swap space
#   Check if swap backing store is full
#   Decrease Java heap size (-Xmx/-Xms)
#   Decrease number of Java threads
#   Decrease Java thread stack sizes (-Xss)
#   Set larger code cache with -XX:ReservedCodeCacheSize=
#   JVM is running with Unscaled Compressed Oops mode in which the Java heap is
#     placed in the first 4GB address space. The Java Heap base address is the
#     maximum limit for the native heap growth. Please use -XX:HeapBaseMinAddress
#     to set the Java Heap base and to place the Java Heap above 4GB virtual address.
# This output file may be truncated or incomplete.
#
#  Out of Memory Error (arena.cpp:191), pid=3776, tid=10300
#
# JRE version: OpenJDK Runtime Environment Temurin-17.0.11+9 (17.0.11+9) (build 17.0.11+9)
# Java VM: OpenJDK 64-Bit Server VM Temurin-17.0.11+9 (17.0.11+9, mixed mode, tiered, compressed oops, compressed class ptrs, parallel gc, windows-amd64)
# No core dump will be written. Minidumps are not enabled by default on client versions of Windows
#

---------------  S U M M A R Y ------------

Command Line: --add-modules=ALL-SYSTEM --add-opens=java.base/java.util=ALL-UNNAMED --add-opens=java.base/java.lang=ALL-UNNAMED --add-opens=java.base/sun.nio.fs=ALL-UNNAMED -Declipse.application=org.eclipse.jdt.ls.core.id1 -Dosgi.bundles.defaultStartLevel=4 -Declipse.product=org.eclipse.jdt.ls.core.product -Djava.import.generatesMetadataFilesAtProjectRoot=false -DDetectVMInstallationsJob.disabled=true -Dfile.encoding=utf8 -XX:+UseParallelGC -XX:GCTimeRatio=4 -XX:AdaptiveSizePolicyWeight=90 -Dsun.zip.disableMemoryMapping=true -Xmx1G -Xms100m -Xlog:disable -javaagent:c:\Users\aerly-dell\.vscode\extensions\redhat.java-1.33.0-win32-x64\lombok\lombok-1.18.33.jar c:\Users\aerly-dell\.vscode\extensions\redhat.java-1.33.0-win32-x64\server\plugins\org.eclipse.equinox.launcher_1.6.900.v20240613-2009.jar -configuration c:\Users\aerly-dell\AppData\Roaming\Code\User\globalStorage\redhat.java\1.33.0\config_ss_win -data c:\Users\aerly-dell\AppData\Roaming\Code\User\workspaceStorage\1df32e0479fcebfbd7f56126d49bde33\redhat.java\ss_ws --pipe=\\.\pipe\lsp-045b41b3d0507f43122d947fbfa33ee6-sock

Host: Intel(R) Core(TM) i5-8250U CPU @ 1.60GHz, 8 cores, 15G,  Windows 11 , 64 bit Build 22621 (10.0.22621.3958)
Time: Fri Aug  9 00:09:54 2024  Windows 11 , 64 bit Build 22621 (10.0.22621.3958) elapsed time: 8.546311 seconds (0d 0h 0m 8s)

---------------  T H R E A D  ---------------

Current thread (0x000001c4cea06dd0):  JavaThread "C2 CompilerThread0" daemon [_thread_in_native, id=10300, stack(0x0000006ef7600000,0x0000006ef7700000)]


Current CompileTask:
C2:   8546 1863       4       java.io.DataInputStream::readUTF (501 bytes)

Stack: [0x0000006ef7600000,0x0000006ef7700000]
Native frames: (J=compiled Java code, j=interpreted, Vv=VM code, C=native code)
V  [jvm.dll+0x67d429]
V  [jvm.dll+0x834b7a]
V  [jvm.dll+0x83663e]
V  [jvm.dll+0x836ca3]
V  [jvm.dll+0x247dbf]
V  [jvm.dll+0xac534]
V  [jvm.dll+0xacb7c]
V  [jvm.dll+0x366647]
V  [jvm.dll+0x330bba]
V  [jvm.dll+0x33005a]
V  [jvm.dll+0x21a471]
V  [jvm.dll+0x2198b1]
V  [jvm.dll+0x1a534d]
V  [jvm.dll+0x2295cd]
V  [jvm.dll+0x22779c]
V  [jvm.dll+0x7e9d07]
V  [jvm.dll+0x7e410a]
V  [jvm.dll+0x67c315]
C  [ucrtbase.dll+0x29333]
C  [KERNEL32.DLL+0x1257d]
C  [ntdll.dll+0x5af28]


---------------  P R O C E S S  ---------------

Threads class SMR info:
_java_thread_list=0x000001c4d05c22d0, length=17, elements={
0x000001c4b5a4fe60, 0x000001c4b5af7fd0, 0x000001c4b5af95b0, 0x000001c4c98ddf40,
0x000001c4cea03020, 0x000001c4cea038f0, 0x000001c4cea061d0, 0x000001c4cea06dd0,
0x000001c4cea6c5a0, 0x000001c4cea6f270, 0x000001c4ceb34370, 0x000001c4cfb3f680,
0x000001c4d046c7e0, 0x000001c4d02e1c90, 0x000001c4d02e2170, 0x000001c4d0323730,
0x000001c4cfdc1a90
}

Java Threads: ( => current thread )
  0x000001c4b5a4fe60 JavaThread "main" [_thread_blocked, id=22428, stack(0x0000006ef6d00000,0x0000006ef6e00000)]
  0x000001c4b5af7fd0 JavaThread "Reference Handler" daemon [_thread_blocked, id=6964, stack(0x0000006ef7000000,0x0000006ef7100000)]
  0x000001c4b5af95b0 JavaThread "Finalizer" daemon [_thread_blocked, id=9392, stack(0x0000006ef7100000,0x0000006ef7200000)]
  0x000001c4c98ddf40 JavaThread "Signal Dispatcher" daemon [_thread_blocked, id=9988, stack(0x0000006ef7200000,0x0000006ef7300000)]
  0x000001c4cea03020 JavaThread "Attach Listener" daemon [_thread_blocked, id=10260, stack(0x0000006ef7300000,0x0000006ef7400000)]
  0x000001c4cea038f0 JavaThread "Service Thread" daemon [_thread_blocked, id=18144, stack(0x0000006ef7400000,0x0000006ef7500000)]
  0x000001c4cea061d0 JavaThread "Monitor Deflation Thread" daemon [_thread_blocked, id=4316, stack(0x0000006ef7500000,0x0000006ef7600000)]
=>0x000001c4cea06dd0 JavaThread "C2 CompilerThread0" daemon [_thread_in_native, id=10300, stack(0x0000006ef7600000,0x0000006ef7700000)]
  0x000001c4cea6c5a0 JavaThread "C1 CompilerThread0" daemon [_thread_blocked, id=2212, stack(0x0000006ef7700000,0x0000006ef7800000)]
  0x000001c4cea6f270 JavaThread "Sweeper thread" daemon [_thread_blocked, id=24760, stack(0x0000006ef7800000,0x0000006ef7900000)]
  0x000001c4ceb34370 JavaThread "Common-Cleaner" daemon [_thread_blocked, id=20476, stack(0x0000006ef7900000,0x0000006ef7a00000)]
  0x000001c4cfb3f680 JavaThread "Notification Thread" daemon [_thread_blocked, id=9496, stack(0x0000006ef7b00000,0x0000006ef7c00000)]
  0x000001c4d046c7e0 JavaThread "Active Thread: Equinox Container: a4b0b615-8375-4eaa-98d2-078f6d9e6050" [_thread_blocked, id=24796, stack(0x0000006ef8300000,0x0000006ef8400000)]
  0x000001c4d02e1c90 JavaThread "Framework Event Dispatcher: Equinox Container: a4b0b615-8375-4eaa-98d2-078f6d9e6050" daemon [_thread_blocked, id=22260, stack(0x0000006ef7a00000,0x0000006ef7b00000)]
  0x000001c4d02e2170 JavaThread "Start Level: Equinox Container: a4b0b615-8375-4eaa-98d2-078f6d9e6050" daemon [_thread_in_native, id=24660, stack(0x0000006ef8400000,0x0000006ef8500000)]
  0x000001c4d0323730 JavaThread "SCR Component Actor" daemon [_thread_blocked, id=17044, stack(0x0000006ef8500000,0x0000006ef8600000)]
  0x000001c4cfdc1a90 JavaThread "SCR Component Registry" daemon [_thread_blocked, id=18160, stack(0x0000006ef8700000,0x0000006ef8800000)]

Other Threads:
  0x000001c4ce9e14b0 VMThread "VM Thread" [stack: 0x0000006ef6f00000,0x0000006ef7000000] [id=24228]
  0x000001c4cec5f200 WatcherThread [stack: 0x0000006ef7c00000,0x0000006ef7d00000] [id=9648]
  0x000001c4b5a64db0 GCTaskThread "GC Thread#0" [stack: 0x0000006ef6e00000,0x0000006ef6f00000] [id=12356]
  0x000001c4d01eab80 GCTaskThread "GC Thread#1" [stack: 0x0000006ef7d00000,0x0000006ef7e00000] [id=17012]
  0x000001c4d01eae40 GCTaskThread "GC Thread#2" [stack: 0x0000006ef7e00000,0x0000006ef7f00000] [id=24972]
  0x000001c4d01eb100 GCTaskThread "GC Thread#3" [stack: 0x0000006ef7f00000,0x0000006ef8000000] [id=17872]
  0x000001c4d01eb3c0 GCTaskThread "GC Thread#4" [stack: 0x0000006ef8000000,0x0000006ef8100000] [id=23624]
  0x000001c4d01e7ca0 GCTaskThread "GC Thread#5" [stack: 0x0000006ef8100000,0x0000006ef8200000] [id=20168]
  0x000001c4d01e7f60 GCTaskThread "GC Thread#6" [stack: 0x0000006ef8200000,0x0000006ef8300000] [id=14928]
  0x000001c4d02376e0 GCTaskThread "GC Thread#7" [stack: 0x0000006ef8600000,0x0000006ef8700000] [id=6372]

Threads with active compile tasks:
C2 CompilerThread0     8598 1863       4       java.io.DataInputStream::readUTF (501 bytes)

VM state: not at safepoint (normal execution)

VM Mutex/Monitor currently owned by a thread: None

Heap address: 0x00000000c0000000, size: 1024 MB, Compressed Oops mode: 32-bit

CDS archive(s) not mapped
Compressed class space mapped at: 0x0000000100000000-0x0000000140000000, reserved size: 1073741824
Narrow klass base: 0x0000000000000000, Narrow klass shift: 3, Narrow klass range: 0x140000000

GC Precious Log:
 CPUs: 8 total, 8 available
 Memory: 16281M
 Large Page Support: Disabled
 NUMA Support: Disabled
 Compressed Oops: Enabled (32-bit)
 Alignments: Space 512K, Generation 512K, Heap 2M
 Heap Min Capacity: 100M
 Heap Initial Capacity: 100M
 Heap Max Capacity: 1G
 Pre-touch: Disabled
 Parallel Workers: 8

Heap:
 PSYoungGen      total 29696K, used 18155K [0x00000000eab00000, 0x00000000ecc00000, 0x0000000100000000)
  eden space 25600K, 54% used [0x00000000eab00000,0x00000000eb8bece0,0x00000000ec400000)
  from space 4096K, 99% used [0x00000000ec800000,0x00000000ecbfc2f8,0x00000000ecc00000)
  to   space 4096K, 0% used [0x00000000ec400000,0x00000000ec400000,0x00000000ec800000)
 ParOldGen       total 68608K, used 783K [0x00000000c0000000, 0x00000000c4300000, 0x00000000eab00000)
  object space 68608K, 1% used [0x00000000c0000000,0x00000000c00c3fe8,0x00000000c4300000)
 Metaspace       used 17457K, committed 17728K, reserved 1114112K
  class space    used 1792K, committed 1920K, reserved 1048576K

Card table byte_map: [0x000001c4b5410000,0x000001c4b5620000] _byte_map_base: 0x000001c4b4e10000

Marking Bits: (ParMarkBitMap*) 0x00007ffc89a9d820
 Begin Bits: [0x000001c4c76e0000, 0x000001c4c86e0000)
 End Bits:   [0x000001c4c86e0000, 0x000001c4c96e0000)

Polling page: 0x000001c4b5200000

Metaspace:

Usage:
  Non-class:     15.30 MB used.
      Class:      1.75 MB used.
       Both:     17.05 MB used.

Virtual space:
  Non-class space:       64.00 MB reserved,      15.44 MB ( 24%) committed,  1 nodes.
      Class space:        1.00 GB reserved,       1.88 MB ( <1%) committed,  1 nodes.
             Both:        1.06 GB reserved,      17.31 MB (  2%) committed. 

Chunk freelists:
   Non-Class:  15.66 MB
       Class:  14.14 MB
        Both:  29.80 MB

MaxMetaspaceSize: unlimited
CompressedClassSpaceSize: 1.00 GB
Initial GC threshold: 21.00 MB
Current GC threshold: 21.00 MB
CDS: off
MetaspaceReclaimPolicy: balanced
 - commit_granule_bytes: 65536.
 - commit_granule_words: 8192.
 - virtual_space_node_default_size: 8388608.
 - enlarge_chunks_in_place: 1.
 - new_chunks_are_fully_committed: 0.
 - uncommit_free_chunks: 1.
 - use_allocation_guard: 0.
 - handle_deallocations: 1.


Internal statistics:

num_allocs_failed_limit: 0.
num_arena_births: 162.
num_arena_deaths: 0.
num_vsnodes_births: 2.
num_vsnodes_deaths: 0.
num_space_committed: 277.
num_space_uncommitted: 0.
num_chunks_returned_to_freelist: 0.
num_chunks_taken_from_freelist: 496.
num_chunk_merges: 0.
num_chunk_splits: 317.
num_chunks_enlarged: 224.
num_inconsistent_stats: 0.

CodeHeap 'non-profiled nmethods': size=120000Kb used=774Kb max_used=774Kb free=119225Kb
 bounds [0x000001c4c01b0000, 0x000001c4c0420000, 0x000001c4c76e0000]
CodeHeap 'profiled nmethods': size=120000Kb used=3583Kb max_used=3583Kb free=116416Kb
 bounds [0x000001c4b86e0000, 0x000001c4b8a60000, 0x000001c4bfc10000]
CodeHeap 'non-nmethods': size=5760Kb used=1175Kb max_used=1198Kb free=4584Kb
 bounds [0x000001c4bfc10000, 0x000001c4bfe80000, 0x000001c4c01b0000]
 total_blobs=2357 nmethods=1887 adapters=384
 compilation: enabled
              stopped_count=0, restarted_count=0
 full_count=0

Compilation events (20 events):
Event: 8.531 Thread 0x000001c4cea6c5a0 1879   !   3       org.eclipse.osgi.framework.eventmgr.EventManager::dispatchEvent (69 bytes)
Event: 8.531 Thread 0x000001c4cea6c5a0 nmethod 1879 0x000001c4b8a5ab90 code [0x000001c4b8a5ada0, 0x000001c4b8a5b538]
Event: 8.531 Thread 0x000001c4cea6c5a0 1881       1       org.osgi.framework.ServiceEvent::getType (5 bytes)
Event: 8.532 Thread 0x000001c4cea6c5a0 nmethod 1881 0x000001c4c0271290 code [0x000001c4c0271420, 0x000001c4c02714f8]
Event: 8.532 Thread 0x000001c4cea6c5a0 1880       3       org.eclipse.osgi.internal.serviceregistry.ServiceRegistrationImpl::compareTo (27 bytes)
Event: 8.532 Thread 0x000001c4cea6c5a0 nmethod 1880 0x000001c4b8a5b810 code [0x000001c4b8a5b9e0, 0x000001c4b8a5bff8]
Event: 8.533 Thread 0x000001c4cea6c5a0 1882       3       org.eclipse.osgi.framework.util.CaseInsensitiveDictionaryMap::put (77 bytes)
Event: 8.534 Thread 0x000001c4cea6c5a0 nmethod 1882 0x000001c4b8a5c190 code [0x000001c4b8a5c420, 0x000001c4b8a5d218]
Event: 8.534 Thread 0x000001c4cea6c5a0 1883       3       java.util.ArrayList::<init> (63 bytes)
Event: 8.535 Thread 0x000001c4cea6c5a0 nmethod 1883 0x000001c4b8a5d610 code [0x000001c4b8a5d800, 0x000001c4b8a5dcb8]
Event: 8.535 Thread 0x000001c4cea6c5a0 1884       3       java.util.concurrent.locks.ReentrantLock::tryLock (13 bytes)
Event: 8.536 Thread 0x000001c4cea6c5a0 nmethod 1884 0x000001c4b8a5de90 code [0x000001c4b8a5e040, 0x000001c4b8a5e1d8]
Event: 8.536 Thread 0x000001c4cea6c5a0 1885       3       java.util.concurrent.locks.ReentrantLock$Sync::tryLockNanos (36 bytes)
Event: 8.536 Thread 0x000001c4cea6c5a0 nmethod 1885 0x000001c4b8a5e310 code [0x000001c4b8a5e500, 0x000001c4b8a5e9b8]
Event: 8.537 Thread 0x000001c4cea6c5a0 1886       1       org.osgi.framework.BundleEvent::getType (5 bytes)
Event: 8.537 Thread 0x000001c4cea6c5a0 nmethod 1886 0x000001c4c0271590 code [0x000001c4c0271720, 0x000001c4c02717f8]
Event: 8.539 Thread 0x000001c4cea6c5a0 1887   !   3       org.eclipse.osgi.internal.log.ExtendedLogReaderServiceFactory::safeIsLoggable (30 bytes)
Event: 8.539 Thread 0x000001c4cea6c5a0 nmethod 1887 0x000001c4b8a5eb90 code [0x000001c4b8a5eda0, 0x000001c4b8a5f478]
Event: 8.540 Thread 0x000001c4cea6c5a0 1888       3       org.eclipse.osgi.container.ModuleContainer::checkAdminPermission (27 bytes)
Event: 8.540 Thread 0x000001c4cea6c5a0 nmethod 1888 0x000001c4b8a5f710 code [0x000001c4b8a5f900, 0x000001c4b8a5fd78]

GC Heap History (4 events):
Event: 2.260 GC heap before
{Heap before GC invocations=1 (full 0):
 PSYoungGen      total 29696K, used 25600K [0x00000000eab00000, 0x00000000ecc00000, 0x0000000100000000)
  eden space 25600K, 100% used [0x00000000eab00000,0x00000000ec400000,0x00000000ec400000)
  from space 4096K, 0% used [0x00000000ec800000,0x00000000ec800000,0x00000000ecc00000)
  to   space 4096K, 0% used [0x00000000ec400000,0x00000000ec400000,0x00000000ec800000)
 ParOldGen       total 68608K, used 0K [0x00000000c0000000, 0x00000000c4300000, 0x00000000eab00000)
  object space 68608K, 0% used [0x00000000c0000000,0x00000000c0000000,0x00000000c4300000)
 Metaspace       used 10950K, committed 11136K, reserved 1114112K
  class space    used 1088K, committed 1216K, reserved 1048576K
}
Event: 2.277 GC heap after
{Heap after GC invocations=1 (full 0):
 PSYoungGen      total 29696K, used 3172K [0x00000000eab00000, 0x00000000ecc00000, 0x0000000100000000)
  eden space 25600K, 0% used [0x00000000eab00000,0x00000000eab00000,0x00000000ec400000)
  from space 4096K, 77% used [0x00000000ec400000,0x00000000ec7192e0,0x00000000ec800000)
  to   space 4096K, 0% used [0x00000000ec800000,0x00000000ec800000,0x00000000ecc00000)
 ParOldGen       total 68608K, used 8K [0x00000000c0000000, 0x00000000c4300000, 0x00000000eab00000)
  object space 68608K, 0% used [0x00000000c0000000,0x00000000c0002000,0x00000000c4300000)
 Metaspace       used 10950K, committed 11136K, reserved 1114112K
  class space    used 1088K, committed 1216K, reserved 1048576K
}
Event: 7.772 GC heap before
{Heap before GC invocations=2 (full 0):
 PSYoungGen      total 29696K, used 28772K [0x00000000eab00000, 0x00000000ecc00000, 0x0000000100000000)
  eden space 25600K, 100% used [0x00000000eab00000,0x00000000ec400000,0x00000000ec400000)
  from space 4096K, 77% used [0x00000000ec400000,0x00000000ec7192e0,0x00000000ec800000)
  to   space 4096K, 0% used [0x00000000ec800000,0x00000000ec800000,0x00000000ecc00000)
 ParOldGen       total 68608K, used 8K [0x00000000c0000000, 0x00000000c4300000, 0x00000000eab00000)
  object space 68608K, 0% used [0x00000000c0000000,0x00000000c0002000,0x00000000c4300000)
 Metaspace       used 14747K, committed 15040K, reserved 1114112K
  class space    used 1491K, committed 1664K, reserved 1048576K
}
Event: 7.781 GC heap after
{Heap after GC invocations=2 (full 0):
 PSYoungGen      total 29696K, used 4080K [0x00000000eab00000, 0x00000000ecc00000, 0x0000000100000000)
  eden space 25600K, 0% used [0x00000000eab00000,0x00000000eab00000,0x00000000ec400000)
  from space 4096K, 99% used [0x00000000ec800000,0x00000000ecbfc2f8,0x00000000ecc00000)
  to   space 4096K, 0% used [0x00000000ec400000,0x00000000ec400000,0x00000000ec800000)
 ParOldGen       total 68608K, used 783K [0x00000000c0000000, 0x00000000c4300000, 0x00000000eab00000)
  object space 68608K, 1% used [0x00000000c0000000,0x00000000c00c3fe8,0x00000000c4300000)
 Metaspace       used 14747K, committed 15040K, reserved 1114112K
  class space    used 1491K, committed 1664K, reserved 1048576K
}

Dll operation events (9 events):
Event: 0.084 Loaded shared library c:\Users\aerly-dell\.vscode\extensions\redhat.java-1.33.0-win32-x64\jre\17.0.11-win32-x86_64\bin\java.dll
Event: 0.506 Loaded shared library c:\Users\aerly-dell\.vscode\extensions\redhat.java-1.33.0-win32-x64\jre\17.0.11-win32-x86_64\bin\zip.dll
Event: 0.513 Loaded shared library C:\Users\aerly-dell\.vscode\extensions\redhat.java-1.33.0-win32-x64\jre\17.0.11-win32-x86_64\bin\instrument.dll
Event: 0.562 Loaded shared library C:\Users\aerly-dell\.vscode\extensions\redhat.java-1.33.0-win32-x64\jre\17.0.11-win32-x86_64\bin\net.dll
Event: 0.569 Loaded shared library C:\Users\aerly-dell\.vscode\extensions\redhat.java-1.33.0-win32-x64\jre\17.0.11-win32-x86_64\bin\nio.dll
Event: 0.589 Loaded shared library C:\Users\aerly-dell\.vscode\extensions\redhat.java-1.33.0-win32-x64\jre\17.0.11-win32-x86_64\bin\zip.dll
Event: 0.618 Loaded shared library C:\Users\aerly-dell\.vscode\extensions\redhat.java-1.33.0-win32-x64\jre\17.0.11-win32-x86_64\bin\jimage.dll
Event: 0.774 Loaded shared library c:\Users\aerly-dell\.vscode\extensions\redhat.java-1.33.0-win32-x64\jre\17.0.11-win32-x86_64\bin\verify.dll
Event: 7.696 Loaded shared library C:\Users\aerly-dell\AppData\Roaming\Code\User\globalStorage\redhat.java\1.33.0\config_ss_win\org.eclipse.equinox.launcher\org.eclipse.equinox.launcher.win32.win32.x86_64_1.2.1100.v20240722-2106\eclipse_11904.dll

Deoptimization events (20 events):
Event: 8.366 Thread 0x000001c4d02e2170 Uncommon trap: trap_request=0xffffffde fr.pc=0x000001c4c021f150 relative=0x00000000000014d0
Event: 8.366 Thread 0x000001c4d02e2170 Uncommon trap: reason=class_check action=maybe_recompile pc=0x000001c4c021f150 method=java.io.DataInputStream.readUnsignedShort()I @ 6 c2
Event: 8.366 Thread 0x000001c4d02e2170 DEOPT PACKING pc=0x000001c4c021f150 sp=0x0000006ef84fb670
Event: 8.366 Thread 0x000001c4d02e2170 DEOPT UNPACKING pc=0x000001c4bfc666a3 sp=0x0000006ef84fb5f0 mode 2
Event: 8.368 Thread 0x000001c4d02e2170 Uncommon trap: trap_request=0xffffffde fr.pc=0x000001c4c0219f50 relative=0x00000000000002b0
Event: 8.368 Thread 0x000001c4d02e2170 Uncommon trap: reason=class_check action=maybe_recompile pc=0x000001c4c0219f50 method=java.io.DataInputStream.readUnsignedByte()I @ 4 c2
Event: 8.368 Thread 0x000001c4d02e2170 DEOPT PACKING pc=0x000001c4c0219f50 sp=0x0000006ef84fb7c0
Event: 8.368 Thread 0x000001c4d02e2170 DEOPT UNPACKING pc=0x000001c4bfc666a3 sp=0x0000006ef84fb718 mode 2
Event: 8.368 Thread 0x000001c4d02e2170 Uncommon trap: trap_request=0xffffffde fr.pc=0x000001c4c0219f50 relative=0x00000000000002b0
Event: 8.368 Thread 0x000001c4d02e2170 Uncommon trap: reason=class_check action=maybe_recompile pc=0x000001c4c0219f50 method=java.io.DataInputStream.readUnsignedByte()I @ 4 c2
Event: 8.368 Thread 0x000001c4d02e2170 DEOPT PACKING pc=0x000001c4c0219f50 sp=0x0000006ef84fb7c0
Event: 8.368 Thread 0x000001c4d02e2170 DEOPT UNPACKING pc=0x000001c4bfc666a3 sp=0x0000006ef84fb718 mode 2
Event: 8.368 Thread 0x000001c4d02e2170 Uncommon trap: trap_request=0xffffffde fr.pc=0x000001c4c021f150 relative=0x00000000000014d0
Event: 8.368 Thread 0x000001c4d02e2170 Uncommon trap: reason=class_check action=maybe_recompile pc=0x000001c4c021f150 method=java.io.DataInputStream.readUnsignedShort()I @ 6 c2
Event: 8.368 Thread 0x000001c4d02e2170 DEOPT PACKING pc=0x000001c4c021f150 sp=0x0000006ef84fb670
Event: 8.368 Thread 0x000001c4d02e2170 DEOPT UNPACKING pc=0x000001c4bfc666a3 sp=0x0000006ef84fb5f0 mode 2
Event: 8.369 Thread 0x000001c4d02e2170 Uncommon trap: trap_request=0xffffffde fr.pc=0x000001c4c021f150 relative=0x00000000000014d0
Event: 8.369 Thread 0x000001c4d02e2170 Uncommon trap: reason=class_check action=maybe_recompile pc=0x000001c4c021f150 method=java.io.DataInputStream.readUnsignedShort()I @ 6 c2
Event: 8.369 Thread 0x000001c4d02e2170 DEOPT PACKING pc=0x000001c4c021f150 sp=0x0000006ef84fb670
Event: 8.369 Thread 0x000001c4d02e2170 DEOPT UNPACKING pc=0x000001c4bfc666a3 sp=0x0000006ef84fb5f0 mode 2

Classes unloaded (0 events):
No events

Classes redefined (0 events):
No events

Internal exceptions (20 events):
Event: 2.039 Thread 0x000001c4b5a4fe60 Exception <a 'java/io/FileNotFoundException'{0x00000000ec10b350}> (0x00000000ec10b350) 
thrown [s\src\hotspot\share\prims\jni.cpp, line 516]
Event: 2.135 Thread 0x000001c4b5a4fe60 Implicit null exception at 0x000001c4c020bc00 to 0x000001c4c020c660
Event: 2.136 Thread 0x000001c4b5a4fe60 Implicit null exception at 0x000001c4c01fdf6c to 0x000001c4c01fe158
Event: 2.136 Thread 0x000001c4b5a4fe60 Implicit null exception at 0x000001c4c01ff66c to 0x000001c4c01ff854
Event: 2.136 Thread 0x000001c4b5a4fe60 Implicit null exception at 0x000001c4c01f938f to 0x000001c4c01f9409
Event: 2.244 Thread 0x000001c4b5a4fe60 Exception <a 'java/lang/NoSuchMethodError'{0x00000000ec3e5e58}: 'int java.lang.invoke.DirectMethodHandle$Holder.invokeStaticInit(java.lang.Object, java.lang.Object, java.lang.Object, java.lang.Object)'> (0x00000000ec3e5e58) 
thrown [s\src\hotspot\share\interpreter\linkResolver.cpp, line 759]
Event: 2.253 Thread 0x000001c4b5a4fe60 Exception <a 'java/lang/NoSuchMethodError'{0x00000000ec3f04c8}: 'java.lang.Object java.lang.invoke.DirectMethodHandle$Holder.invokeInterface(java.lang.Object, java.lang.Object)'> (0x00000000ec3f04c8) 
thrown [s\src\hotspot\share\interpreter\linkResolver.cpp, line 759]
Event: 2.254 Thread 0x000001c4b5a4fe60 Exception <a 'java/lang/IncompatibleClassChangeError'{0x00000000ec3f3cc0}: Found class java.lang.Object, but interface was expected> (0x00000000ec3f3cc0) 
thrown [s\src\hotspot\share\interpreter\linkResolver.cpp, line 826]
Event: 2.256 Thread 0x000001c4b5a4fe60 Exception <a 'java/lang/NoSuchMethodError'{0x00000000ec3f81b0}: 'void java.lang.invoke.DirectMethodHandle$Holder.invokeStatic(java.lang.Object, java.lang.Object)'> (0x00000000ec3f81b0) 
thrown [s\src\hotspot\share\interpreter\linkResolver.cpp, line 759]
Event: 2.259 Thread 0x000001c4b5a4fe60 Exception <a 'java/lang/NoSuchMethodError'{0x00000000ec3fb9b0}: 'void java.lang.invoke.DirectMethodHandle$Holder.invokeStaticInit(java.lang.Object, java.lang.Object)'> (0x00000000ec3fb9b0) 
thrown [s\src\hotspot\share\interpreter\linkResolver.cpp, line 759]
Event: 2.282 Thread 0x000001c4b5a4fe60 Exception <a 'java/lang/NoSuchMethodError'{0x00000000eab03168}: 'int java.lang.invoke.DirectMethodHandle$Holder.invokeStaticInit(java.lang.Object, java.lang.Object)'> (0x00000000eab03168) 
thrown [s\src\hotspot\share\interpreter\linkResolver.cpp, line 759]
Event: 2.446 Thread 0x000001c4b5a4fe60 Exception <a 'java/lang/NoSuchMethodError'{0x00000000eac2d698}: 'void java.lang.invoke.DirectMethodHandle$Holder.invokeSpecial(java.lang.Object, java.lang.Object, java.lang.Object)'> (0x00000000eac2d698) 
thrown [s\src\hotspot\share\interpreter\linkResolver.cpp, line 759]
Event: 3.190 Thread 0x000001c4b5a4fe60 Exception <a 'java/lang/NoSuchMethodError'{0x00000000eb91d010}: 'java.lang.Object java.lang.invoke.DirectMethodHandle$Holder.newInvokeSpecial(java.lang.Object, int, java.lang.Object)'> (0x00000000eb91d010) 
thrown [s\src\hotspot\share\interpreter\linkResolver.cpp, line 759]
Event: 7.539 Thread 0x000001c4b5a4fe60 Exception <a 'java/lang/UnsatisfiedLinkError'{0x00000000ebeead10}: 'void org.eclipse.equinox.launcher.JNIBridge._update_splash()'> (0x00000000ebeead10) 
thrown [s\src\hotspot\share\prims\nativeLookup.cpp, line 543]
Event: 7.631 Thread 0x000001c4d02e2170 Exception <a 'java/lang/NoSuchMethodError'{0x00000000ec16cfd8}: 'java.lang.Object java.lang.invoke.DirectMethodHandle$Holder.invokeStaticInit(java.lang.Object)'> (0x00000000ec16cfd8) 
thrown [s\src\hotspot\share\interpreter\linkResolver.cpp, line 759]
Event: 7.723 Thread 0x000001c4d02e2170 Exception <a 'java/lang/NullPointerException'{0x00000000ec2eeed0}> (0x00000000ec2eeed0) 
thrown [s\src\hotspot\share\interpreter\linkResolver.cpp, line 1350]
Event: 7.723 Thread 0x000001c4d02e2170 Exception <a 'java/lang/NullPointerException'{0x00000000ec2ef1a8}> (0x00000000ec2ef1a8) 
thrown [s\src\hotspot\share\interpreter\linkResolver.cpp, line 1350]
Event: 8.350 Thread 0x000001c4d02e2170 Exception <a 'java/io/FileNotFoundException'{0x00000000eb569e58}> (0x00000000eb569e58) 
thrown [s\src\hotspot\share\prims\jni.cpp, line 516]
Event: 8.454 Thread 0x000001c4d02e2170 Exception <a 'java/lang/NoSuchMethodError'{0x00000000eb733f18}: 'java.lang.Object java.lang.invoke.Invokers$Holder.invokeExact_MT(java.lang.Object, java.lang.Object, java.lang.Object, java.lang.Object, java.lang.Object, java.lang.Object)'> (0x00000000eb733f18) 
thrown [s\src\hotspot\share\interpreter\linkResolver.cpp, line 759]
Event: 8.529 Thread 0x000001c4d02e2170 Exception <a 'java/lang/NoSuchMethodError'{0x00000000eb858640}: 'java.lang.Object java.lang.invoke.Invokers$Holder.linkToTargetMethod(java.lang.Object, long, java.lang.Object)'> (0x00000000eb858640) 
thrown [s\src\hotspot\share\interpreter\linkResolver.cpp, line 759]

VM Operations (20 events):
Event: 1.501 Executing VM operation: HandshakeAllThreads
Event: 1.501 Executing VM operation: HandshakeAllThreads done
Event: 2.260 Executing VM operation: ParallelGCFailedAllocation
Event: 2.279 Executing VM operation: ParallelGCFailedAllocation done
Event: 3.131 Executing VM operation: HandshakeAllThreads
Event: 3.131 Executing VM operation: HandshakeAllThreads done
Event: 3.131 Executing VM operation: HandshakeAllThreads
Event: 3.131 Executing VM operation: HandshakeAllThreads done
Event: 3.145 Executing VM operation: HandshakeAllThreads
Event: 3.145 Executing VM operation: HandshakeAllThreads done
Event: 3.176 Executing VM operation: HandshakeAllThreads
Event: 3.176 Executing VM operation: HandshakeAllThreads done
Event: 4.186 Executing VM operation: Cleanup
Event: 4.187 Executing VM operation: Cleanup done
Event: 7.718 Executing VM operation: HandshakeAllThreads
Event: 7.718 Executing VM operation: HandshakeAllThreads done
Event: 7.718 Executing VM operation: Cleanup
Event: 7.718 Executing VM operation: Cleanup done
Event: 7.772 Executing VM operation: ParallelGCFailedAllocation
Event: 7.781 Executing VM operation: ParallelGCFailedAllocation done

Events (20 events):
Event: 7.918 loading class java/util/concurrent/locks/ReentrantLock$FairSync
Event: 7.918 loading class java/util/concurrent/locks/ReentrantLock$FairSync done
Event: 7.920 loading class java/util/Collections$ReverseComparator
Event: 7.920 loading class java/util/Collections$ReverseComparator done
Event: 8.020 loading class java/lang/CloneNotSupportedException
Event: 8.020 loading class java/lang/CloneNotSupportedException done
Event: 8.312 loading class java/util/TreeMap$Values
Event: 8.312 loading class java/util/TreeMap$Values done
Event: 8.312 loading class java/util/TreeMap$ValueIterator
Event: 8.313 loading class java/util/TreeMap$ValueIterator done
Event: 8.333 loading class java/nio/file/NoSuchFileException
Event: 8.333 loading class java/nio/file/FileSystemException
Event: 8.333 loading class java/nio/file/FileSystemException done
Event: 8.333 loading class java/nio/file/NoSuchFileException done
Event: 8.453 loading class java/lang/StackWalker$Option
Event: 8.453 loading class java/lang/StackWalker$Option done
Event: 8.456 loading class java/util/Comparators$NaturalOrderComparator
Event: 8.456 loading class java/util/Comparators$NaturalOrderComparator done
Event: 8.456 loading class java/util/Collections$ReverseComparator2
Event: 8.456 loading class java/util/Collections$ReverseComparator2 done


Dynamic libraries:
0x00007ff616950000 - 0x00007ff61695e000 	c:\Users\aerly-dell\.vscode\extensions\redhat.java-1.33.0-win32-x64\jre\17.0.11-win32-x86_64\bin\java.exe
0x00007ffcfea10000 - 0x00007ffcfec27000 	C:\WINDOWS\SYSTEM32\ntdll.dll
0x00007ffcfd6f0000 - 0x00007ffcfd7b4000 	C:\WINDOWS\System32\KERNEL32.DLL
0x00007ffcfc160000 - 0x00007ffcfc50d000 	C:\WINDOWS\System32\KERNELBASE.dll
0x00007ffcfbf60000 - 0x00007ffcfc071000 	C:\WINDOWS\System32\ucrtbase.dll
0x00007ffcf6620000 - 0x00007ffcf663b000 	c:\Users\aerly-dell\.vscode\extensions\redhat.java-1.33.0-win32-x64\jre\17.0.11-win32-x86_64\bin\VCRUNTIME140.dll
0x00007ffcf6480000 - 0x00007ffcf6497000 	c:\Users\aerly-dell\.vscode\extensions\redhat.java-1.33.0-win32-x64\jre\17.0.11-win32-x86_64\bin\jli.dll
0x00007ffcfdc20000 - 0x00007ffcfddce000 	C:\WINDOWS\System32\USER32.dll
0x00007ffcfc130000 - 0x00007ffcfc156000 	C:\WINDOWS\System32\win32u.dll
0x00007ffcf2c60000 - 0x00007ffcf2ef3000 	C:\WINDOWS\WinSxS\amd64_microsoft.windows.common-controls_6595b64144ccf1df_6.0.22621.3672_none_2713b9d173822955\COMCTL32.dll
0x00007ffcfcf30000 - 0x00007ffcfcf59000 	C:\WINDOWS\System32\GDI32.dll
0x00007ffcfbe40000 - 0x00007ffcfbf59000 	C:\WINDOWS\System32\gdi32full.dll
0x00007ffcfd630000 - 0x00007ffcfd6d7000 	C:\WINDOWS\System32\msvcrt.dll
0x00007ffcfbd30000 - 0x00007ffcfbdca000 	C:\WINDOWS\System32\msvcp_win.dll
0x00007ffcfcf60000 - 0x00007ffcfcf91000 	C:\WINDOWS\System32\IMM32.DLL
0x00007ffcf66a0000 - 0x00007ffcf66ac000 	c:\Users\aerly-dell\.vscode\extensions\redhat.java-1.33.0-win32-x64\jre\17.0.11-win32-x86_64\bin\vcruntime140_1.dll
0x00007ffcbcb40000 - 0x00007ffcbcbcd000 	c:\Users\aerly-dell\.vscode\extensions\redhat.java-1.33.0-win32-x64\jre\17.0.11-win32-x86_64\bin\msvcp140.dll
0x00007ffc88f00000 - 0x00007ffc89b62000 	c:\Users\aerly-dell\.vscode\extensions\redhat.java-1.33.0-win32-x64\jre\17.0.11-win32-x86_64\bin\server\jvm.dll
0x00007ffcfd7e0000 - 0x00007ffcfd892000 	C:\WINDOWS\System32\ADVAPI32.dll
0x00007ffcfd340000 - 0x00007ffcfd3e9000 	C:\WINDOWS\System32\sechost.dll
0x00007ffcfc080000 - 0x00007ffcfc0a8000 	C:\WINDOWS\System32\bcrypt.dll
0x00007ffcfe8b0000 - 0x00007ffcfe9c4000 	C:\WINDOWS\System32\RPCRT4.dll
0x00007ffcfabc0000 - 0x00007ffcfac0d000 	C:\WINDOWS\SYSTEM32\POWRPROF.dll
0x00007ffce57a0000 - 0x00007ffce57a9000 	C:\WINDOWS\SYSTEM32\WSOCK32.dll
0x00007ffcf70d0000 - 0x00007ffcf7104000 	C:\WINDOWS\SYSTEM32\WINMM.dll
0x00007ffcfd3f0000 - 0x00007ffcfd461000 	C:\WINDOWS\System32\WS2_32.dll
0x00007ffcf77f0000 - 0x00007ffcf77fa000 	C:\WINDOWS\SYSTEM32\VERSION.dll
0x00007ffcfaba0000 - 0x00007ffcfabb3000 	C:\WINDOWS\SYSTEM32\UMPDC.dll
0x00007ffcfae50000 - 0x00007ffcfae68000 	C:\WINDOWS\SYSTEM32\kernel.appcore.dll
0x00007ffcf62b0000 - 0x00007ffcf62ba000 	c:\Users\aerly-dell\.vscode\extensions\redhat.java-1.33.0-win32-x64\jre\17.0.11-win32-x86_64\bin\jimage.dll
0x00007ffcf9970000 - 0x00007ffcf9ba2000 	C:\WINDOWS\SYSTEM32\DBGHELP.DLL
0x00007ffcfcfb0000 - 0x00007ffcfd33d000 	C:\WINDOWS\System32\combase.dll
0x00007ffcfdf00000 - 0x00007ffcfdfd7000 	C:\WINDOWS\System32\OLEAUT32.dll
0x00007ffce25c0000 - 0x00007ffce25f2000 	C:\WINDOWS\SYSTEM32\dbgcore.DLL
0x00007ffcfc0b0000 - 0x00007ffcfc12b000 	C:\WINDOWS\System32\bcryptPrimitives.dll
0x00007ffcf62a0000 - 0x00007ffcf62ae000 	c:\Users\aerly-dell\.vscode\extensions\redhat.java-1.33.0-win32-x64\jre\17.0.11-win32-x86_64\bin\instrument.dll
0x00007ffcf6060000 - 0x00007ffcf6085000 	c:\Users\aerly-dell\.vscode\extensions\redhat.java-1.33.0-win32-x64\jre\17.0.11-win32-x86_64\bin\java.dll
0x00007ffcf71c0000 - 0x00007ffcf71d8000 	c:\Users\aerly-dell\.vscode\extensions\redhat.java-1.33.0-win32-x64\jre\17.0.11-win32-x86_64\bin\zip.dll
0x00007ffcfdfe0000 - 0x00007ffcfe847000 	C:\WINDOWS\System32\SHELL32.dll
0x00007ffcf9bb0000 - 0x00007ffcfa4ae000 	C:\WINDOWS\SYSTEM32\windows.storage.dll
0x00007ffcf9830000 - 0x00007ffcf996f000 	C:\WINDOWS\SYSTEM32\wintypes.dll
0x00007ffcfc9a0000 - 0x00007ffcfca99000 	C:\WINDOWS\System32\SHCORE.dll
0x00007ffcfe850000 - 0x00007ffcfe8ae000 	C:\WINDOWS\System32\shlwapi.dll
0x00007ffcfbc60000 - 0x00007ffcfbc81000 	C:\WINDOWS\SYSTEM32\profapi.dll
0x00007ffcee490000 - 0x00007ffcee4a9000 	C:\Users\aerly-dell\.vscode\extensions\redhat.java-1.33.0-win32-x64\jre\17.0.11-win32-x86_64\bin\net.dll
0x00007ffcf73f0000 - 0x00007ffcf7526000 	C:\WINDOWS\SYSTEM32\WINHTTP.dll
0x00007ffcfb2c0000 - 0x00007ffcfb329000 	C:\WINDOWS\system32\mswsock.dll
0x00007ffce41e0000 - 0x00007ffce41f6000 	C:\Users\aerly-dell\.vscode\extensions\redhat.java-1.33.0-win32-x64\jre\17.0.11-win32-x86_64\bin\nio.dll
0x00007ffcf71b0000 - 0x00007ffcf71c0000 	c:\Users\aerly-dell\.vscode\extensions\redhat.java-1.33.0-win32-x64\jre\17.0.11-win32-x86_64\bin\verify.dll
0x00007ffcd0f70000 - 0x00007ffcd0fb5000 	C:\Users\aerly-dell\AppData\Roaming\Code\User\globalStorage\redhat.java\1.33.0\config_ss_win\org.eclipse.equinox.launcher\org.eclipse.equinox.launcher.win32.win32.x86_64_1.2.1100.v20240722-2106\eclipse_11904.dll
0x00007ffcfc7f0000 - 0x00007ffcfc995000 	C:\WINDOWS\System32\ole32.dll

dbghelp: loaded successfully - version: 4.0.5 - missing functions: none
symbol engine: initialized successfully - sym options: 0x614 - pdb path: .;c:\Users\aerly-dell\.vscode\extensions\redhat.java-1.33.0-win32-x64\jre\17.0.11-win32-x86_64\bin;C:\WINDOWS\SYSTEM32;C:\WINDOWS\WinSxS\amd64_microsoft.windows.common-controls_6595b64144ccf1df_6.0.22621.3672_none_2713b9d173822955;c:\Users\aerly-dell\.vscode\extensions\redhat.java-1.33.0-win32-x64\jre\17.0.11-win32-x86_64\bin\server;C:\Users\aerly-dell\AppData\Roaming\Code\User\globalStorage\redhat.java\1.33.0\config_ss_win\org.eclipse.equinox.launcher\org.eclipse.equinox.launcher.win32.win32.x86_64_1.2.1100.v20240722-2106

VM Arguments:
jvm_args: --add-modules=ALL-SYSTEM --add-opens=java.base/java.util=ALL-UNNAMED --add-opens=java.base/java.lang=ALL-UNNAMED --add-opens=java.base/sun.nio.fs=ALL-UNNAMED -Declipse.application=org.eclipse.jdt.ls.core.id1 -Dosgi.bundles.defaultStartLevel=4 -Declipse.product=org.eclipse.jdt.ls.core.product -Djava.import.generatesMetadataFilesAtProjectRoot=false -DDetectVMInstallationsJob.disabled=true -Dfile.encoding=utf8 -XX:+UseParallelGC -XX:GCTimeRatio=4 -XX:AdaptiveSizePolicyWeight=90 -Dsun.zip.disableMemoryMapping=true -Xmx1G -Xms100m -Xlog:disable -javaagent:c:\Users\aerly-dell\.vscode\extensions\redhat.java-1.33.0-win32-x64\lombok\lombok-1.18.33.jar 
java_command: c:\Users\aerly-dell\.vscode\extensions\redhat.java-1.33.0-win32-x64\server\plugins\org.eclipse.equinox.launcher_1.6.900.v20240613-2009.jar -configuration c:\Users\aerly-dell\AppData\Roaming\Code\User\globalStorage\redhat.java\1.33.0\config_ss_win -data c:\Users\aerly-dell\AppData\Roaming\Code\User\workspaceStorage\1df32e0479fcebfbd7f56126d49bde33\redhat.java\ss_ws --pipe=\\.\pipe\lsp-045b41b3d0507f43122d947fbfa33ee6-sock
java_class_path (initial): c:\Users\aerly-dell\.vscode\extensions\redhat.java-1.33.0-win32-x64\server\plugins\org.eclipse.equinox.launcher_1.6.900.v20240613-2009.jar
Launcher Type: SUN_STANDARD

[Global flags]
    uintx AdaptiveSizePolicyWeight                 = 90                                        {product} {command line}
     intx CICompilerCount                          = 4                                         {product} {ergonomic}
    uintx GCTimeRatio                              = 4                                         {product} {command line}
   size_t InitialHeapSize                          = 104857600                                 {product} {command line}
   size_t MaxHeapSize                              = 1073741824                                {product} {command line}
   size_t MaxNewSize                               = 357564416                                 {product} {ergonomic}
   size_t MinHeapDeltaBytes                        = 524288                                    {product} {ergonomic}
   size_t MinHeapSize                              = 104857600                                 {product} {command line}
   size_t NewSize                                  = 34603008                                  {product} {ergonomic}
    uintx NonNMethodCodeHeapSize                   = 5839372                                {pd product} {ergonomic}
    uintx NonProfiledCodeHeapSize                  = 122909434                              {pd product} {ergonomic}
   size_t OldSize                                  = 70254592                                  {product} {ergonomic}
    uintx ProfiledCodeHeapSize                     = 122909434                              {pd product} {ergonomic}
    uintx ReservedCodeCacheSize                    = 251658240                              {pd product} {ergonomic}
     bool SegmentedCodeCache                       = true                                      {product} {ergonomic}
   size_t SoftMaxHeapSize                          = 1073741824                             {manageable} {ergonomic}
     bool UseCompressedClassPointers               = true                           {product lp64_product} {ergonomic}
     bool UseCompressedOops                        = true                           {product lp64_product} {ergonomic}
     bool UseLargePagesIndividualAllocation        = false                                  {pd product} {ergonomic}
     bool UseParallelGC                            = true                                      {product} {command line}

Logging:
Log output configuration:
 #0: stdout all=off uptime,level,tags
 #1: stderr all=off uptime,level,tags

Environment Variables:
JAVA_HOME=D:\java\jdk14
PATH=C:\Python312\Scripts\;C:\Python312\;C:\WINDOWS\system32;C:\WINDOWS;C:\WINDOWS\System32\Wbem;C:\WINDOWS\System32\WindowsPowerShell\v1.0\;C:\WINDOWS\System32\OpenSSH\;C:\Program Files\Microsoft SQL Server\150\Tools\Binn\;C:\Program Files\Microsoft SQL Server\Client SDK\ODBC\170\Tools\Binn\;C:\Program Files\dotnet\;D:\Program Files\Microsoft Visual Studio\2022\Community\Common7\IDE\CommonExtensions\Microsoft\TeamFoundation\Team Explorer\Git\mingw64\bin;D:\java\jdk14\bin;D:\java\jdk14\bin;D:\apache-maven\bin;C:\Program Files\nodejs\;C:\ProgramData\chocolatey\bin;C:\Users\aerly-dell\AppData\Local\Microsoft\WindowsApps;C:\Users\aerly-dell\AppData\Local\Programs\Microsoft VS Code\bin;C:\Users\aerly-dell\.dotnet\tools;D:\Program Files\Microsoft Visual Studio\2022\Community\Common7\IDE\CommonExtensions\Microsoft\TeamFoundation\Team Explorer\Git\mingw64\bin;C:\Users\aerly-dell\AppData\Roaming\npm
USERNAME=aerly-dell
OS=Windows_NT
PROCESSOR_IDENTIFIER=Intel64 Family 6 Model 142 Stepping 10, GenuineIntel
TMP=C:\Users\AERLY-~1\AppData\Local\Temp
TEMP=C:\Users\AERLY-~1\AppData\Local\Temp



Periodic native trim disabled


---------------  S Y S T E M  ---------------

OS:
 Windows 11 , 64 bit Build 22621 (10.0.22621.3958)
OS uptime: 12 days 3:31 hours

CPU: total 8 (initial active 8) (4 cores per cpu, 2 threads per core) family 6 model 142 stepping 10 microcode 0xea, cx8, cmov, fxsr, ht, mmx, 3dnowpref, sse, sse2, sse3, ssse3, sse4.1, sse4.2, popcnt, lzcnt, tsc, tscinvbit, avx, avx2, aes, erms, clmul, bmi1, bmi2, adx, fma, vzeroupper, clflush, clflushopt
Processor Information for all 8 processors :
  Max Mhz: 1800, Current Mhz: 1600, Mhz Limit: 1584

Memory: 4k page, system-wide physical 16281M (3929M free)
TotalPageFile size 29367M (AvailPageFile size 0M)
current process WorkingSet (physical memory assigned to process): 94M, peak: 94M
current process commit charge ("private bytes"): 209M, peak: 209M

vm_info: OpenJDK 64-Bit Server VM (17.0.11+9) for windows-amd64 JRE (17.0.11+9), built on Apr 17 2024 06:07:48 by "admin" with MS VC++ 16.10 / 16.11 (VS2019)

END.
