#
# There is insufficient memory for the Java Runtime Environment to continue.
# Native memory allocation (mmap) failed to map 65536 bytes. Error detail: Failed to commit metaspace.
# Possible reasons:
#   The system is out of physical RAM or swap space
#   This process is running with CompressedOops enabled, and the Java Heap may be blocking the growth of the native heap
# Possible solutions:
#   Reduce memory load on the system
#   Increase physical memory or swap space
#   Check if swap backing store is full
#   Decrease Java heap size (-Xmx/-Xms)
#   Decrease number of Java threads
#   Decrease Java thread stack sizes (-Xss)
#   Set larger code cache with -XX:ReservedCodeCacheSize=
#   JVM is running with Unscaled Compressed Oops mode in which the Java heap is
#     placed in the first 4GB address space. The Java Heap base address is the
#     maximum limit for the native heap growth. Please use -XX:HeapBaseMinAddress
#     to set the Java Heap base and to place the Java Heap above 4GB virtual address.
# This output file may be truncated or incomplete.
#
#  Out of Memory Error (virtualSpaceNode.cpp:110), pid=16884, tid=24632
#
# JRE version: OpenJDK Runtime Environment Temurin-17.0.11+9 (17.0.11+9) (build 17.0.11+9)
# Java VM: OpenJDK 64-Bit Server VM Temurin-17.0.11+9 (17.0.11+9, mixed mode, tiered, compressed oops, compressed class ptrs, parallel gc, windows-amd64)
# No core dump will be written. Minidumps are not enabled by default on client versions of Windows
#

---------------  S U M M A R Y ------------

Command Line: --add-modules=ALL-SYSTEM --add-opens=java.base/java.util=ALL-UNNAMED --add-opens=java.base/java.lang=ALL-UNNAMED --add-opens=java.base/sun.nio.fs=ALL-UNNAMED -Declipse.application=org.eclipse.jdt.ls.core.id1 -Dosgi.bundles.defaultStartLevel=4 -Declipse.product=org.eclipse.jdt.ls.core.product -Djava.import.generatesMetadataFilesAtProjectRoot=false -DDetectVMInstallationsJob.disabled=true -Dfile.encoding=utf8 -XX:+UseParallelGC -XX:GCTimeRatio=4 -XX:AdaptiveSizePolicyWeight=90 -Dsun.zip.disableMemoryMapping=true -Xmx1G -Xms100m -Xlog:disable -javaagent:c:\Users\aerly-dell\.vscode\extensions\redhat.java-1.33.0-win32-x64\lombok\lombok-1.18.33.jar -XX:+HeapDumpOnOutOfMemoryError -XX:HeapDumpPath=c:\Users\aerly-dell\AppData\Roaming\Code\User\workspaceStorage\1df32e0479fcebfbd7f56126d49bde33\redhat.java -Daether.dependencyCollector.impl=bf c:\Users\aerly-dell\.vscode\extensions\redhat.java-1.33.0-win32-x64\server\plugins\org.eclipse.equinox.launcher_1.6.900.v20240613-2009.jar -configuration c:\Users\aerly-dell\AppData\Roaming\Code\User\globalStorage\redhat.java\1.33.0\config_win -data c:\Users\aerly-dell\AppData\Roaming\Code\User\workspaceStorage\1df32e0479fcebfbd7f56126d49bde33\redhat.java\jdt_ws --pipe=\\.\pipe\lsp-f2c2b91569ffc735ef6409ba92ae3de3-sock

Host: Intel(R) Core(TM) i5-8250U CPU @ 1.60GHz, 8 cores, 15G,  Windows 11 , 64 bit Build 22621 (10.0.22621.3958)
Time: Fri Aug  9 00:09:54 2024  Windows 11 , 64 bit Build 22621 (10.0.22621.3958) elapsed time: 8.780204 seconds (0d 0h 0m 8s)

---------------  T H R E A D  ---------------

Current thread (0x00000294fd416050):  JavaThread "Framework Event Dispatcher: Equinox Container: b00c0058-f702-4676-b324-9afa26cbca8a" daemon [_thread_in_vm, id=24632, stack(0x000000ca21200000,0x000000ca21300000)]

Stack: [0x000000ca21200000,0x000000ca21300000]
Native frames: (J=compiled Java code, j=interpreted, Vv=VM code, C=native code)
V  [jvm.dll+0x67d429]
V  [jvm.dll+0x834b7a]
V  [jvm.dll+0x83663e]
V  [jvm.dll+0x836ca3]
V  [jvm.dll+0x247dbf]
V  [jvm.dll+0x83083b]
V  [jvm.dll+0x621d56]
V  [jvm.dll+0x1c1b3e]
V  [jvm.dll+0x6246b1]
V  [jvm.dll+0x6226f6]
V  [jvm.dll+0x2456cc]
V  [jvm.dll+0x6d424d]
V  [jvm.dll+0x6d4c8f]
V  [jvm.dll+0x3734b4]
V  [jvm.dll+0x372534]
V  [jvm.dll+0x3724d8]
V  [jvm.dll+0x5647f5]
V  [jvm.dll+0x563704]
V  [jvm.dll+0x386582]
V  [jvm.dll+0x385bef]
C  0x0000029487549d83

The last pc belongs to invokestatic (printed below).
Java frames: (J=compiled Java code, j=interpreted, Vv=VM code)
j  sun.util.locale.provider.CalendarDataUtility.retrieveFirstDayOfWeek(Ljava/util/Locale;)I+258 java.base@17.0.11
j  java.util.Calendar.setWeekCountData(Ljava/util/Locale;)V+24 java.base@17.0.11
j  java.util.Calendar.<init>(Ljava/util/TimeZone;Ljava/util/Locale;)V+55 java.base@17.0.11
j  java.util.GregorianCalendar.<init>(Ljava/util/TimeZone;Ljava/util/Locale;Z)V+3 java.base@17.0.11
j  java.util.Calendar$Builder.build()Ljava/util/Calendar;+249 java.base@17.0.11
j  sun.util.locale.provider.CalendarProviderImpl.getInstance(Ljava/util/TimeZone;Ljava/util/Locale;)Ljava/util/Calendar;+21 java.base@17.0.11
j  java.util.Calendar.createCalendar(Ljava/util/TimeZone;Ljava/util/Locale;)Ljava/util/Calendar;+18 java.base@17.0.11
j  java.util.Calendar.getInstance()Ljava/util/Calendar;+12 java.base@17.0.11
j  org.eclipse.osgi.internal.log.EquinoxLogWriter.getDate(Ljava/util/Date;)Ljava/lang/String;+0
j  org.eclipse.osgi.internal.log.EquinoxLogWriter.getSessionTimestamp()Ljava/lang/String;+26
j  org.eclipse.osgi.internal.log.EquinoxLogWriter.writeSession()V+11
j  org.eclipse.osgi.internal.log.EquinoxLogWriter.log(Lorg/eclipse/osgi/framework/log/FrameworkLogEntry;)V+34
j  org.eclipse.osgi.internal.log.EquinoxLogWriter.logged(Lorg/osgi/service/log/LogEntry;)V+72
j  org.eclipse.osgi.internal.log.ExtendedLogReaderServiceFactory.safeLogged(Lorg/osgi/service/log/LogListener;Lorg/osgi/service/log/LogEntry;)V+2
j  org.eclipse.osgi.internal.log.ExtendedLogReaderServiceFactory.logPrivileged(Lorg/osgi/framework/Bundle;Ljava/lang/String;Ljava/lang/StackTraceElement;Ljava/lang/Object;Lorg/osgi/service/log/LogLevel;ILjava/lang/String;Lorg/osgi/framework/ServiceReference;Ljava/lang/Throwable;)V+185
j  org.eclipse.osgi.internal.log.ExtendedLogReaderServiceFactory.log(Lorg/osgi/framework/Bundle;Ljava/lang/String;Ljava/lang/StackTraceElement;Ljava/lang/Object;Lorg/osgi/service/log/LogLevel;ILjava/lang/String;Lorg/osgi/framework/ServiceReference;Ljava/lang/Throwable;)V+52
j  org.eclipse.osgi.internal.log.ExtendedLogServiceFactory.log(Lorg/osgi/framework/Bundle;Ljava/lang/String;Ljava/lang/StackTraceElement;Ljava/lang/Object;Lorg/osgi/service/log/LogLevel;ILjava/lang/String;Lorg/osgi/framework/ServiceReference;Ljava/lang/Throwable;)V+19
j  org.eclipse.osgi.internal.log.LoggerImpl.log(Lorg/osgi/framework/Bundle;Ljava/lang/Object;Lorg/osgi/service/log/LogLevel;ILjava/lang/String;Lorg/osgi/framework/ServiceReference;Ljava/lang/Throwable;)V+48
j  org.eclipse.osgi.internal.log.LogServiceManager.frameworkEvent(Lorg/osgi/framework/FrameworkEvent;)V+142
j  org.eclipse.osgi.internal.framework.BundleContextImpl.dispatchEvent(Ljava/lang/Object;Ljava/lang/Object;ILjava/lang/Object;)V+385
j  org.eclipse.osgi.framework.eventmgr.EventManager.dispatchEvent(Ljava/util/Set;Lorg/eclipse/osgi/framework/eventmgr/EventDispatcher;ILjava/lang/Object;)V+48
j  org.eclipse.osgi.framework.eventmgr.EventManager$EventThread.run()V+26
v  ~StubRoutines::call_stub
invokestatic  184 invokestatic  [0x0000029487549ce0, 0x0000029487549fc0]  736 bytes
[MachCode]
  0x0000029487549ce0: 4883 ec08 | c5fa 1104 | 24eb 1f48 | 83ec 10c5 | fb11 0424 | eb14 4883 | ec10 4889 | 0424 48c7 
  0x0000029487549d00: 4424 0800 | 0000 00eb | 0150 4c89 | 6dc0 410f | b755 0148 | 8b4d d0c1 | e202 8b5c | d120 c1eb 
  0x0000029487549d20: 1081 e3ff | 0000 0081 | fbb8 0000 | 000f 84b6 | 0000 00bb | b800 0000 | e805 0000 | 00e9 9b00 
  0x0000029487549d40: 0000 488b | d348 8d44 | 2408 4c89 | 6dc0 498b | cfc5 f877 | 4989 afa8 | 0200 0049 | 8987 9802 
  0x0000029487549d60: 0000 4883 | ec20 f7c4 | 0f00 0000 | 0f84 1a00 | 0000 4883 | ec08 49ba | 805b 2889 | fc7f 0000 
  0x0000029487549d80: 41ff d248 | 83c4 08e9 | 0d00 0000 | 49ba 805b | 2889 fc7f | 0000 41ff | d248 83c4 | 2049 c787 
  0x0000029487549da0: 9802 0000 | 0000 0000 | 49c7 87a8 | 0200 0000 | 0000 0049 | c787 a002 | 0000 0000 | 0000 c5f8 
  0x0000029487549dc0: 7749 817f | 0800 0000 | 000f 8405 | 0000 00e9 | 2c71 feff | 4c8b 6dc0 | 4c8b 75c8 | c341 0fb7 
  0x0000029487549de0: 5501 488b | 4dd0 c1e2 | 0248 8b5c | d128 488b | 5b08 488b | 5b08 488b | 5b18 80bb | 3301 0000 
  0x0000029487549e00: 040f 840d | 0000 004c | 3bbb 3801 | 0000 0f85 | 1fff ffff | 488b 5cd1 | 288b 54d1 | 38c1 ea1c 
  0x0000029487549e20: 49ba e060 | aa89 fc7f | 0000 498b | 14d2 5248 | 8b45 d848 | 85c0 0f84 | 1200 0000 | 4883 4008 
  0x0000029487549e40: 0148 8358 | 0800 4883 | c010 4889 | 45d8 488b | 45d8 4885 | c00f 8445 | 0100 0080 | 78f0 0a0f 
  0x0000029487549e60: 853b 0100 | 0048 83c0 | 084c 8b68 | f841 83ed | 0041 83fd | 020f 8c1a | 0100 004c | 8b6b 0845 
  0x0000029487549e80: 0fb7 6d2c | 4c2b 2841 | 83ed 014e | 8b6c ec08 | 4d85 ed75 | 1248 f740 | 0801 0000 | 0075 58f0 
  0x0000029487549ea0: 4883 4808 | 01eb 5045 | 8b6d 0849 | c1e5 034d | 8bd5 4c33 | 6808 49f7 | c5fc ffff | ff74 3849 
  0x0000029487549ec0: f7c5 0200 | 0000 752f | 4881 7808 | 0000 0000 | 7421 4881 | 7808 0100 | 0000 7417 | 4d8b ea4c 
  0x0000029487549ee0: 3368 0849 | f7c5 fcff | ffff 740b | 4883 4808 | 02eb 044c | 8968 0848 | 83c0 104c | 8b68 e841 
  0x0000029487549f00: 83ed 0241 | 83fd 020f | 8c88 0000 | 004c 8b6b | 0845 0fb7 | 6d2c 4c2b | 2841 83ed | 014e 8b6c 
  0x0000029487549f20: ec08 4d85 | ed75 1248 | f740 0801 | 0000 0075 | 58f0 4883 | 4808 01eb | 5045 8b6d | 0849 c1e5 
  0x0000029487549f40: 034d 8bd5 | 4c33 6808 | 49f7 c5fc | ffff ff74 | 3849 f7c5 | 0200 0000 | 752f 4881 | 7808 0000 
  0x0000029487549f60: 0000 7421 | 4881 7808 | 0100 0000 | 7417 4d8b | ea4c 3368 | 0849 f7c5 | fcff ffff | 740b 4883 
  0x0000029487549f80: 4808 02eb | 044c 8968 | 0848 83c0 | 104c 8b68 | d841 83ed | 0441 c1e5 | 0349 03c5 | 4889 45d8 
  0x0000029487549fa0: 4c8d 6c24 | 084c 896d | f0ff 6350 | 0f1f 4000 | 0000 0000 | 0000 0000 | 0000 0000 | 0000 0000 
[/MachCode]

---------------  P R O C E S S  ---------------

Threads class SMR info:
_java_thread_list=0x00000294fce7dce0, length=15, elements={
0x00000294f1a31990, 0x00000294f68b7020, 0x00000294f68b9560, 0x00000294fba08f30,
0x00000294fba09a60, 0x00000294fba0a7f0, 0x00000294fba0e840, 0x00000294fba11500,
0x00000294fba73230, 0x00000294fba75760, 0x00000294f1a92870, 0x00000294fbd34120,
0x00000294fd3e96e0, 0x00000294fd416050, 0x00000294fd4169b0
}

Java Threads: ( => current thread )
  0x00000294f1a31990 JavaThread "main" [_thread_in_vm, id=5788, stack(0x000000ca1fd00000,0x000000ca1fe00000)]
  0x00000294f68b7020 JavaThread "Reference Handler" daemon [_thread_blocked, id=22656, stack(0x000000ca20000000,0x000000ca20100000)]
  0x00000294f68b9560 JavaThread "Finalizer" daemon [_thread_blocked, id=16752, stack(0x000000ca20100000,0x000000ca20200000)]
  0x00000294fba08f30 JavaThread "Signal Dispatcher" daemon [_thread_blocked, id=23264, stack(0x000000ca20200000,0x000000ca20300000)]
  0x00000294fba09a60 JavaThread "Attach Listener" daemon [_thread_blocked, id=5720, stack(0x000000ca20300000,0x000000ca20400000)]
  0x00000294fba0a7f0 JavaThread "Service Thread" daemon [_thread_blocked, id=22132, stack(0x000000ca20400000,0x000000ca20500000)]
  0x00000294fba0e840 JavaThread "Monitor Deflation Thread" daemon [_thread_blocked, id=23232, stack(0x000000ca20500000,0x000000ca20600000)]
  0x00000294fba11500 JavaThread "C2 CompilerThread0" daemon [_thread_blocked, id=21760, stack(0x000000ca20600000,0x000000ca20700000)]
  0x00000294fba73230 JavaThread "C1 CompilerThread0" daemon [_thread_in_vm, id=9928, stack(0x000000ca20700000,0x000000ca20800000)]
  0x00000294fba75760 JavaThread "Sweeper thread" daemon [_thread_blocked, id=16940, stack(0x000000ca20800000,0x000000ca20900000)]
  0x00000294f1a92870 JavaThread "Common-Cleaner" daemon [_thread_blocked, id=25492, stack(0x000000ca20900000,0x000000ca20a00000)]
  0x00000294fbd34120 JavaThread "Notification Thread" daemon [_thread_blocked, id=4764, stack(0x000000ca20a00000,0x000000ca20b00000)]
  0x00000294fd3e96e0 JavaThread "Active Thread: Equinox Container: b00c0058-f702-4676-b324-9afa26cbca8a" [_thread_blocked, id=19148, stack(0x000000ca21300000,0x000000ca21400000)]
=>0x00000294fd416050 JavaThread "Framework Event Dispatcher: Equinox Container: b00c0058-f702-4676-b324-9afa26cbca8a" daemon [_thread_in_vm, id=24632, stack(0x000000ca21200000,0x000000ca21300000)]
  0x00000294fd4169b0 JavaThread "Start Level: Equinox Container: b00c0058-f702-4676-b324-9afa26cbca8a" daemon [_thread_in_native, id=12364, stack(0x000000ca21400000,0x000000ca21500000)]

Other Threads:
  0x00000294f1ad67a0 VMThread "VM Thread" [stack: 0x000000ca1ff00000,0x000000ca20000000] [id=20568]
  0x00000294fbcf07d0 WatcherThread [stack: 0x000000ca20b00000,0x000000ca20c00000] [id=16312]
  0x00000294f1a46ed0 GCTaskThread "GC Thread#0" [stack: 0x000000ca1fe00000,0x000000ca1ff00000] [id=7440]
  0x00000294fd0a36b0 GCTaskThread "GC Thread#1" [stack: 0x000000ca20c00000,0x000000ca20d00000] [id=4624]
  0x00000294fce53440 GCTaskThread "GC Thread#2" [stack: 0x000000ca20d00000,0x000000ca20e00000] [id=13712]
  0x00000294fce53700 GCTaskThread "GC Thread#3" [stack: 0x000000ca20e00000,0x000000ca20f00000] [id=10736]
  0x00000294fce539c0 GCTaskThread "GC Thread#4" [stack: 0x000000ca20f00000,0x000000ca21000000] [id=6784]
  0x00000294fcfa8ac0 GCTaskThread "GC Thread#5" [stack: 0x000000ca21000000,0x000000ca21100000] [id=23508]
  0x00000294fcfa8d80 GCTaskThread "GC Thread#6" [stack: 0x000000ca21100000,0x000000ca21200000] [id=22416]
  0x00000294fbba5380 GCTaskThread "GC Thread#7" [stack: 0x000000ca21500000,0x000000ca21600000] [id=22136]

Threads with active compile tasks:
C1 CompilerThread0     8892 1853       3       jdk.internal.reflect.ClassFileAssembler::setStack (25 bytes)

VM state: not at safepoint (normal execution)

VM Mutex/Monitor currently owned by a thread:  ([mutex/lock_event])
[0x00000294f1a2c350] Metaspace_lock - owner thread: 0x00000294fd416050
[0x00000294f1a2dfc0] MethodData_lock - owner thread: 0x00000294fba73230

Heap address: 0x00000000c0000000, size: 1024 MB, Compressed Oops mode: 32-bit

CDS archive(s) not mapped
Compressed class space mapped at: 0x0000000100000000-0x0000000140000000, reserved size: 1073741824
Narrow klass base: 0x0000000000000000, Narrow klass shift: 3, Narrow klass range: 0x140000000

GC Precious Log:
 CPUs: 8 total, 8 available
 Memory: 16281M
 Large Page Support: Disabled
 NUMA Support: Disabled
 Compressed Oops: Enabled (32-bit)
 Alignments: Space 512K, Generation 512K, Heap 2M
 Heap Min Capacity: 100M
 Heap Initial Capacity: 100M
 Heap Max Capacity: 1G
 Pre-touch: Disabled
 Parallel Workers: 8

Heap:
 PSYoungGen      total 29696K, used 13141K [0x00000000eab00000, 0x00000000ecc00000, 0x0000000100000000)
  eden space 25600K, 35% used [0x00000000eab00000,0x00000000eb3dc4a0,0x00000000ec400000)
  from space 4096K, 99% used [0x00000000ec800000,0x00000000ecbf8f90,0x00000000ecc00000)
  to   space 4096K, 0% used [0x00000000ec400000,0x00000000ec400000,0x00000000ec800000)
 ParOldGen       total 68608K, used 1492K [0x00000000c0000000, 0x00000000c4300000, 0x00000000eab00000)
  object space 68608K, 2% used [0x00000000c0000000,0x00000000c0175370,0x00000000c4300000)
 Metaspace       used 15865K, committed 16064K, reserved 1114112K
  class space    used 1600K, committed 1728K, reserved 1048576K

Card table byte_map: [0x00000294f13c0000,0x00000294f15d0000] _byte_map_base: 0x00000294f0dc0000

Marking Bits: (ParMarkBitMap*) 0x00007ffc89a9d820
 Begin Bits: [0x00000294f46c0000, 0x00000294f56c0000)
 End Bits:   [0x00000294f56c0000, 0x00000294f66c0000)

Polling page: 0x00000294ef820000

Metaspace:

Usage:
  Non-class:     13.93 MB used.
      Class:      1.56 MB used.
       Both:     15.49 MB used.

Virtual space:
  Non-class space:       64.00 MB reserved,      14.00 MB ( 22%) committed,  1 nodes.
      Class space:        1.00 GB reserved,       1.69 MB ( <1%) committed,  1 nodes.
             Both:        1.06 GB reserved,      15.69 MB (  1%) committed. 

Chunk freelists:
   Non-Class:  1.00 MB
       Class:  14.37 MB
        Both:  15.37 MB

MaxMetaspaceSize: unlimited
CompressedClassSpaceSize: 1.00 GB
Initial GC threshold: 21.00 MB
Current GC threshold: 21.00 MB
CDS: off
MetaspaceReclaimPolicy: balanced
 - commit_granule_bytes: 65536.
 - commit_granule_words: 8192.
 - virtual_space_node_default_size: 8388608.
 - enlarge_chunks_in_place: 1.
 - new_chunks_are_fully_committed: 0.
 - uncommit_free_chunks: 1.
 - use_allocation_guard: 0.
 - handle_deallocations: 1.


Internal statistics:

num_allocs_failed_limit: 0.
num_arena_births: 100.
num_arena_deaths: 0.
num_vsnodes_births: 2.
num_vsnodes_deaths: 0.
num_space_committed: 251.
num_space_uncommitted: 0.
num_chunks_returned_to_freelist: 0.
num_chunks_taken_from_freelist: 320.
num_chunk_merges: 0.
num_chunk_splits: 201.
num_chunks_enlarged: 144.
num_inconsistent_stats: 0.

CodeHeap 'non-profiled nmethods': size=120000Kb used=836Kb max_used=836Kb free=119164Kb
 bounds [0x0000029487ad0000, 0x0000029487d40000, 0x000002948f000000]
CodeHeap 'profiled nmethods': size=120000Kb used=3368Kb max_used=3368Kb free=116631Kb
 bounds [0x0000029480000000, 0x0000029480350000, 0x0000029487530000]
CodeHeap 'non-nmethods': size=5760Kb used=1167Kb max_used=1193Kb free=4592Kb
 bounds [0x0000029487530000, 0x00000294877a0000, 0x0000029487ad0000]
 total_blobs=2316 nmethods=1851 adapters=379
 compilation: enabled
              stopped_count=0, restarted_count=0
 full_count=0

Compilation events (20 events):
Event: 8.017 Thread 0x00000294fba73230 nmethod 1845 0x0000029480348190 code [0x0000029480348360, 0x00000294803486d8]
Event: 8.020 Thread 0x00000294fba73230 1848       1       org.eclipse.osgi.internal.framework.EquinoxConfiguration::getHookRegistry (5 bytes)
Event: 8.020 Thread 0x00000294fba73230 nmethod 1848 0x0000029487b98c10 code [0x0000029487b98da0, 0x0000029487b98e78]
Event: 8.022 Thread 0x00000294fba11500 nmethod 1811 0x0000029487b98f10 code [0x0000029487b99100, 0x0000029487b9a1f8]
Event: 8.022 Thread 0x00000294fba11500 1833       4       java.lang.String::equalsIgnoreCase (45 bytes)
Event: 8.042 Thread 0x00000294fcfe4900 nmethod 1819 0x0000029487b9ae10 code [0x0000029487b9b000, 0x0000029487b9c1f8]
Event: 8.042 Thread 0x00000294fcfe4900 1828   !   4       java.util.zip.ZipFile$Source::checkAndAddEntry (262 bytes)
Event: 8.050 Thread 0x00000294fba11500 nmethod 1833 0x0000029487b9ce90 code [0x0000029487b9d040, 0x0000029487b9d8d8]
Event: 8.050 Thread 0x00000294fba11500 1829       4       java.util.zip.ZipFile$Source::isMetaName (141 bytes)
Event: 8.053 Thread 0x00000294fba11500 nmethod 1829 0x0000029487b9de10 code [0x0000029487b9dfa0, 0x0000029487b9e218]
Event: 8.053 Thread 0x00000294fba11500 1830       4       java.util.zip.ZipFile$Source::nextEntryPos (22 bytes)
Event: 8.055 Thread 0x00000294fba11500 nmethod 1830 0x0000029487b9e410 code [0x0000029487b9e580, 0x0000029487b9e6b8]
Event: 8.055 Thread 0x00000294fba11500 1831  s    4       java.io.BufferedInputStream::mark (14 bytes)
Event: 8.057 Thread 0x00000294fba11500 nmethod 1831 0x0000029487b9e810 code [0x0000029487b9e980, 0x0000029487b9eb38]
Event: 8.060 Thread 0x00000294fcfe4900 nmethod 1828 0x0000029487b9ec10 code [0x0000029487b9edc0, 0x0000029487b9f568]
Event: 8.293 Thread 0x00000294fba73230 1849       1       sun.nio.fs.WindowsFileSystem::provider (5 bytes)
Event: 8.293 Thread 0x00000294fba73230 nmethod 1849 0x0000029487b9fc10 code [0x0000029487b9fda0, 0x0000029487b9fe78]
Event: 8.632 Thread 0x00000294fba11500 1850       4       java.lang.StringLatin1::regionMatchesCI (98 bytes)
Event: 8.643 Thread 0x00000294fba73230 1852       3       java.lang.invoke.MethodHandles$Lookup::checkSecurityManager (97 bytes)
Event: 8.645 Thread 0x00000294fba73230 nmethod 1852 0x0000029480348810 code [0x0000029480348b20, 0x0000029480349b78]

GC Heap History (4 events):
Event: 2.230 GC heap before
{Heap before GC invocations=1 (full 0):
 PSYoungGen      total 29696K, used 25600K [0x00000000eab00000, 0x00000000ecc00000, 0x0000000100000000)
  eden space 25600K, 100% used [0x00000000eab00000,0x00000000ec400000,0x00000000ec400000)
  from space 4096K, 0% used [0x00000000ec800000,0x00000000ec800000,0x00000000ecc00000)
  to   space 4096K, 0% used [0x00000000ec400000,0x00000000ec400000,0x00000000ec800000)
 ParOldGen       total 68608K, used 0K [0x00000000c0000000, 0x00000000c4300000, 0x00000000eab00000)
  object space 68608K, 0% used [0x00000000c0000000,0x00000000c0000000,0x00000000c4300000)
 Metaspace       used 10940K, committed 11136K, reserved 1114112K
  class space    used 1085K, committed 1216K, reserved 1048576K
}
Event: 2.243 GC heap after
{Heap after GC invocations=1 (full 0):
 PSYoungGen      total 29696K, used 3172K [0x00000000eab00000, 0x00000000ecc00000, 0x0000000100000000)
  eden space 25600K, 0% used [0x00000000eab00000,0x00000000eab00000,0x00000000ec400000)
  from space 4096K, 77% used [0x00000000ec400000,0x00000000ec7192e0,0x00000000ec800000)
  to   space 4096K, 0% used [0x00000000ec800000,0x00000000ec800000,0x00000000ecc00000)
 ParOldGen       total 68608K, used 8K [0x00000000c0000000, 0x00000000c4300000, 0x00000000eab00000)
  object space 68608K, 0% used [0x00000000c0000000,0x00000000c0002000,0x00000000c4300000)
 Metaspace       used 10940K, committed 11136K, reserved 1114112K
  class space    used 1085K, committed 1216K, reserved 1048576K
}
Event: 7.740 GC heap before
{Heap before GC invocations=2 (full 0):
 PSYoungGen      total 29696K, used 28772K [0x00000000eab00000, 0x00000000ecc00000, 0x0000000100000000)
  eden space 25600K, 100% used [0x00000000eab00000,0x00000000ec400000,0x00000000ec400000)
  from space 4096K, 77% used [0x00000000ec400000,0x00000000ec7192e0,0x00000000ec800000)
  to   space 4096K, 0% used [0x00000000ec800000,0x00000000ec800000,0x00000000ecc00000)
 ParOldGen       total 68608K, used 8K [0x00000000c0000000, 0x00000000c4300000, 0x00000000eab00000)
  object space 68608K, 0% used [0x00000000c0000000,0x00000000c0002000,0x00000000c4300000)
 Metaspace       used 14613K, committed 14848K, reserved 1114112K
  class space    used 1460K, committed 1600K, reserved 1048576K
}
Event: 7.749 GC heap after
{Heap after GC invocations=2 (full 0):
 PSYoungGen      total 29696K, used 4067K [0x00000000eab00000, 0x00000000ecc00000, 0x0000000100000000)
  eden space 25600K, 0% used [0x00000000eab00000,0x00000000eab00000,0x00000000ec400000)
  from space 4096K, 99% used [0x00000000ec800000,0x00000000ecbf8f90,0x00000000ecc00000)
  to   space 4096K, 0% used [0x00000000ec400000,0x00000000ec400000,0x00000000ec800000)
 ParOldGen       total 68608K, used 1492K [0x00000000c0000000, 0x00000000c4300000, 0x00000000eab00000)
  object space 68608K, 2% used [0x00000000c0000000,0x00000000c0175370,0x00000000c4300000)
 Metaspace       used 14613K, committed 14848K, reserved 1114112K
  class space    used 1460K, committed 1600K, reserved 1048576K
}

Dll operation events (9 events):
Event: 0.092 Loaded shared library c:\Users\aerly-dell\.vscode\extensions\redhat.java-1.33.0-win32-x64\jre\17.0.11-win32-x86_64\bin\java.dll
Event: 0.556 Loaded shared library c:\Users\aerly-dell\.vscode\extensions\redhat.java-1.33.0-win32-x64\jre\17.0.11-win32-x86_64\bin\zip.dll
Event: 0.563 Loaded shared library C:\Users\aerly-dell\.vscode\extensions\redhat.java-1.33.0-win32-x64\jre\17.0.11-win32-x86_64\bin\instrument.dll
Event: 0.593 Loaded shared library C:\Users\aerly-dell\.vscode\extensions\redhat.java-1.33.0-win32-x64\jre\17.0.11-win32-x86_64\bin\net.dll
Event: 0.596 Loaded shared library C:\Users\aerly-dell\.vscode\extensions\redhat.java-1.33.0-win32-x64\jre\17.0.11-win32-x86_64\bin\nio.dll
Event: 0.618 Loaded shared library C:\Users\aerly-dell\.vscode\extensions\redhat.java-1.33.0-win32-x64\jre\17.0.11-win32-x86_64\bin\zip.dll
Event: 0.648 Loaded shared library C:\Users\aerly-dell\.vscode\extensions\redhat.java-1.33.0-win32-x64\jre\17.0.11-win32-x86_64\bin\jimage.dll
Event: 0.801 Loaded shared library c:\Users\aerly-dell\.vscode\extensions\redhat.java-1.33.0-win32-x64\jre\17.0.11-win32-x86_64\bin\verify.dll
Event: 7.702 Loaded shared library C:\Users\aerly-dell\AppData\Roaming\Code\User\globalStorage\redhat.java\1.33.0\config_win\org.eclipse.equinox.launcher\org.eclipse.equinox.launcher.win32.win32.x86_64_1.2.1100.v20240722-2106\eclipse_11904.dll

Deoptimization events (20 events):
Event: 7.915 Thread 0x00000294fd4169b0 Uncommon trap: trap_request=0xffffff45 fr.pc=0x0000029487af70c8 relative=0x0000000000000048
Event: 7.915 Thread 0x00000294fd4169b0 Uncommon trap: reason=unstable_if action=reinterpret pc=0x0000029487af70c8 method=java.lang.CharacterData.of(I)Ljava/lang/CharacterData; @ 4 c2
Event: 7.915 Thread 0x00000294fd4169b0 DEOPT PACKING pc=0x0000029487af70c8 sp=0x000000ca214fda90
Event: 7.915 Thread 0x00000294fd4169b0 DEOPT UNPACKING pc=0x00000294875866a3 sp=0x000000ca214fda30 mode 2
Event: 7.919 Thread 0x00000294fd4169b0 Uncommon trap: trap_request=0xffffff45 fr.pc=0x0000029487ade410 relative=0x0000000000000190
Event: 7.919 Thread 0x00000294fd4169b0 Uncommon trap: reason=unstable_if action=reinterpret pc=0x0000029487ade410 method=java.lang.String.equals(Ljava/lang/Object;)Z @ 33 c2
Event: 7.919 Thread 0x00000294fd4169b0 DEOPT PACKING pc=0x0000029487ade410 sp=0x000000ca214fdc10
Event: 7.919 Thread 0x00000294fd4169b0 DEOPT UNPACKING pc=0x00000294875866a3 sp=0x000000ca214fdbb0 mode 2
Event: 7.937 Thread 0x00000294fd4169b0 Uncommon trap: trap_request=0xffffff45 fr.pc=0x0000029487b1a874 relative=0x0000000000000074
Event: 7.937 Thread 0x00000294fd4169b0 Uncommon trap: reason=unstable_if action=reinterpret pc=0x0000029487b1a874 method=jdk.internal.misc.Unsafe.convEndian(ZJ)J @ 4 c2
Event: 7.937 Thread 0x00000294fd4169b0 DEOPT PACKING pc=0x0000029487b1a874 sp=0x000000ca214fc2a0
Event: 7.937 Thread 0x00000294fd4169b0 DEOPT UNPACKING pc=0x00000294875866a3 sp=0x000000ca214fc1c8 mode 2
Event: 7.954 Thread 0x00000294fd4169b0 Uncommon trap: trap_request=0xffffff45 fr.pc=0x0000029487ae195c relative=0x000000000000005c
Event: 7.954 Thread 0x00000294fd4169b0 Uncommon trap: reason=unstable_if action=reinterpret pc=0x0000029487ae195c method=java.lang.String.isLatin1()Z @ 10 c2
Event: 7.954 Thread 0x00000294fd4169b0 DEOPT PACKING pc=0x0000029487ae195c sp=0x000000ca214fd4d0
Event: 7.954 Thread 0x00000294fd4169b0 DEOPT UNPACKING pc=0x00000294875866a3 sp=0x000000ca214fd460 mode 2
Event: 7.969 Thread 0x00000294fd4169b0 Uncommon trap: trap_request=0xffffff45 fr.pc=0x0000029487b80fdc relative=0x0000000000000bbc
Event: 7.969 Thread 0x00000294fd4169b0 Uncommon trap: reason=unstable_if action=reinterpret pc=0x0000029487b80fdc method=java.util.concurrent.ConcurrentHashMap.putVal(Ljava/lang/Object;Ljava/lang/Object;Z)Ljava/lang/Object; @ 148 c2
Event: 7.969 Thread 0x00000294fd4169b0 DEOPT PACKING pc=0x0000029487b80fdc sp=0x000000ca214fe0a0
Event: 7.969 Thread 0x00000294fd4169b0 DEOPT UNPACKING pc=0x00000294875866a3 sp=0x000000ca214fe020 mode 2

Classes unloaded (0 events):
No events

Classes redefined (0 events):
No events

Internal exceptions (20 events):
Event: 2.005 Thread 0x00000294f1a31990 Exception <a 'java/lang/ClassNotFoundException'{0x00000000ec0eb690}: sun/net/www/protocol/d/Handler> (0x00000000ec0eb690) 
thrown [s\src\hotspot\share\classfile\systemDictionary.cpp, line 256]
Event: 2.005 Thread 0x00000294f1a31990 Exception <a 'java/lang/ClassNotFoundException'{0x00000000ec0ec810}: sun/net/www/protocol/c/Handler> (0x00000000ec0ec810) 
thrown [s\src\hotspot\share\classfile\systemDictionary.cpp, line 256]
Event: 2.036 Thread 0x00000294f1a31990 Exception <a 'java/io/FileNotFoundException'{0x00000000ec114970}> (0x00000000ec114970) 
thrown [s\src\hotspot\share\prims\jni.cpp, line 516]
Event: 2.121 Thread 0x00000294f1a31990 Implicit null exception at 0x0000029487b1e4ec to 0x0000029487b1e6e4
Event: 2.121 Thread 0x00000294f1a31990 Implicit null exception at 0x0000029487b1ebec to 0x0000029487b1edd4
Event: 2.122 Thread 0x00000294f1a31990 Implicit null exception at 0x0000029487b16d8f to 0x0000029487b16e09
Event: 2.225 Thread 0x00000294f1a31990 Exception <a 'java/lang/NoSuchMethodError'{0x00000000ec3ef298}: 'int java.lang.invoke.DirectMethodHandle$Holder.invokeStaticInit(java.lang.Object, java.lang.Object, java.lang.Object, java.lang.Object)'> (0x00000000ec3ef298) 
thrown [s\src\hotspot\share\interpreter\linkResolver.cpp, line 759]
Event: 2.227 Thread 0x00000294f1a31990 Exception <a 'java/lang/NoSuchMethodError'{0x00000000ec3f9908}: 'java.lang.Object java.lang.invoke.DirectMethodHandle$Holder.invokeInterface(java.lang.Object, java.lang.Object)'> (0x00000000ec3f9908) 
thrown [s\src\hotspot\share\interpreter\linkResolver.cpp, line 759]
Event: 2.228 Thread 0x00000294f1a31990 Exception <a 'java/lang/IncompatibleClassChangeError'{0x00000000ec3fd100}: Found class java.lang.Object, but interface was expected> (0x00000000ec3fd100) 
thrown [s\src\hotspot\share\interpreter\linkResolver.cpp, line 826]
Event: 2.249 Thread 0x00000294f1a31990 Exception <a 'java/lang/NoSuchMethodError'{0x00000000eab01c30}: 'void java.lang.invoke.DirectMethodHandle$Holder.invokeStatic(java.lang.Object, java.lang.Object)'> (0x00000000eab01c30) 
thrown [s\src\hotspot\share\interpreter\linkResolver.cpp, line 759]
Event: 2.250 Thread 0x00000294f1a31990 Exception <a 'java/lang/NoSuchMethodError'{0x00000000eab05430}: 'void java.lang.invoke.DirectMethodHandle$Holder.invokeStaticInit(java.lang.Object, java.lang.Object)'> (0x00000000eab05430) 
thrown [s\src\hotspot\share\interpreter\linkResolver.cpp, line 759]
Event: 2.255 Thread 0x00000294f1a31990 Exception <a 'java/lang/NoSuchMethodError'{0x00000000eab0c920}: 'int java.lang.invoke.DirectMethodHandle$Holder.invokeStaticInit(java.lang.Object, java.lang.Object)'> (0x00000000eab0c920) 
thrown [s\src\hotspot\share\interpreter\linkResolver.cpp, line 759]
Event: 2.434 Thread 0x00000294f1a31990 Exception <a 'java/lang/NoSuchMethodError'{0x00000000eac58de8}: 'void java.lang.invoke.DirectMethodHandle$Holder.invokeSpecial(java.lang.Object, java.lang.Object, java.lang.Object)'> (0x00000000eac58de8) 
thrown [s\src\hotspot\share\interpreter\linkResolver.cpp, line 759]
Event: 3.171 Thread 0x00000294f1a31990 Exception <a 'java/lang/NoSuchMethodError'{0x00000000eba86778}: 'java.lang.Object java.lang.invoke.DirectMethodHandle$Holder.newInvokeSpecial(java.lang.Object, int, java.lang.Object)'> (0x00000000eba86778) 
thrown [s\src\hotspot\share\interpreter\linkResolver.cpp, line 759]
Event: 7.577 Thread 0x00000294f1a31990 Exception <a 'java/lang/UnsatisfiedLinkError'{0x00000000ec077ba0}: 'void org.eclipse.equinox.launcher.JNIBridge._update_splash()'> (0x00000000ec077ba0) 
thrown [s\src\hotspot\share\prims\nativeLookup.cpp, line 543]
Event: 7.734 Thread 0x00000294fd4169b0 Exception <a 'java/lang/NoSuchMethodError'{0x00000000ec3e0290}: 'java.lang.Object java.lang.invoke.DirectMethodHandle$Holder.invokeStaticInit(java.lang.Object)'> (0x00000000ec3e0290) 
thrown [s\src\hotspot\share\interpreter\linkResolver.cpp, line 759]
Event: 7.775 Thread 0x00000294fd4169b0 Exception <a 'java/lang/NoSuchMethodError'{0x00000000eac1ff20}: 'java.lang.Object java.lang.invoke.DirectMethodHandle$Holder.newInvokeSpecial(java.lang.Object, java.lang.Object, int, java.lang.Object)'> (0x00000000eac1ff20) 
thrown [s\src\hotspot\share\interpreter\linkResolver.cpp, line 759]
Event: 7.776 Thread 0x00000294fd4169b0 Exception <a 'java/lang/NoSuchMethodError'{0x00000000eac4de38}: 'java.lang.Object java.lang.invoke.DirectMethodHandle$Holder.invokeSpecial(java.lang.Object, java.lang.Object, java.lang.Object, int, java.lang.Object)'> (0x00000000eac4de38) 
thrown [s\src\hotspot\share\interpreter\linkResolver.cpp, line 759]
Event: 7.909 Thread 0x00000294fd4169b0 Exception <a 'java/lang/ClassNotFoundException'{0x00000000eaea04b8}: sun/util/logging/resources/spi/loggingProvider> (0x00000000eaea04b8) 
thrown [s\src\hotspot\share\classfile\systemDictionary.cpp, line 256]
Event: 8.629 Thread 0x00000294fd4169b0 Exception <a 'java/io/IOException'{0x00000000eb357530}> (0x00000000eb357530) 
thrown [s\src\hotspot\share\prims\jni.cpp, line 516]

VM Operations (20 events):
Event: 3.116 Executing VM operation: HandshakeAllThreads
Event: 3.116 Executing VM operation: HandshakeAllThreads done
Event: 3.156 Executing VM operation: HandshakeAllThreads
Event: 3.156 Executing VM operation: HandshakeAllThreads done
Event: 4.156 Executing VM operation: Cleanup
Event: 4.156 Executing VM operation: Cleanup done
Event: 7.706 Executing VM operation: HandshakeAllThreads
Event: 7.706 Executing VM operation: HandshakeAllThreads done
Event: 7.706 Executing VM operation: Cleanup
Event: 7.706 Executing VM operation: Cleanup done
Event: 7.740 Executing VM operation: ParallelGCFailedAllocation
Event: 7.749 Executing VM operation: ParallelGCFailedAllocation done
Event: 7.873 Executing VM operation: HandshakeAllThreads
Event: 7.873 Executing VM operation: HandshakeAllThreads done
Event: 7.916 Executing VM operation: HandshakeAllThreads
Event: 7.916 Executing VM operation: HandshakeAllThreads done
Event: 7.937 Executing VM operation: HandshakeAllThreads
Event: 7.937 Executing VM operation: HandshakeAllThreads done
Event: 7.969 Executing VM operation: HandshakeAllThreads
Event: 7.969 Executing VM operation: HandshakeAllThreads done

Events (20 events):
Event: 7.955 loading class java/lang/StringUTF16$CharsSpliterator done
Event: 7.955 loading class java/time/LocalTime$1
Event: 7.956 loading class java/time/LocalTime$1 done
Event: 7.956 loading class java/util/Formattable
Event: 7.956 loading class java/util/Formattable done
Event: 8.293 Thread 0x00000294fcfe4900 Thread exited: 0x00000294fcfe4900
Event: 8.631 loading class java/lang/StackTraceElement$HashedModules
Event: 8.632 loading class java/lang/StackTraceElement$HashedModules done
Event: 8.642 loading class sun/util/spi/CalendarProvider
Event: 8.642 loading class sun/util/spi/CalendarProvider done
Event: 8.643 loading class sun/util/locale/provider/CalendarProviderImpl
Event: 8.643 loading class sun/util/locale/provider/CalendarProviderImpl done
Event: 8.644 loading class java/util/Calendar$Builder
Event: 8.646 loading class java/util/Calendar$Builder done
Event: 8.646 loading class java/util/GregorianCalendar
Event: 8.648 loading class java/util/GregorianCalendar done
Event: 8.649 loading class java/util/spi/CalendarDataProvider
Event: 8.650 loading class java/util/spi/CalendarDataProvider done
Event: 8.650 loading class sun/util/locale/provider/LocaleServiceProviderPool
Event: 8.650 loading class sun/util/locale/provider/LocaleServiceProviderPool done


Dynamic libraries:
0x00007ff616950000 - 0x00007ff61695e000 	c:\Users\aerly-dell\.vscode\extensions\redhat.java-1.33.0-win32-x64\jre\17.0.11-win32-x86_64\bin\java.exe
0x00007ffcfea10000 - 0x00007ffcfec27000 	C:\WINDOWS\SYSTEM32\ntdll.dll
0x00007ffcfd6f0000 - 0x00007ffcfd7b4000 	C:\WINDOWS\System32\KERNEL32.DLL
0x00007ffcfc160000 - 0x00007ffcfc50d000 	C:\WINDOWS\System32\KERNELBASE.dll
0x00007ffcfbf60000 - 0x00007ffcfc071000 	C:\WINDOWS\System32\ucrtbase.dll
0x00007ffcf6480000 - 0x00007ffcf6497000 	c:\Users\aerly-dell\.vscode\extensions\redhat.java-1.33.0-win32-x64\jre\17.0.11-win32-x86_64\bin\jli.dll
0x00007ffcfdc20000 - 0x00007ffcfddce000 	C:\WINDOWS\System32\USER32.dll
0x00007ffcfc130000 - 0x00007ffcfc156000 	C:\WINDOWS\System32\win32u.dll
0x00007ffcfcf30000 - 0x00007ffcfcf59000 	C:\WINDOWS\System32\GDI32.dll
0x00007ffcfbe40000 - 0x00007ffcfbf59000 	C:\WINDOWS\System32\gdi32full.dll
0x00007ffcfbd30000 - 0x00007ffcfbdca000 	C:\WINDOWS\System32\msvcp_win.dll
0x00007ffcf6620000 - 0x00007ffcf663b000 	c:\Users\aerly-dell\.vscode\extensions\redhat.java-1.33.0-win32-x64\jre\17.0.11-win32-x86_64\bin\VCRUNTIME140.dll
0x00007ffcf2c60000 - 0x00007ffcf2ef3000 	C:\WINDOWS\WinSxS\amd64_microsoft.windows.common-controls_6595b64144ccf1df_6.0.22621.3672_none_2713b9d173822955\COMCTL32.dll
0x00007ffcfd630000 - 0x00007ffcfd6d7000 	C:\WINDOWS\System32\msvcrt.dll
0x00007ffcfcf60000 - 0x00007ffcfcf91000 	C:\WINDOWS\System32\IMM32.DLL
0x00007ffcf66a0000 - 0x00007ffcf66ac000 	c:\Users\aerly-dell\.vscode\extensions\redhat.java-1.33.0-win32-x64\jre\17.0.11-win32-x86_64\bin\vcruntime140_1.dll
0x00007ffcbcb40000 - 0x00007ffcbcbcd000 	c:\Users\aerly-dell\.vscode\extensions\redhat.java-1.33.0-win32-x64\jre\17.0.11-win32-x86_64\bin\msvcp140.dll
0x00007ffc88f00000 - 0x00007ffc89b62000 	c:\Users\aerly-dell\.vscode\extensions\redhat.java-1.33.0-win32-x64\jre\17.0.11-win32-x86_64\bin\server\jvm.dll
0x00007ffcfd7e0000 - 0x00007ffcfd892000 	C:\WINDOWS\System32\ADVAPI32.dll
0x00007ffcfd340000 - 0x00007ffcfd3e9000 	C:\WINDOWS\System32\sechost.dll
0x00007ffcfc080000 - 0x00007ffcfc0a8000 	C:\WINDOWS\System32\bcrypt.dll
0x00007ffcfe8b0000 - 0x00007ffcfe9c4000 	C:\WINDOWS\System32\RPCRT4.dll
0x00007ffcfabc0000 - 0x00007ffcfac0d000 	C:\WINDOWS\SYSTEM32\POWRPROF.dll
0x00007ffce57a0000 - 0x00007ffce57a9000 	C:\WINDOWS\SYSTEM32\WSOCK32.dll
0x00007ffcfd3f0000 - 0x00007ffcfd461000 	C:\WINDOWS\System32\WS2_32.dll
0x00007ffcf70d0000 - 0x00007ffcf7104000 	C:\WINDOWS\SYSTEM32\WINMM.dll
0x00007ffcf77f0000 - 0x00007ffcf77fa000 	C:\WINDOWS\SYSTEM32\VERSION.dll
0x00007ffcfaba0000 - 0x00007ffcfabb3000 	C:\WINDOWS\SYSTEM32\UMPDC.dll
0x00007ffcfae50000 - 0x00007ffcfae68000 	C:\WINDOWS\SYSTEM32\kernel.appcore.dll
0x00007ffcf62b0000 - 0x00007ffcf62ba000 	c:\Users\aerly-dell\.vscode\extensions\redhat.java-1.33.0-win32-x64\jre\17.0.11-win32-x86_64\bin\jimage.dll
0x00007ffcf9970000 - 0x00007ffcf9ba2000 	C:\WINDOWS\SYSTEM32\DBGHELP.DLL
0x00007ffcfcfb0000 - 0x00007ffcfd33d000 	C:\WINDOWS\System32\combase.dll
0x00007ffcfdf00000 - 0x00007ffcfdfd7000 	C:\WINDOWS\System32\OLEAUT32.dll
0x00007ffce25c0000 - 0x00007ffce25f2000 	C:\WINDOWS\SYSTEM32\dbgcore.DLL
0x00007ffcfc0b0000 - 0x00007ffcfc12b000 	C:\WINDOWS\System32\bcryptPrimitives.dll
0x00007ffcf62a0000 - 0x00007ffcf62ae000 	c:\Users\aerly-dell\.vscode\extensions\redhat.java-1.33.0-win32-x64\jre\17.0.11-win32-x86_64\bin\instrument.dll
0x00007ffcf6060000 - 0x00007ffcf6085000 	c:\Users\aerly-dell\.vscode\extensions\redhat.java-1.33.0-win32-x64\jre\17.0.11-win32-x86_64\bin\java.dll
0x00007ffcf71c0000 - 0x00007ffcf71d8000 	c:\Users\aerly-dell\.vscode\extensions\redhat.java-1.33.0-win32-x64\jre\17.0.11-win32-x86_64\bin\zip.dll
0x00007ffcfdfe0000 - 0x00007ffcfe847000 	C:\WINDOWS\System32\SHELL32.dll
0x00007ffcf9bb0000 - 0x00007ffcfa4ae000 	C:\WINDOWS\SYSTEM32\windows.storage.dll
0x00007ffcf9830000 - 0x00007ffcf996f000 	C:\WINDOWS\SYSTEM32\wintypes.dll
0x00007ffcfc9a0000 - 0x00007ffcfca99000 	C:\WINDOWS\System32\SHCORE.dll
0x00007ffcfe850000 - 0x00007ffcfe8ae000 	C:\WINDOWS\System32\shlwapi.dll
0x00007ffcfbc60000 - 0x00007ffcfbc81000 	C:\WINDOWS\SYSTEM32\profapi.dll
0x00007ffcee490000 - 0x00007ffcee4a9000 	C:\Users\aerly-dell\.vscode\extensions\redhat.java-1.33.0-win32-x64\jre\17.0.11-win32-x86_64\bin\net.dll
0x00007ffcf73f0000 - 0x00007ffcf7526000 	C:\WINDOWS\SYSTEM32\WINHTTP.dll
0x00007ffcfb2c0000 - 0x00007ffcfb329000 	C:\WINDOWS\system32\mswsock.dll
0x00007ffce41e0000 - 0x00007ffce41f6000 	C:\Users\aerly-dell\.vscode\extensions\redhat.java-1.33.0-win32-x64\jre\17.0.11-win32-x86_64\bin\nio.dll
0x00007ffcf71b0000 - 0x00007ffcf71c0000 	c:\Users\aerly-dell\.vscode\extensions\redhat.java-1.33.0-win32-x64\jre\17.0.11-win32-x86_64\bin\verify.dll
0x00007ffcd0850000 - 0x00007ffcd0895000 	C:\Users\aerly-dell\AppData\Roaming\Code\User\globalStorage\redhat.java\1.33.0\config_win\org.eclipse.equinox.launcher\org.eclipse.equinox.launcher.win32.win32.x86_64_1.2.1100.v20240722-2106\eclipse_11904.dll
0x00007ffcfc7f0000 - 0x00007ffcfc995000 	C:\WINDOWS\System32\ole32.dll

dbghelp: loaded successfully - version: 4.0.5 - missing functions: none
symbol engine: initialized successfully - sym options: 0x614 - pdb path: .;c:\Users\aerly-dell\.vscode\extensions\redhat.java-1.33.0-win32-x64\jre\17.0.11-win32-x86_64\bin;C:\WINDOWS\SYSTEM32;C:\WINDOWS\WinSxS\amd64_microsoft.windows.common-controls_6595b64144ccf1df_6.0.22621.3672_none_2713b9d173822955;c:\Users\aerly-dell\.vscode\extensions\redhat.java-1.33.0-win32-x64\jre\17.0.11-win32-x86_64\bin\server;C:\Users\aerly-dell\AppData\Roaming\Code\User\globalStorage\redhat.java\1.33.0\config_win\org.eclipse.equinox.launcher\org.eclipse.equinox.launcher.win32.win32.x86_64_1.2.1100.v20240722-2106

VM Arguments:
jvm_args: --add-modules=ALL-SYSTEM --add-opens=java.base/java.util=ALL-UNNAMED --add-opens=java.base/java.lang=ALL-UNNAMED --add-opens=java.base/sun.nio.fs=ALL-UNNAMED -Declipse.application=org.eclipse.jdt.ls.core.id1 -Dosgi.bundles.defaultStartLevel=4 -Declipse.product=org.eclipse.jdt.ls.core.product -Djava.import.generatesMetadataFilesAtProjectRoot=false -DDetectVMInstallationsJob.disabled=true -Dfile.encoding=utf8 -XX:+UseParallelGC -XX:GCTimeRatio=4 -XX:AdaptiveSizePolicyWeight=90 -Dsun.zip.disableMemoryMapping=true -Xmx1G -Xms100m -Xlog:disable -javaagent:c:\Users\aerly-dell\.vscode\extensions\redhat.java-1.33.0-win32-x64\lombok\lombok-1.18.33.jar -XX:+HeapDumpOnOutOfMemoryError -XX:HeapDumpPath=c:\Users\aerly-dell\AppData\Roaming\Code\User\workspaceStorage\1df32e0479fcebfbd7f56126d49bde33\redhat.java -Daether.dependencyCollector.impl=bf 
java_command: c:\Users\aerly-dell\.vscode\extensions\redhat.java-1.33.0-win32-x64\server\plugins\org.eclipse.equinox.launcher_1.6.900.v20240613-2009.jar -configuration c:\Users\aerly-dell\AppData\Roaming\Code\User\globalStorage\redhat.java\1.33.0\config_win -data c:\Users\aerly-dell\AppData\Roaming\Code\User\workspaceStorage\1df32e0479fcebfbd7f56126d49bde33\redhat.java\jdt_ws --pipe=\\.\pipe\lsp-f2c2b91569ffc735ef6409ba92ae3de3-sock
java_class_path (initial): c:\Users\aerly-dell\.vscode\extensions\redhat.java-1.33.0-win32-x64\server\plugins\org.eclipse.equinox.launcher_1.6.900.v20240613-2009.jar
Launcher Type: SUN_STANDARD

[Global flags]
    uintx AdaptiveSizePolicyWeight                 = 90                                        {product} {command line}
     intx CICompilerCount                          = 4                                         {product} {ergonomic}
    uintx GCTimeRatio                              = 4                                         {product} {command line}
     bool HeapDumpOnOutOfMemoryError               = true                                   {manageable} {command line}
    ccstr HeapDumpPath                             = c:\Users\aerly-dell\AppData\Roaming\Code\User\workspaceStorage\1df32e0479fcebfbd7f56126d49bde33\redhat.java         {manageable} {command line}
   size_t InitialHeapSize                          = 104857600                                 {product} {command line}
   size_t MaxHeapSize                              = 1073741824                                {product} {command line}
   size_t MaxNewSize                               = 357564416                                 {product} {ergonomic}
   size_t MinHeapDeltaBytes                        = 524288                                    {product} {ergonomic}
   size_t MinHeapSize                              = 104857600                                 {product} {command line}
   size_t NewSize                                  = 34603008                                  {product} {ergonomic}
    uintx NonNMethodCodeHeapSize                   = 5839372                                {pd product} {ergonomic}
    uintx NonProfiledCodeHeapSize                  = 122909434                              {pd product} {ergonomic}
   size_t OldSize                                  = 70254592                                  {product} {ergonomic}
    uintx ProfiledCodeHeapSize                     = 122909434                              {pd product} {ergonomic}
    uintx ReservedCodeCacheSize                    = 251658240                              {pd product} {ergonomic}
     bool SegmentedCodeCache                       = true                                      {product} {ergonomic}
   size_t SoftMaxHeapSize                          = 1073741824                             {manageable} {ergonomic}
     bool UseCompressedClassPointers               = true                           {product lp64_product} {ergonomic}
     bool UseCompressedOops                        = true                           {product lp64_product} {ergonomic}
     bool UseLargePagesIndividualAllocation        = false                                  {pd product} {ergonomic}
     bool UseParallelGC                            = true                                      {product} {command line}

Logging:
Log output configuration:
 #0: stdout all=off uptime,level,tags
 #1: stderr all=off uptime,level,tags

Environment Variables:
JAVA_HOME=D:\java\jdk14
PATH=C:\Python312\Scripts\;C:\Python312\;C:\WINDOWS\system32;C:\WINDOWS;C:\WINDOWS\System32\Wbem;C:\WINDOWS\System32\WindowsPowerShell\v1.0\;C:\WINDOWS\System32\OpenSSH\;C:\Program Files\Microsoft SQL Server\150\Tools\Binn\;C:\Program Files\Microsoft SQL Server\Client SDK\ODBC\170\Tools\Binn\;C:\Program Files\dotnet\;D:\Program Files\Microsoft Visual Studio\2022\Community\Common7\IDE\CommonExtensions\Microsoft\TeamFoundation\Team Explorer\Git\mingw64\bin;D:\java\jdk14\bin;D:\java\jdk14\bin;D:\apache-maven\bin;C:\Program Files\nodejs\;C:\ProgramData\chocolatey\bin;C:\Users\aerly-dell\AppData\Local\Microsoft\WindowsApps;C:\Users\aerly-dell\AppData\Local\Programs\Microsoft VS Code\bin;C:\Users\aerly-dell\.dotnet\tools;D:\Program Files\Microsoft Visual Studio\2022\Community\Common7\IDE\CommonExtensions\Microsoft\TeamFoundation\Team Explorer\Git\mingw64\bin;C:\Users\aerly-dell\AppData\Roaming\npm
USERNAME=aerly-dell
OS=Windows_NT
PROCESSOR_IDENTIFIER=Intel64 Family 6 Model 142 Stepping 10, GenuineIntel
TMP=C:\Users\AERLY-~1\AppData\Local\Temp
TEMP=C:\Users\AERLY-~1\AppData\Local\Temp



Periodic native trim disabled


---------------  S Y S T E M  ---------------

OS:
 Windows 11 , 64 bit Build 22621 (10.0.22621.3958)
OS uptime: 12 days 3:31 hours

CPU: total 8 (initial active 8) (4 cores per cpu, 2 threads per core) family 6 model 142 stepping 10 microcode 0xea, cx8, cmov, fxsr, ht, mmx, 3dnowpref, sse, sse2, sse3, ssse3, sse4.1, sse4.2, popcnt, lzcnt, tsc, tscinvbit, avx, avx2, aes, erms, clmul, bmi1, bmi2, adx, fma, vzeroupper, clflush, clflushopt
Processor Information for all 8 processors :
  Max Mhz: 1800, Current Mhz: 1600, Mhz Limit: 1584

Memory: 4k page, system-wide physical 16281M (4398M free)
TotalPageFile size 29367M (AvailPageFile size 646M)
current process WorkingSet (physical memory assigned to process): 93M, peak: 93M
current process commit charge ("private bytes"): 207M, peak: 207M

vm_info: OpenJDK 64-Bit Server VM (17.0.11+9) for windows-amd64 JRE (17.0.11+9), built on Apr 17 2024 06:07:48 by "admin" with MS VC++ 16.10 / 16.11 (VS2019)

END.
