#
# There is insufficient memory for the Java Runtime Environment to continue.
# Native memory allocation (malloc) failed to allocate 1129776 bytes. Error detail: Chunk::new
# Possible reasons:
#   The system is out of physical RAM or swap space
#   This process is running with CompressedOops enabled, and the Java Heap may be blocking the growth of the native heap
# Possible solutions:
#   Reduce memory load on the system
#   Increase physical memory or swap space
#   Check if swap backing store is full
#   Decrease Java heap size (-Xmx/-Xms)
#   Decrease number of Java threads
#   Decrease Java thread stack sizes (-Xss)
#   Set larger code cache with -XX:ReservedCodeCacheSize=
#   JVM is running with Unscaled Compressed Oops mode in which the Java heap is
#     placed in the first 4GB address space. The Java Heap base address is the
#     maximum limit for the native heap growth. Please use -XX:HeapBaseMinAddress
#     to set the Java Heap base and to place the Java Heap above 4GB virtual address.
# This output file may be truncated or incomplete.
#
#  Out of Memory Error (arena.cpp:191), pid=20808, tid=21140
#
# JRE version: OpenJDK Runtime Environment Temurin-17.0.11+9 (17.0.11+9) (build 17.0.11+9)
# Java VM: OpenJDK 64-Bit Server VM Temurin-17.0.11+9 (17.0.11+9, mixed mode, tiered, compressed oops, compressed class ptrs, parallel gc, windows-amd64)
# No core dump will be written. Minidumps are not enabled by default on client versions of Windows
#

---------------  S U M M A R Y ------------

Command Line: --add-modules=ALL-SYSTEM --add-opens=java.base/java.util=ALL-UNNAMED --add-opens=java.base/java.lang=ALL-UNNAMED --add-opens=java.base/sun.nio.fs=ALL-UNNAMED -Declipse.application=org.eclipse.jdt.ls.core.id1 -Dosgi.bundles.defaultStartLevel=4 -Declipse.product=org.eclipse.jdt.ls.core.product -Djava.import.generatesMetadataFilesAtProjectRoot=false -DDetectVMInstallationsJob.disabled=true -Dfile.encoding=utf8 -XX:+UseParallelGC -XX:GCTimeRatio=4 -XX:AdaptiveSizePolicyWeight=90 -Dsun.zip.disableMemoryMapping=true -Xmx1G -Xms100m -Xlog:disable -javaagent:c:\Users\aerly-dell\.vscode\extensions\redhat.java-1.33.0-win32-x64\lombok\lombok-1.18.33.jar -XX:+HeapDumpOnOutOfMemoryError -XX:HeapDumpPath=c:\Users\aerly-dell\AppData\Roaming\Code\User\workspaceStorage\1df32e0479fcebfbd7f56126d49bde33\redhat.java -Daether.dependencyCollector.impl=bf c:\Users\aerly-dell\.vscode\extensions\redhat.java-1.33.0-win32-x64\server\plugins\org.eclipse.equinox.launcher_1.6.900.v20240613-2009.jar -configuration c:\Users\aerly-dell\AppData\Roaming\Code\User\globalStorage\redhat.java\1.33.0\config_win -data c:\Users\aerly-dell\AppData\Roaming\Code\User\workspaceStorage\1df32e0479fcebfbd7f56126d49bde33\redhat.java\jdt_ws --pipe=\\.\pipe\lsp-73dcbdc8efac381e0245b9fbb810cf5d-sock

Host: Intel(R) Core(TM) i5-8250U CPU @ 1.60GHz, 8 cores, 15G,  Windows 11 , 64 bit Build 22621 (10.0.22621.3958)
Time: Fri Aug  9 00:14:15 2024  Windows 11 , 64 bit Build 22621 (10.0.22621.3958) elapsed time: 19.635945 seconds (0d 0h 0m 19s)

---------------  T H R E A D  ---------------

Current thread (0x0000021a7fa99fe0):  JavaThread "C2 CompilerThread0" daemon [_thread_in_native, id=21140, stack(0x0000003605600000,0x0000003605700000)]


Current CompileTask:
C2:  19636 5286       4       org.eclipse.osgi.internal.loader.ModuleClassLoader::toString (80 bytes)

Stack: [0x0000003605600000,0x0000003605700000]
Native frames: (J=compiled Java code, j=interpreted, Vv=VM code, C=native code)
V  [jvm.dll+0x67d429]
V  [jvm.dll+0x834b7a]
V  [jvm.dll+0x83663e]
V  [jvm.dll+0x836ca3]
V  [jvm.dll+0x247dbf]
V  [jvm.dll+0xac534]
V  [jvm.dll+0xacb7c]
V  [jvm.dll+0x3665f2]
V  [jvm.dll+0x330bba]
V  [jvm.dll+0x33005a]
V  [jvm.dll+0x21a471]
V  [jvm.dll+0x2198b1]
V  [jvm.dll+0x1a534d]
V  [jvm.dll+0x2295cd]
V  [jvm.dll+0x22779c]
V  [jvm.dll+0x7e9d07]
V  [jvm.dll+0x7e410a]
V  [jvm.dll+0x67c315]
C  [ucrtbase.dll+0x29333]
C  [KERNEL32.DLL+0x1257d]
C  [ntdll.dll+0x5af28]


---------------  P R O C E S S  ---------------

Threads class SMR info:
_java_thread_list=0x0000021a1a506960, length=39, elements={
0x0000021a7d7f1970, 0x0000021a7fa92490, 0x0000021a7fa94c50, 0x0000021a16d219e0,
0x0000021a16d4e170, 0x0000021a16d4ef00, 0x0000021a16d52b50, 0x0000021a7fa99fe0,
0x0000021a7fa9ce90, 0x0000021a7fa9e760, 0x0000021a16ed6c70, 0x0000021a17e64030,
0x0000021a18465c80, 0x0000021a18938740, 0x0000021a187dbfc0, 0x0000021a187dd910,
0x0000021a187dcef0, 0x0000021a187dc4d0, 0x0000021a183fe0c0, 0x0000021a187dd400,
0x0000021a1896e870, 0x0000021a189706d0, 0x0000021a1896ca10, 0x0000021a18fbbd20,
0x0000021a18972a40, 0x0000021a1896d430, 0x0000021a18972020, 0x0000021a1896ed80,
0x0000021a189710f0, 0x0000021a1896d940, 0x0000021a1896f290, 0x0000021a18971600,
0x0000021a18972530, 0x0000021a18972f50, 0x0000021a1896bae0, 0x0000021a1896f7a0,
0x0000021a1896bff0, 0x0000021a1896c500, 0x0000021a1896de50
}

Java Threads: ( => current thread )
  0x0000021a7d7f1970 JavaThread "main" [_thread_blocked, id=6472, stack(0x0000003604d00000,0x0000003604e00000)]
  0x0000021a7fa92490 JavaThread "Reference Handler" daemon [_thread_blocked, id=21364, stack(0x0000003605000000,0x0000003605100000)]
  0x0000021a7fa94c50 JavaThread "Finalizer" daemon [_thread_blocked, id=14116, stack(0x0000003605100000,0x0000003605200000)]
  0x0000021a16d219e0 JavaThread "Signal Dispatcher" daemon [_thread_blocked, id=10992, stack(0x0000003605200000,0x0000003605300000)]
  0x0000021a16d4e170 JavaThread "Attach Listener" daemon [_thread_blocked, id=13176, stack(0x0000003605300000,0x0000003605400000)]
  0x0000021a16d4ef00 JavaThread "Service Thread" daemon [_thread_blocked, id=6776, stack(0x0000003605400000,0x0000003605500000)]
  0x0000021a16d52b50 JavaThread "Monitor Deflation Thread" daemon [_thread_blocked, id=21672, stack(0x0000003605500000,0x0000003605600000)]
=>0x0000021a7fa99fe0 JavaThread "C2 CompilerThread0" daemon [_thread_in_native, id=21140, stack(0x0000003605600000,0x0000003605700000)]
  0x0000021a7fa9ce90 JavaThread "C1 CompilerThread0" daemon [_thread_in_native, id=6764, stack(0x0000003605700000,0x0000003605800000)]
  0x0000021a7fa9e760 JavaThread "Sweeper thread" daemon [_thread_blocked, id=2748, stack(0x0000003605800000,0x0000003605900000)]
  0x0000021a16ed6c70 JavaThread "Common-Cleaner" daemon [_thread_blocked, id=24240, stack(0x0000003605900000,0x0000003605a00000)]
  0x0000021a17e64030 JavaThread "Notification Thread" daemon [_thread_blocked, id=20272, stack(0x0000003605a00000,0x0000003605b00000)]
  0x0000021a18465c80 JavaThread "Active Thread: Equinox Container: fb84bb85-fca2-40b4-b65a-47abb10b2e17" [_thread_blocked, id=18772, stack(0x0000003606300000,0x0000003606400000)]
  0x0000021a18938740 JavaThread "Framework Event Dispatcher: Equinox Container: fb84bb85-fca2-40b4-b65a-47abb10b2e17" daemon [_thread_blocked, id=1776, stack(0x0000003606400000,0x0000003606500000)]
  0x0000021a187dbfc0 JavaThread "Start Level: Equinox Container: fb84bb85-fca2-40b4-b65a-47abb10b2e17" daemon [_thread_blocked, id=24584, stack(0x0000003606500000,0x0000003606600000)]
  0x0000021a187dd910 JavaThread "Bundle File Closer" daemon [_thread_blocked, id=16340, stack(0x0000003606700000,0x0000003606800000)]
  0x0000021a187dcef0 JavaThread "SCR Component Actor" daemon [_thread_blocked, id=16224, stack(0x0000003606200000,0x0000003606300000)]
  0x0000021a187dc4d0 JavaThread "SCR Component Registry" daemon [_thread_blocked, id=5380, stack(0x0000003606800000,0x0000003606900000)]
  0x0000021a183fe0c0 JavaThread "C2 CompilerThread1" daemon [_thread_in_native, id=16708, stack(0x0000003606900000,0x0000003606a00000)]
  0x0000021a187dd400 JavaThread "Worker-JM" [_thread_blocked, id=11752, stack(0x0000003606a00000,0x0000003606b00000)]
  0x0000021a1896e870 JavaThread "JNA Cleaner" daemon [_thread_blocked, id=23208, stack(0x0000003606c00000,0x0000003606d00000)]
  0x0000021a189706d0 JavaThread "Worker-0" [_thread_blocked, id=14736, stack(0x0000003606b00000,0x0000003606c00000)]
  0x0000021a1896ca10 JavaThread "Worker-1: Repository registry initialization" [_thread_in_vm, id=392, stack(0x0000003606d00000,0x0000003606e00000)]
  0x0000021a18fbbd20 JavaThread "C2 CompilerThread2" daemon [_thread_blocked, id=23684, stack(0x0000003606e00000,0x0000003606f00000)]
  0x0000021a18972a40 JavaThread "Java indexing" daemon [_thread_blocked, id=22964, stack(0x0000003606f00000,0x0000003607000000)]
  0x0000021a1896d430 JavaThread "Worker-2: Loading available Gradle versions" [_thread_in_vm, id=23920, stack(0x0000003607200000,0x0000003607300000)]
  0x0000021a18972020 JavaThread "Thread-2" daemon [_thread_in_native, id=21508, stack(0x0000003607300000,0x0000003607400000)]
  0x0000021a1896ed80 JavaThread "Thread-3" daemon [_thread_in_native, id=23840, stack(0x0000003607400000,0x0000003607500000)]
  0x0000021a189710f0 JavaThread "Thread-4" daemon [_thread_in_native, id=17128, stack(0x0000003607500000,0x0000003607600000)]
  0x0000021a1896d940 JavaThread "Thread-5" daemon [_thread_in_native, id=5984, stack(0x0000003607600000,0x0000003607700000)]
  0x0000021a1896f290 JavaThread "Thread-6" daemon [_thread_in_native, id=10820, stack(0x0000003607700000,0x0000003607800000)]
  0x0000021a18971600 JavaThread "Thread-7" daemon [_thread_in_native, id=21732, stack(0x0000003607800000,0x0000003607900000)]
  0x0000021a18972530 JavaThread "Thread-8" daemon [_thread_in_native, id=20364, stack(0x0000003607900000,0x0000003607a00000)]
  0x0000021a18972f50 JavaThread "Thread-9" daemon [_thread_in_native, id=21624, stack(0x0000003607a00000,0x0000003607b00000)]
  0x0000021a1896bae0 JavaThread "Thread-10" daemon [_thread_in_native, id=6248, stack(0x0000003607b00000,0x0000003607c00000)]
  0x0000021a1896f7a0 JavaThread "pool-2-thread-1" [_thread_blocked, id=22580, stack(0x0000003607c00000,0x0000003607d00000)]
  0x0000021a1896bff0 JavaThread "WorkspaceEventsHandler" [_thread_blocked, id=15036, stack(0x0000003607d00000,0x0000003607e00000)]
  0x0000021a1896c500 JavaThread "pool-1-thread-1" [_thread_blocked, id=10984, stack(0x0000003607e00000,0x0000003607f00000)]
  0x0000021a1896de50 JavaThread "Worker-3" [_thread_blocked, id=17600, stack(0x0000003607f00000,0x0000003608000000)]

Other Threads:
  0x0000021a16d114b0 VMThread "VM Thread" [stack: 0x0000003604f00000,0x0000003605000000] [id=20780]
  0x0000021a17e64510 WatcherThread [stack: 0x0000003605b00000,0x0000003605c00000] [id=12176]
  0x0000021a7d806ee0 GCTaskThread "GC Thread#0" [stack: 0x0000003604e00000,0x0000003604f00000] [id=1932]
  0x0000021a18455a60 GCTaskThread "GC Thread#1" [stack: 0x0000003605c00000,0x0000003605d00000] [id=13620]
  0x0000021a184c0590 GCTaskThread "GC Thread#2" [stack: 0x0000003605d00000,0x0000003605e00000] [id=11384]
  0x0000021a18462a70 GCTaskThread "GC Thread#3" [stack: 0x0000003605e00000,0x0000003605f00000] [id=17792]
  0x0000021a18462d30 GCTaskThread "GC Thread#4" [stack: 0x0000003605f00000,0x0000003606000000] [id=25496]
  0x0000021a1853c100 GCTaskThread "GC Thread#5" [stack: 0x0000003606000000,0x0000003606100000] [id=14456]
  0x0000021a18462ff0 GCTaskThread "GC Thread#6" [stack: 0x0000003606100000,0x0000003606200000] [id=7904]
  0x0000021a185fb8b0 GCTaskThread "GC Thread#7" [stack: 0x0000003606600000,0x0000003606700000] [id=11904]

Threads with active compile tasks:
C2 CompilerThread0    19679 5286       4       org.eclipse.osgi.internal.loader.ModuleClassLoader::toString (80 bytes)
C2 CompilerThread1    19679 5316       4       sun.security.util.math.intpoly.IntegerPolynomial25519::carryReduce (639 bytes)

VM state: not at safepoint (normal execution)

VM Mutex/Monitor currently owned by a thread: None

Heap address: 0x00000000c0000000, size: 1024 MB, Compressed Oops mode: 32-bit

CDS archive(s) not mapped
Compressed class space mapped at: 0x0000000100000000-0x0000000140000000, reserved size: 1073741824
Narrow klass base: 0x0000000000000000, Narrow klass shift: 3, Narrow klass range: 0x140000000

GC Precious Log:
 CPUs: 8 total, 8 available
 Memory: 16281M
 Large Page Support: Disabled
 NUMA Support: Disabled
 Compressed Oops: Enabled (32-bit)
 Alignments: Space 512K, Generation 512K, Heap 2M
 Heap Min Capacity: 100M
 Heap Initial Capacity: 100M
 Heap Max Capacity: 1G
 Pre-touch: Disabled
 Parallel Workers: 8

Heap:
 PSYoungGen      total 25088K, used 17473K [0x00000000eab00000, 0x00000000ec600000, 0x0000000100000000)
  eden space 22016K, 72% used [0x00000000eab00000,0x00000000ebaa3850,0x00000000ec080000)
  from space 3072K, 47% used [0x00000000ec080000,0x00000000ec1ecfa0,0x00000000ec380000)
  to   space 2048K, 0% used [0x00000000ec400000,0x00000000ec400000,0x00000000ec600000)
 ParOldGen       total 68608K, used 22202K [0x00000000c0000000, 0x00000000c4300000, 0x00000000eab00000)
  object space 68608K, 32% used [0x00000000c0000000,0x00000000c15aeaa8,0x00000000c4300000)
 Metaspace       used 51561K, committed 52544K, reserved 1114112K
  class space    used 5571K, committed 6016K, reserved 1048576K

Card table byte_map: [0x0000021a7d190000,0x0000021a7d3a0000] _byte_map_base: 0x0000021a7cb90000

Marking Bits: (ParMarkBitMap*) 0x00007ffc89a9d820
 Begin Bits: [0x0000021a7d8a0000, 0x0000021a7e8a0000)
 End Bits:   [0x0000021a7e8a0000, 0x0000021a7f8a0000)

Polling page: 0x0000021a7b7d0000

Metaspace:

Usage:
  Non-class:     44.91 MB used.
      Class:      5.44 MB used.
       Both:     50.35 MB used.

Virtual space:
  Non-class space:       64.00 MB reserved,      45.44 MB ( 71%) committed,  1 nodes.
      Class space:        1.00 GB reserved,       5.88 MB ( <1%) committed,  1 nodes.
             Both:        1.06 GB reserved,      51.31 MB (  5%) committed. 

Chunk freelists:
   Non-Class:  2.14 MB
       Class:  10.08 MB
        Both:  12.22 MB

MaxMetaspaceSize: unlimited
CompressedClassSpaceSize: 1.00 GB
Initial GC threshold: 21.00 MB
Current GC threshold: 58.38 MB
CDS: off
MetaspaceReclaimPolicy: balanced
 - commit_granule_bytes: 65536.
 - commit_granule_words: 8192.
 - virtual_space_node_default_size: 8388608.
 - enlarge_chunks_in_place: 1.
 - new_chunks_are_fully_committed: 0.
 - uncommit_free_chunks: 1.
 - use_allocation_guard: 0.
 - handle_deallocations: 1.


Internal statistics:

num_allocs_failed_limit: 6.
num_arena_births: 706.
num_arena_deaths: 14.
num_vsnodes_births: 2.
num_vsnodes_deaths: 0.
num_space_committed: 820.
num_space_uncommitted: 0.
num_chunks_returned_to_freelist: 20.
num_chunks_taken_from_freelist: 2559.
num_chunk_merges: 8.
num_chunk_splits: 1562.
num_chunks_enlarged: 854.
num_inconsistent_stats: 0.

CodeHeap 'non-profiled nmethods': size=120000Kb used=2407Kb max_used=2534Kb free=117592Kb
 bounds [0x0000021a0a6b0000, 0x0000021a0a940000, 0x0000021a11be0000]
CodeHeap 'profiled nmethods': size=120000Kb used=9155Kb max_used=10515Kb free=110844Kb
 bounds [0x0000021a02be0000, 0x0000021a03630000, 0x0000021a0a110000]
CodeHeap 'non-nmethods': size=5760Kb used=1338Kb max_used=1405Kb free=4421Kb
 bounds [0x0000021a0a110000, 0x0000021a0a380000, 0x0000021a0a6b0000]
 total_blobs=5312 nmethods=4643 adapters=583
 compilation: enabled
              stopped_count=0, restarted_count=0
 full_count=0

Compilation events (20 events):
Event: 19.619 Thread 0x0000021a7fa9ce90 nmethod 5439 0x0000021a02d31a10 code [0x0000021a02d31bc0, 0x0000021a02d31de8]
Event: 19.620 Thread 0x0000021a7fa9ce90 5447       3       java.util.Comparator::thenComparing (12 bytes)
Event: 19.621 Thread 0x0000021a7fa9ce90 nmethod 5447 0x0000021a02c14710 code [0x0000021a02c14960, 0x0000021a02c15538]
Event: 19.622 Thread 0x0000021a183fe0c0 nmethod 5287 0x0000021a0a7a4d90 code [0x0000021a0a7a4f40, 0x0000021a0a7a5658]
Event: 19.623 Thread 0x0000021a183fe0c0 5432       4       sun.security.util.math.intpoly.IntegerPolynomial::conditionalAssign (46 bytes)
Event: 19.624 Thread 0x0000021a7fa9ce90 5448       3       com.google.inject.internal.MoreTypes::canonicalize (143 bytes)
Event: 19.626 Thread 0x0000021a7fa9ce90 nmethod 5448 0x0000021a02e80990 code [0x0000021a02e80ce0, 0x0000021a02e82518]
Event: 19.628 Thread 0x0000021a7fa9ce90 5449       3       com.google.inject.internal.MoreTypes::getRawType (141 bytes)
Event: 19.630 Thread 0x0000021a7fa9ce90 nmethod 5449 0x0000021a032c8a10 code [0x0000021a032c8d40, 0x0000021a032ca068]
Event: 19.630 Thread 0x0000021a7fa9ce90 5450   !   3       org.eclipse.sisu.wire.DependencyAnalyzer::analyzeImplementation (131 bytes)
Event: 19.632 Thread 0x0000021a7fa9ce90 nmethod 5450 0x0000021a03568690 code [0x0000021a03568980, 0x0000021a03569978]
Event: 19.632 Thread 0x0000021a7fa9ce90 5452  s    3       java.io.ByteArrayInputStream::read (36 bytes)
Event: 19.632 Thread 0x0000021a7fa9ce90 nmethod 5452 0x0000021a02df0c90 code [0x0000021a02df0e40, 0x0000021a02df1098]
Event: 19.632 Thread 0x0000021a7fa9ce90 5451       3       java.io.ByteArrayInputStream::<init> (26 bytes)
Event: 19.632 Thread 0x0000021a7fa9ce90 nmethod 5451 0x0000021a02c14110 code [0x0000021a02c142c0, 0x0000021a02c144b8]
Event: 19.632 Thread 0x0000021a7fa9ce90 5453       3       java.io.DataInputStream::read (11 bytes)
Event: 19.633 Thread 0x0000021a183fe0c0 nmethod 5432 0x0000021a0a70eb10 code [0x0000021a0a70ec80, 0x0000021a0a70ee58]
Event: 19.633 Thread 0x0000021a7fa9ce90 nmethod 5453 0x0000021a02d15190 code [0x0000021a02d15340, 0x0000021a02d15508]
Event: 19.633 Thread 0x0000021a183fe0c0 5433       4       sun.security.util.math.intpoly.IntegerPolynomial::multByInt (30 bytes)
Event: 19.633 Thread 0x0000021a7fa9ce90 5454       3       sun.security.util.MemoryCache::emptyQueue (93 bytes)

GC Heap History (20 events):
Event: 17.289 GC heap before
{Heap before GC invocations=10 (full 1):
 PSYoungGen      total 28160K, used 28128K [0x00000000eab00000, 0x00000000ecf80000, 0x0000000100000000)
  eden space 23552K, 100% used [0x00000000eab00000,0x00000000ec200000,0x00000000ec200000)
  from space 4608K, 99% used [0x00000000ec880000,0x00000000eccf82b8,0x00000000ecd00000)
  to   space 6656K, 0% used [0x00000000ec200000,0x00000000ec200000,0x00000000ec880000)
 ParOldGen       total 68608K, used 12726K [0x00000000c0000000, 0x00000000c4300000, 0x00000000eab00000)
  object space 68608K, 18% used [0x00000000c0000000,0x00000000c0c6d9d0,0x00000000c4300000)
 Metaspace       used 32444K, committed 33216K, reserved 1114112K
  class space    used 3255K, committed 3584K, reserved 1048576K
}
Event: 17.293 GC heap after
{Heap after GC invocations=10 (full 1):
 PSYoungGen      total 28672K, used 5285K [0x00000000eab00000, 0x00000000ecc80000, 0x0000000100000000)
  eden space 23040K, 0% used [0x00000000eab00000,0x00000000eab00000,0x00000000ec180000)
  from space 5632K, 93% used [0x00000000ec200000,0x00000000ec729498,0x00000000ec780000)
  to   space 5120K, 0% used [0x00000000ec780000,0x00000000ec780000,0x00000000ecc80000)
 ParOldGen       total 68608K, used 14309K [0x00000000c0000000, 0x00000000c4300000, 0x00000000eab00000)
  object space 68608K, 20% used [0x00000000c0000000,0x00000000c0df9648,0x00000000c4300000)
 Metaspace       used 32444K, committed 33216K, reserved 1114112K
  class space    used 3255K, committed 3584K, reserved 1048576K
}
Event: 17.526 GC heap before
{Heap before GC invocations=11 (full 1):
 PSYoungGen      total 28672K, used 28325K [0x00000000eab00000, 0x00000000ecc80000, 0x0000000100000000)
  eden space 23040K, 100% used [0x00000000eab00000,0x00000000ec180000,0x00000000ec180000)
  from space 5632K, 93% used [0x00000000ec200000,0x00000000ec729498,0x00000000ec780000)
  to   space 5120K, 0% used [0x00000000ec780000,0x00000000ec780000,0x00000000ecc80000)
 ParOldGen       total 68608K, used 14309K [0x00000000c0000000, 0x00000000c4300000, 0x00000000eab00000)
  object space 68608K, 20% used [0x00000000c0000000,0x00000000c0df9648,0x00000000c4300000)
 Metaspace       used 34167K, committed 34944K, reserved 1114112K
  class space    used 3357K, committed 3712K, reserved 1048576K
}
Event: 17.530 GC heap after
{Heap after GC invocations=11 (full 1):
 PSYoungGen      total 26112K, used 3130K [0x00000000eab00000, 0x00000000ecb00000, 0x0000000100000000)
  eden space 22528K, 0% used [0x00000000eab00000,0x00000000eab00000,0x00000000ec100000)
  from space 3584K, 87% used [0x00000000ec780000,0x00000000eca8e978,0x00000000ecb00000)
  to   space 4096K, 0% used [0x00000000ec300000,0x00000000ec300000,0x00000000ec700000)
 ParOldGen       total 68608K, used 16515K [0x00000000c0000000, 0x00000000c4300000, 0x00000000eab00000)
  object space 68608K, 24% used [0x00000000c0000000,0x00000000c1020e90,0x00000000c4300000)
 Metaspace       used 34167K, committed 34944K, reserved 1114112K
  class space    used 3357K, committed 3712K, reserved 1048576K
}
Event: 17.659 GC heap before
{Heap before GC invocations=12 (full 1):
 PSYoungGen      total 26112K, used 10324K [0x00000000eab00000, 0x00000000ecb00000, 0x0000000100000000)
  eden space 22528K, 31% used [0x00000000eab00000,0x00000000eb206818,0x00000000ec100000)
  from space 3584K, 87% used [0x00000000ec780000,0x00000000eca8e978,0x00000000ecb00000)
  to   space 4096K, 0% used [0x00000000ec300000,0x00000000ec300000,0x00000000ec700000)
 ParOldGen       total 68608K, used 16515K [0x00000000c0000000, 0x00000000c4300000, 0x00000000eab00000)
  object space 68608K, 24% used [0x00000000c0000000,0x00000000c1020e90,0x00000000c4300000)
 Metaspace       used 35120K, committed 35840K, reserved 1114112K
  class space    used 3455K, committed 3776K, reserved 1048576K
}
Event: 17.663 GC heap after
{Heap after GC invocations=12 (full 1):
 PSYoungGen      total 23552K, used 802K [0x00000000eab00000, 0x00000000ec800000, 0x0000000100000000)
  eden space 22528K, 0% used [0x00000000eab00000,0x00000000eab00000,0x00000000ec100000)
  from space 1024K, 78% used [0x00000000ec300000,0x00000000ec3c8aa8,0x00000000ec400000)
  to   space 2048K, 0% used [0x00000000ec600000,0x00000000ec600000,0x00000000ec800000)
 ParOldGen       total 68608K, used 19492K [0x00000000c0000000, 0x00000000c4300000, 0x00000000eab00000)
  object space 68608K, 28% used [0x00000000c0000000,0x00000000c13090c8,0x00000000c4300000)
 Metaspace       used 35120K, committed 35840K, reserved 1114112K
  class space    used 3455K, committed 3776K, reserved 1048576K
}
Event: 17.663 GC heap before
{Heap before GC invocations=13 (full 2):
 PSYoungGen      total 23552K, used 802K [0x00000000eab00000, 0x00000000ec800000, 0x0000000100000000)
  eden space 22528K, 0% used [0x00000000eab00000,0x00000000eab00000,0x00000000ec100000)
  from space 1024K, 78% used [0x00000000ec300000,0x00000000ec3c8aa8,0x00000000ec400000)
  to   space 2048K, 0% used [0x00000000ec600000,0x00000000ec600000,0x00000000ec800000)
 ParOldGen       total 68608K, used 19492K [0x00000000c0000000, 0x00000000c4300000, 0x00000000eab00000)
  object space 68608K, 28% used [0x00000000c0000000,0x00000000c13090c8,0x00000000c4300000)
 Metaspace       used 35120K, committed 35840K, reserved 1114112K
  class space    used 3455K, committed 3776K, reserved 1048576K
}
Event: 17.711 GC heap after
{Heap after GC invocations=13 (full 2):
 PSYoungGen      total 23552K, used 0K [0x00000000eab00000, 0x00000000ec800000, 0x0000000100000000)
  eden space 22528K, 0% used [0x00000000eab00000,0x00000000eab00000,0x00000000ec100000)
  from space 1024K, 0% used [0x00000000ec300000,0x00000000ec300000,0x00000000ec400000)
  to   space 2048K, 0% used [0x00000000ec600000,0x00000000ec600000,0x00000000ec800000)
 ParOldGen       total 68608K, used 17630K [0x00000000c0000000, 0x00000000c4300000, 0x00000000eab00000)
  object space 68608K, 25% used [0x00000000c0000000,0x00000000c11378e8,0x00000000c4300000)
 Metaspace       used 35107K, committed 35840K, reserved 1114112K
  class space    used 3451K, committed 3776K, reserved 1048576K
}
Event: 18.122 GC heap before
{Heap before GC invocations=14 (full 2):
 PSYoungGen      total 23552K, used 22528K [0x00000000eab00000, 0x00000000ec800000, 0x0000000100000000)
  eden space 22528K, 100% used [0x00000000eab00000,0x00000000ec100000,0x00000000ec100000)
  from space 1024K, 0% used [0x00000000ec300000,0x00000000ec300000,0x00000000ec400000)
  to   space 2048K, 0% used [0x00000000ec600000,0x00000000ec600000,0x00000000ec800000)
 ParOldGen       total 68608K, used 17630K [0x00000000c0000000, 0x00000000c4300000, 0x00000000eab00000)
  object space 68608K, 25% used [0x00000000c0000000,0x00000000c11378e8,0x00000000c4300000)
 Metaspace       used 38291K, committed 39232K, reserved 1114112K
  class space    used 3824K, committed 4224K, reserved 1048576K
}
Event: 18.124 GC heap after
{Heap after GC invocations=14 (full 2):
 PSYoungGen      total 23552K, used 1110K [0x00000000eab00000, 0x00000000ec780000, 0x0000000100000000)
  eden space 22016K, 0% used [0x00000000eab00000,0x00000000eab00000,0x00000000ec080000)
  from space 1536K, 72% used [0x00000000ec600000,0x00000000ec715a98,0x00000000ec780000)
  to   space 1536K, 0% used [0x00000000ec480000,0x00000000ec480000,0x00000000ec600000)
 ParOldGen       total 68608K, used 17638K [0x00000000c0000000, 0x00000000c4300000, 0x00000000eab00000)
  object space 68608K, 25% used [0x00000000c0000000,0x00000000c11398e8,0x00000000c4300000)
 Metaspace       used 38291K, committed 39232K, reserved 1114112K
  class space    used 3824K, committed 4224K, reserved 1048576K
}
Event: 18.322 GC heap before
{Heap before GC invocations=15 (full 2):
 PSYoungGen      total 23552K, used 23126K [0x00000000eab00000, 0x00000000ec780000, 0x0000000100000000)
  eden space 22016K, 100% used [0x00000000eab00000,0x00000000ec080000,0x00000000ec080000)
  from space 1536K, 72% used [0x00000000ec600000,0x00000000ec715a98,0x00000000ec780000)
  to   space 1536K, 0% used [0x00000000ec480000,0x00000000ec480000,0x00000000ec600000)
 ParOldGen       total 68608K, used 17638K [0x00000000c0000000, 0x00000000c4300000, 0x00000000eab00000)
  object space 68608K, 25% used [0x00000000c0000000,0x00000000c11398e8,0x00000000c4300000)
 Metaspace       used 39962K, committed 40832K, reserved 1114112K
  class space    used 4048K, committed 4352K, reserved 1048576K
}
Event: 18.324 GC heap after
{Heap after GC invocations=15 (full 2):
 PSYoungGen      total 22528K, used 352K [0x00000000eab00000, 0x00000000ec680000, 0x0000000100000000)
  eden space 22016K, 0% used [0x00000000eab00000,0x00000000eab00000,0x00000000ec080000)
  from space 512K, 68% used [0x00000000ec480000,0x00000000ec4d8000,0x00000000ec500000)
  to   space 1024K, 0% used [0x00000000ec580000,0x00000000ec580000,0x00000000ec680000)
 ParOldGen       total 68608K, used 18647K [0x00000000c0000000, 0x00000000c4300000, 0x00000000eab00000)
  object space 68608K, 27% used [0x00000000c0000000,0x00000000c1235c48,0x00000000c4300000)
 Metaspace       used 39962K, committed 40832K, reserved 1114112K
  class space    used 4048K, committed 4352K, reserved 1048576K
}
Event: 18.588 GC heap before
{Heap before GC invocations=16 (full 2):
 PSYoungGen      total 22528K, used 22368K [0x00000000eab00000, 0x00000000ec680000, 0x0000000100000000)
  eden space 22016K, 100% used [0x00000000eab00000,0x00000000ec080000,0x00000000ec080000)
  from space 512K, 68% used [0x00000000ec480000,0x00000000ec4d8000,0x00000000ec500000)
  to   space 1024K, 0% used [0x00000000ec580000,0x00000000ec580000,0x00000000ec680000)
 ParOldGen       total 68608K, used 18647K [0x00000000c0000000, 0x00000000c4300000, 0x00000000eab00000)
  object space 68608K, 27% used [0x00000000c0000000,0x00000000c1235c48,0x00000000c4300000)
 Metaspace       used 42231K, committed 43200K, reserved 1114112K
  class space    used 4375K, committed 4800K, reserved 1048576K
}
Event: 18.590 GC heap after
{Heap after GC invocations=16 (full 2):
 PSYoungGen      total 23040K, used 861K [0x00000000eab00000, 0x00000000ec680000, 0x0000000100000000)
  eden space 22016K, 0% used [0x00000000eab00000,0x00000000eab00000,0x00000000ec080000)
  from space 1024K, 84% used [0x00000000ec580000,0x00000000ec657658,0x00000000ec680000)
  to   space 1024K, 0% used [0x00000000ec480000,0x00000000ec480000,0x00000000ec580000)
 ParOldGen       total 68608K, used 18889K [0x00000000c0000000, 0x00000000c4300000, 0x00000000eab00000)
  object space 68608K, 27% used [0x00000000c0000000,0x00000000c1272488,0x00000000c4300000)
 Metaspace       used 42231K, committed 43200K, reserved 1114112K
  class space    used 4375K, committed 4800K, reserved 1048576K
}
Event: 18.895 GC heap before
{Heap before GC invocations=17 (full 2):
 PSYoungGen      total 23040K, used 22841K [0x00000000eab00000, 0x00000000ec680000, 0x0000000100000000)
  eden space 22016K, 99% used [0x00000000eab00000,0x00000000ec077170,0x00000000ec080000)
  from space 1024K, 84% used [0x00000000ec580000,0x00000000ec657658,0x00000000ec680000)
  to   space 1024K, 0% used [0x00000000ec480000,0x00000000ec480000,0x00000000ec580000)
 ParOldGen       total 68608K, used 18889K [0x00000000c0000000, 0x00000000c4300000, 0x00000000eab00000)
  object space 68608K, 27% used [0x00000000c0000000,0x00000000c1272488,0x00000000c4300000)
 Metaspace       used 43975K, committed 44928K, reserved 1114112K
  class space    used 4606K, committed 5056K, reserved 1048576K
}
Event: 18.898 GC heap after
{Heap after GC invocations=17 (full 2):
 PSYoungGen      total 23040K, used 1020K [0x00000000eab00000, 0x00000000ec600000, 0x0000000100000000)
  eden space 22016K, 0% used [0x00000000eab00000,0x00000000eab00000,0x00000000ec080000)
  from space 1024K, 99% used [0x00000000ec480000,0x00000000ec57f248,0x00000000ec580000)
  to   space 512K, 0% used [0x00000000ec580000,0x00000000ec580000,0x00000000ec600000)
 ParOldGen       total 68608K, used 19802K [0x00000000c0000000, 0x00000000c4300000, 0x00000000eab00000)
  object space 68608K, 28% used [0x00000000c0000000,0x00000000c1356a40,0x00000000c4300000)
 Metaspace       used 43975K, committed 44928K, reserved 1114112K
  class space    used 4606K, committed 5056K, reserved 1048576K
}
Event: 19.176 GC heap before
{Heap before GC invocations=18 (full 2):
 PSYoungGen      total 23040K, used 23036K [0x00000000eab00000, 0x00000000ec600000, 0x0000000100000000)
  eden space 22016K, 100% used [0x00000000eab00000,0x00000000ec080000,0x00000000ec080000)
  from space 1024K, 99% used [0x00000000ec480000,0x00000000ec57f248,0x00000000ec580000)
  to   space 512K, 0% used [0x00000000ec580000,0x00000000ec580000,0x00000000ec600000)
 ParOldGen       total 68608K, used 19802K [0x00000000c0000000, 0x00000000c4300000, 0x00000000eab00000)
  object space 68608K, 28% used [0x00000000c0000000,0x00000000c1356a40,0x00000000c4300000)
 Metaspace       used 46344K, committed 47296K, reserved 1114112K
  class space    used 4900K, committed 5312K, reserved 1048576K
}
Event: 19.179 GC heap after
{Heap after GC invocations=18 (full 2):
 PSYoungGen      total 22528K, used 512K [0x00000000eab00000, 0x00000000ec680000, 0x0000000100000000)
  eden space 22016K, 0% used [0x00000000eab00000,0x00000000eab00000,0x00000000ec080000)
  from space 512K, 100% used [0x00000000ec580000,0x00000000ec600000,0x00000000ec600000)
  to   space 3072K, 0% used [0x00000000ec080000,0x00000000ec080000,0x00000000ec380000)
 ParOldGen       total 68608K, used 21742K [0x00000000c0000000, 0x00000000c4300000, 0x00000000eab00000)
  object space 68608K, 31% used [0x00000000c0000000,0x00000000c153b8a8,0x00000000c4300000)
 Metaspace       used 46344K, committed 47296K, reserved 1114112K
  class space    used 4900K, committed 5312K, reserved 1048576K
}
Event: 19.423 GC heap before
{Heap before GC invocations=19 (full 2):
 PSYoungGen      total 22528K, used 22528K [0x00000000eab00000, 0x00000000ec680000, 0x0000000100000000)
  eden space 22016K, 100% used [0x00000000eab00000,0x00000000ec080000,0x00000000ec080000)
  from space 512K, 100% used [0x00000000ec580000,0x00000000ec600000,0x00000000ec600000)
  to   space 3072K, 0% used [0x00000000ec080000,0x00000000ec080000,0x00000000ec380000)
 ParOldGen       total 68608K, used 21742K [0x00000000c0000000, 0x00000000c4300000, 0x00000000eab00000)
  object space 68608K, 31% used [0x00000000c0000000,0x00000000c153b8a8,0x00000000c4300000)
 Metaspace       used 49424K, committed 50432K, reserved 1114112K
  class space    used 5293K, committed 5760K, reserved 1048576K
}
Event: 19.426 GC heap after
{Heap after GC invocations=19 (full 2):
 PSYoungGen      total 25088K, used 1459K [0x00000000eab00000, 0x00000000ec600000, 0x0000000100000000)
  eden space 22016K, 0% used [0x00000000eab00000,0x00000000eab00000,0x00000000ec080000)
  from space 3072K, 47% used [0x00000000ec080000,0x00000000ec1ecfa0,0x00000000ec380000)
  to   space 2048K, 0% used [0x00000000ec400000,0x00000000ec400000,0x00000000ec600000)
 ParOldGen       total 68608K, used 22202K [0x00000000c0000000, 0x00000000c4300000, 0x00000000eab00000)
  object space 68608K, 32% used [0x00000000c0000000,0x00000000c15aeaa8,0x00000000c4300000)
 Metaspace       used 49424K, committed 50432K, reserved 1114112K
  class space    used 5293K, committed 5760K, reserved 1048576K
}

Dll operation events (12 events):
Event: 0.033 Loaded shared library c:\Users\aerly-dell\.vscode\extensions\redhat.java-1.33.0-win32-x64\jre\17.0.11-win32-x86_64\bin\java.dll
Event: 0.727 Loaded shared library c:\Users\aerly-dell\.vscode\extensions\redhat.java-1.33.0-win32-x64\jre\17.0.11-win32-x86_64\bin\zip.dll
Event: 0.757 Loaded shared library C:\Users\aerly-dell\.vscode\extensions\redhat.java-1.33.0-win32-x64\jre\17.0.11-win32-x86_64\bin\instrument.dll
Event: 0.868 Loaded shared library C:\Users\aerly-dell\.vscode\extensions\redhat.java-1.33.0-win32-x64\jre\17.0.11-win32-x86_64\bin\net.dll
Event: 0.873 Loaded shared library C:\Users\aerly-dell\.vscode\extensions\redhat.java-1.33.0-win32-x64\jre\17.0.11-win32-x86_64\bin\nio.dll
Event: 0.906 Loaded shared library C:\Users\aerly-dell\.vscode\extensions\redhat.java-1.33.0-win32-x64\jre\17.0.11-win32-x86_64\bin\zip.dll
Event: 1.063 Loaded shared library C:\Users\aerly-dell\.vscode\extensions\redhat.java-1.33.0-win32-x64\jre\17.0.11-win32-x86_64\bin\jimage.dll
Event: 1.238 Loaded shared library c:\Users\aerly-dell\.vscode\extensions\redhat.java-1.33.0-win32-x64\jre\17.0.11-win32-x86_64\bin\verify.dll
Event: 4.240 Loaded shared library C:\Users\aerly-dell\AppData\Roaming\Code\User\globalStorage\redhat.java\1.33.0\config_win\org.eclipse.equinox.launcher\org.eclipse.equinox.launcher.win32.win32.x86_64_1.2.1100.v20240722-2106\eclipse_11904.dll
Event: 16.191 Loaded shared library C:\Users\aerly-dell\AppData\Local\Temp\jna-1935549811\jna15841375096021204097.dll
Event: 19.265 Loaded shared library C:\Users\aerly-dell\.vscode\extensions\redhat.java-1.33.0-win32-x64\jre\17.0.11-win32-x86_64\bin\extnet.dll
Event: 19.329 Loaded shared library C:\Users\aerly-dell\.vscode\extensions\redhat.java-1.33.0-win32-x64\jre\17.0.11-win32-x86_64\bin\sunmscapi.dll

Deoptimization events (20 events):
Event: 19.546 Thread 0x0000021a1896d430 Uncommon trap: trap_request=0xffffffde fr.pc=0x0000021a0a6d4868 relative=0x0000000000000488
Event: 19.547 Thread 0x0000021a1896d430 Uncommon trap: reason=class_check action=maybe_recompile pc=0x0000021a0a6d4868 method=java.util.HashMap.removeNode(ILjava/lang/Object;Ljava/lang/Object;ZZ)Ljava/util/HashMap$Node; @ 283 c2
Event: 19.547 Thread 0x0000021a1896d430 DEOPT PACKING pc=0x0000021a0a6d4868 sp=0x00000036072feb00
Event: 19.547 Thread 0x0000021a1896d430 DEOPT UNPACKING pc=0x0000021a0a1666a3 sp=0x00000036072fea08 mode 2
Event: 19.548 Thread 0x0000021a1896d430 Uncommon trap: trap_request=0xffffffe4 fr.pc=0x0000021a0a6da79c relative=0x00000000000002fc
Event: 19.548 Thread 0x0000021a1896d430 Uncommon trap: reason=range_check action=make_not_entrant pc=0x0000021a0a6da79c method=sun.security.util.DerValue.<init>([BIIZZ)V @ 83 c2
Event: 19.548 Thread 0x0000021a1896d430 DEOPT PACKING pc=0x0000021a0a6da79c sp=0x00000036072fe3b0
Event: 19.548 Thread 0x0000021a1896d430 DEOPT UNPACKING pc=0x0000021a0a1666a3 sp=0x00000036072fe320 mode 2
Event: 19.561 Thread 0x0000021a1896d430 Uncommon trap: trap_request=0xffffff45 fr.pc=0x0000021a0a799294 relative=0x0000000000000174
Event: 19.561 Thread 0x0000021a1896d430 Uncommon trap: reason=unstable_if action=reinterpret pc=0x0000021a0a799294 method=java.lang.StringLatin1.canEncode(I)Z @ 4 c2
Event: 19.561 Thread 0x0000021a1896d430 DEOPT PACKING pc=0x0000021a0a799294 sp=0x00000036072fe3b0
Event: 19.561 Thread 0x0000021a1896d430 DEOPT UNPACKING pc=0x0000021a0a1666a3 sp=0x00000036072fe208 mode 2
Event: 19.562 Thread 0x0000021a1896d430 Uncommon trap: trap_request=0xffffff45 fr.pc=0x0000021a0a81baf0 relative=0x00000000000005b0
Event: 19.562 Thread 0x0000021a1896d430 Uncommon trap: reason=unstable_if action=reinterpret pc=0x0000021a0a81baf0 method=java.lang.AbstractStringBuilder.appendChars(Ljava/lang/String;II)V @ 11 c2
Event: 19.562 Thread 0x0000021a1896d430 DEOPT PACKING pc=0x0000021a0a81baf0 sp=0x00000036072fe130
Event: 19.562 Thread 0x0000021a1896d430 DEOPT UNPACKING pc=0x0000021a0a1666a3 sp=0x00000036072fe070 mode 2
Event: 19.574 Thread 0x0000021a1896d430 Uncommon trap: trap_request=0xffffff45 fr.pc=0x0000021a0a6f6de0 relative=0x00000000000007e0
Event: 19.574 Thread 0x0000021a1896d430 Uncommon trap: reason=unstable_if action=reinterpret pc=0x0000021a0a6f6de0 method=java.util.TreeMap.getEntry(Ljava/lang/Object;)Ljava/util/TreeMap$Entry; @ 4 c2
Event: 19.574 Thread 0x0000021a1896d430 DEOPT PACKING pc=0x0000021a0a6f6de0 sp=0x00000036072fe1a0
Event: 19.574 Thread 0x0000021a1896d430 DEOPT UNPACKING pc=0x0000021a0a1666a3 sp=0x00000036072fe188 mode 2

Classes unloaded (7 events):
Event: 17.672 Thread 0x0000021a16d114b0 Unloading class 0x0000000100258400 'java/lang/invoke/LambdaForm$MH+0x0000000100258400'
Event: 17.672 Thread 0x0000021a16d114b0 Unloading class 0x0000000100258000 'java/lang/invoke/LambdaForm$MH+0x0000000100258000'
Event: 17.672 Thread 0x0000021a16d114b0 Unloading class 0x0000000100253c00 'java/lang/invoke/LambdaForm$MH+0x0000000100253c00'
Event: 17.672 Thread 0x0000021a16d114b0 Unloading class 0x0000000100253800 'java/lang/invoke/LambdaForm$MH+0x0000000100253800'
Event: 17.672 Thread 0x0000021a16d114b0 Unloading class 0x0000000100253400 'java/lang/invoke/LambdaForm$BMH+0x0000000100253400'
Event: 17.672 Thread 0x0000021a16d114b0 Unloading class 0x0000000100253000 'java/lang/invoke/LambdaForm$DMH+0x0000000100253000'
Event: 17.672 Thread 0x0000021a16d114b0 Unloading class 0x0000000100250400 'java/lang/invoke/LambdaForm$DMH+0x0000000100250400'

Classes redefined (0 events):
No events

Internal exceptions (20 events):
Event: 17.917 Thread 0x0000021a187dbfc0 Exception <a 'java/lang/UnsatisfiedLinkError'{0x00000000eb3055d8}: 找不到指定的程序。
> (0x00000000eb3055d8) 
thrown [s\src\hotspot\share\prims\jni.cpp, line 535]
Event: 17.922 Thread 0x0000021a187dbfc0 Exception <a 'java/io/FileNotFoundException'{0x00000000eb31da28}> (0x00000000eb31da28) 
thrown [s\src\hotspot\share\prims\jni.cpp, line 516]
Event: 17.940 Thread 0x0000021a187dbfc0 Exception <a 'java/lang/UnsatisfiedLinkError'{0x00000000eb3ee3f8}: 找不到指定的程序。
> (0x00000000eb3ee3f8) 
thrown [s\src\hotspot\share\prims\jni.cpp, line 535]
Event: 18.002 Thread 0x0000021a187dbfc0 Exception <a 'java/lang/UnsatisfiedLinkError'{0x00000000eb7ab160}: 找不到指定的程序。
> (0x00000000eb7ab160) 
thrown [s\src\hotspot\share\prims\jni.cpp, line 535]
Event: 18.049 Thread 0x0000021a1896ca10 Exception <a 'java/lang/NoSuchMethodError'{0x00000000ebabfe70}: 'java.lang.Object java.lang.invoke.DirectMethodHandle$Holder.invokeSpecialIFC(java.lang.Object, java.lang.Object, java.lang.Object, java.lang.Object)'> (0x00000000ebabfe70) 
thrown [s\src\hotspot\share\interpreter\linkResolver.cpp, line 759]
Event: 18.186 Thread 0x0000021a7d7f1970 Exception <a 'java/lang/NoSuchMethodError'{0x00000000eb851cb0}: 'java.lang.Object java.lang.invoke.DirectMethodHandle$Holder.invokeStatic(java.lang.Object, java.lang.Object, long, java.lang.Object)'> (0x00000000eb851cb0) 
thrown [s\src\hotspot\share\interpreter\linkResolver.cpp, line 759]
Event: 18.186 Thread 0x0000021a7d7f1970 Exception <a 'java/lang/NoSuchMethodError'{0x00000000eb855748}: 'java.lang.Object java.lang.invoke.DirectMethodHandle$Holder.invokeStaticInit(java.lang.Object, java.lang.Object, long, java.lang.Object)'> (0x00000000eb855748) 
thrown [s\src\hotspot\share\interpreter\linkResolver.cpp, line 759]
Event: 18.187 Thread 0x0000021a7d7f1970 Exception <a 'java/lang/NoSuchMethodError'{0x00000000eb85bff8}: 'java.lang.Object java.lang.invoke.DirectMethodHandle$Holder.newInvokeSpecial(java.lang.Object, java.lang.Object, long)'> (0x00000000eb85bff8) 
thrown [s\src\hotspot\share\interpreter\linkResolver.cpp, line 759]
Event: 18.295 Thread 0x0000021a7d7f1970 Exception <a 'java/lang/NoSuchMethodError'{0x00000000ebe5a830}: 'void java.lang.invoke.DirectMethodHandle$Holder.invokeStatic(java.lang.Object, java.lang.Object, java.lang.Object, java.lang.Object)'> (0x00000000ebe5a830) 
thrown [s\src\hotspot\share\interpreter\linkResolver.cpp, line 759]
Event: 18.318 Thread 0x0000021a1896ca10 Exception <a 'java/lang/NoSuchMethodError'{0x00000000ec020798}: 'int java.lang.invoke.DirectMethodHandle$Holder.invokeSpecialIFC(java.lang.Object, java.lang.Object, java.lang.Object, java.lang.Object, java.lang.Object)'> (0x00000000ec020798) 
thrown [s\src\hotspot\share\interpreter\linkResolver.cpp, line 759]
Event: 18.508 Thread 0x0000021a1896ca10 Exception <a 'java/lang/NoClassDefFoundError'{0x00000000eb8f29f0}: javax/enterprise/inject/Typed> (0x00000000eb8f29f0) 
thrown [s\src\hotspot\share\classfile\systemDictionary.cpp, line 245]
Event: 18.552 Thread 0x0000021a7d7f1970 Exception <a 'java/lang/NoSuchMethodError'{0x00000000ebd26820}: 'void java.lang.invoke.DirectMethodHandle$Holder.invokeSpecial(java.lang.Object, java.lang.Object, java.lang.Object, java.lang.Object, java.lang.Object, java.lang.Object)'> (0x00000000ebd26820) 
thrown [s\src\hotspot\share\interpreter\linkResolver.cpp, line 759]
Event: 18.554 Thread 0x0000021a7d7f1970 Exception <a 'java/lang/IncompatibleClassChangeError'{0x00000000ebd30050}: Found class java.lang.Object, but interface was expected> (0x00000000ebd30050) 
thrown [s\src\hotspot\share\interpreter\linkResolver.cpp, line 826]
Event: 18.959 Thread 0x0000021a1896c500 Exception <a 'java/io/FileNotFoundException'{0x00000000eb14cbb0}> (0x00000000eb14cbb0) 
thrown [s\src\hotspot\share\prims\jni.cpp, line 516]
Event: 18.964 Thread 0x0000021a1896d430 Exception <a 'sun/nio/fs/WindowsException'{0x00000000eb1e7718}> (0x00000000eb1e7718) 
thrown [s\src\hotspot\share\prims\jni.cpp, line 516]
Event: 19.031 Thread 0x0000021a1896c500 Exception <a 'java/lang/NoSuchMethodError'{0x00000000eb5b80a8}: 'int java.lang.invoke.DirectMethodHandle$Holder.invokeSpecial(java.lang.Object, java.lang.Object, java.lang.Object, java.lang.Object)'> (0x00000000eb5b80a8) 
thrown [s\src\hotspot\share\interpreter\linkResolver.cpp, line 759]
Event: 19.039 Thread 0x0000021a1896c500 Exception <a 'java/lang/NoSuchMethodError'{0x00000000eb66e048}: 'java.lang.Object java.lang.invoke.DirectMethodHandle$Holder.invokeStatic(java.lang.Object, int, java.lang.Object, java.lang.Object)'> (0x00000000eb66e048) 
thrown [s\src\hotspot\share\interpreter\linkResolver.cpp, line 759]
Event: 19.040 Thread 0x0000021a1896c500 Exception <a 'java/lang/NoSuchMethodError'{0x00000000eb671b80}: 'java.lang.Object java.lang.invoke.DelegatingMethodHandle$Holder.delegate(java.lang.Object, int, java.lang.Object, java.lang.Object)'> (0x00000000eb671b80) 
thrown [s\src\hotspot\share\interpreter\linkResolver.cpp, line 759]
Event: 19.046 Thread 0x0000021a1896c500 Exception <a 'java/lang/NoSuchMethodError'{0x00000000eb6a2b58}: 'int java.lang.invoke.Invokers$Holder.linkToTargetMethod(java.lang.Object, java.lang.Object, java.lang.Object)'> (0x00000000eb6a2b58) 
thrown [s\src\hotspot\share\interpreter\linkResolver.cpp, line 759]
Event: 19.574 Thread 0x0000021a1896d430 Implicit null exception at 0x0000021a0a6f6640 to 0x0000021a0a6f6dcc

VM Operations (20 events):
Event: 19.071 Executing VM operation: HandshakeAllThreads
Event: 19.071 Executing VM operation: HandshakeAllThreads done
Event: 19.176 Executing VM operation: ParallelGCFailedAllocation
Event: 19.180 Executing VM operation: ParallelGCFailedAllocation done
Event: 19.183 Executing VM operation: HandshakeAllThreads
Event: 19.183 Executing VM operation: HandshakeAllThreads done
Event: 19.246 Executing VM operation: HandshakeAllThreads
Event: 19.246 Executing VM operation: HandshakeAllThreads done
Event: 19.361 Executing VM operation: HandshakeAllThreads
Event: 19.362 Executing VM operation: HandshakeAllThreads done
Event: 19.385 Executing VM operation: HandshakeAllThreads
Event: 19.385 Executing VM operation: HandshakeAllThreads done
Event: 19.411 Executing VM operation: HandshakeAllThreads
Event: 19.411 Executing VM operation: HandshakeAllThreads done
Event: 19.423 Executing VM operation: ParallelGCFailedAllocation
Event: 19.426 Executing VM operation: ParallelGCFailedAllocation done
Event: 19.475 Executing VM operation: HandshakeAllThreads
Event: 19.475 Executing VM operation: HandshakeAllThreads done
Event: 19.518 Executing VM operation: HandshakeAllThreads
Event: 19.518 Executing VM operation: HandshakeAllThreads done

Events (20 events):
Event: 19.622 loading class java/util/Vector$Itr
Event: 19.622 loading class java/util/Vector$Itr done
Event: 19.622 loading class sun/security/validator/CADistrustPolicy
Event: 19.623 loading class sun/security/validator/CADistrustPolicy done
Event: 19.623 loading class sun/security/validator/CADistrustPolicy$1
Event: 19.623 loading class sun/security/validator/CADistrustPolicy$1 done
Event: 19.623 loading class sun/security/validator/CADistrustPolicy$2
Event: 19.623 loading class sun/security/validator/CADistrustPolicy$2 done
Event: 19.623 loading class java/util/RegularEnumSet$EnumSetIterator
Event: 19.624 loading class java/util/RegularEnumSet$EnumSetIterator done
Event: 19.624 loading class sun/security/validator/SymantecTLSPolicy
Event: 19.627 loading class sun/security/validator/SymantecTLSPolicy done
Event: 19.627 loading class java/time/Month
Event: 19.629 loading class java/time/Month done
Event: 19.630 loading class sun/security/util/AnchorCertificates
Event: 19.630 loading class sun/security/util/AnchorCertificates done
Event: 19.630 loading class sun/security/util/AnchorCertificates$1
Event: 19.630 loading class sun/security/util/AnchorCertificates$1 done
Event: 19.630 loading class sun/security/provider/JavaKeyStore$DualFormatJKS
Event: 19.631 loading class sun/security/provider/JavaKeyStore$DualFormatJKS done


Dynamic libraries:
0x00007ff616950000 - 0x00007ff61695e000 	c:\Users\aerly-dell\.vscode\extensions\redhat.java-1.33.0-win32-x64\jre\17.0.11-win32-x86_64\bin\java.exe
0x00007ffcfea10000 - 0x00007ffcfec27000 	C:\WINDOWS\SYSTEM32\ntdll.dll
0x00007ffcfd6f0000 - 0x00007ffcfd7b4000 	C:\WINDOWS\System32\KERNEL32.DLL
0x00007ffcfc160000 - 0x00007ffcfc50d000 	C:\WINDOWS\System32\KERNELBASE.dll
0x00007ffcfbf60000 - 0x00007ffcfc071000 	C:\WINDOWS\System32\ucrtbase.dll
0x00007ffcf6480000 - 0x00007ffcf6497000 	c:\Users\aerly-dell\.vscode\extensions\redhat.java-1.33.0-win32-x64\jre\17.0.11-win32-x86_64\bin\jli.dll
0x00007ffcfdc20000 - 0x00007ffcfddce000 	C:\WINDOWS\System32\USER32.dll
0x00007ffcfc130000 - 0x00007ffcfc156000 	C:\WINDOWS\System32\win32u.dll
0x00007ffcfcf30000 - 0x00007ffcfcf59000 	C:\WINDOWS\System32\GDI32.dll
0x00007ffcfbe40000 - 0x00007ffcfbf59000 	C:\WINDOWS\System32\gdi32full.dll
0x00007ffcfbd30000 - 0x00007ffcfbdca000 	C:\WINDOWS\System32\msvcp_win.dll
0x00007ffcf62a0000 - 0x00007ffcf62bb000 	c:\Users\aerly-dell\.vscode\extensions\redhat.java-1.33.0-win32-x64\jre\17.0.11-win32-x86_64\bin\VCRUNTIME140.dll
0x00007ffcf2c60000 - 0x00007ffcf2ef3000 	C:\WINDOWS\WinSxS\amd64_microsoft.windows.common-controls_6595b64144ccf1df_6.0.22621.3672_none_2713b9d173822955\COMCTL32.dll
0x00007ffcfd630000 - 0x00007ffcfd6d7000 	C:\WINDOWS\System32\msvcrt.dll
0x00007ffcfcf60000 - 0x00007ffcfcf91000 	C:\WINDOWS\System32\IMM32.DLL
0x00007ffcf7360000 - 0x00007ffcf736c000 	c:\Users\aerly-dell\.vscode\extensions\redhat.java-1.33.0-win32-x64\jre\17.0.11-win32-x86_64\bin\vcruntime140_1.dll
0x00007ffcbd510000 - 0x00007ffcbd59d000 	c:\Users\aerly-dell\.vscode\extensions\redhat.java-1.33.0-win32-x64\jre\17.0.11-win32-x86_64\bin\msvcp140.dll
0x00007ffc88f00000 - 0x00007ffc89b62000 	c:\Users\aerly-dell\.vscode\extensions\redhat.java-1.33.0-win32-x64\jre\17.0.11-win32-x86_64\bin\server\jvm.dll
0x00007ffcfd7e0000 - 0x00007ffcfd892000 	C:\WINDOWS\System32\ADVAPI32.dll
0x00007ffcfd340000 - 0x00007ffcfd3e9000 	C:\WINDOWS\System32\sechost.dll
0x00007ffcfc080000 - 0x00007ffcfc0a8000 	C:\WINDOWS\System32\bcrypt.dll
0x00007ffcfe8b0000 - 0x00007ffcfe9c4000 	C:\WINDOWS\System32\RPCRT4.dll
0x00007ffcf70d0000 - 0x00007ffcf7104000 	C:\WINDOWS\SYSTEM32\WINMM.dll
0x00007ffce57a0000 - 0x00007ffce57a9000 	C:\WINDOWS\SYSTEM32\WSOCK32.dll
0x00007ffcfd3f0000 - 0x00007ffcfd461000 	C:\WINDOWS\System32\WS2_32.dll
0x00007ffcfabc0000 - 0x00007ffcfac0d000 	C:\WINDOWS\SYSTEM32\POWRPROF.dll
0x00007ffcf77f0000 - 0x00007ffcf77fa000 	C:\WINDOWS\SYSTEM32\VERSION.dll
0x00007ffcfaba0000 - 0x00007ffcfabb3000 	C:\WINDOWS\SYSTEM32\UMPDC.dll
0x00007ffcfae50000 - 0x00007ffcfae68000 	C:\WINDOWS\SYSTEM32\kernel.appcore.dll
0x00007ffcf6320000 - 0x00007ffcf632a000 	c:\Users\aerly-dell\.vscode\extensions\redhat.java-1.33.0-win32-x64\jre\17.0.11-win32-x86_64\bin\jimage.dll
0x00007ffcf9970000 - 0x00007ffcf9ba2000 	C:\WINDOWS\SYSTEM32\DBGHELP.DLL
0x00007ffcfcfb0000 - 0x00007ffcfd33d000 	C:\WINDOWS\System32\combase.dll
0x00007ffcfdf00000 - 0x00007ffcfdfd7000 	C:\WINDOWS\System32\OLEAUT32.dll
0x00007ffce25c0000 - 0x00007ffce25f2000 	C:\WINDOWS\SYSTEM32\dbgcore.DLL
0x00007ffcfc0b0000 - 0x00007ffcfc12b000 	C:\WINDOWS\System32\bcryptPrimitives.dll
0x00007ffcee4a0000 - 0x00007ffcee4ae000 	c:\Users\aerly-dell\.vscode\extensions\redhat.java-1.33.0-win32-x64\jre\17.0.11-win32-x86_64\bin\instrument.dll
0x00007ffcd3050000 - 0x00007ffcd3075000 	c:\Users\aerly-dell\.vscode\extensions\redhat.java-1.33.0-win32-x64\jre\17.0.11-win32-x86_64\bin\java.dll
0x00007ffce41e0000 - 0x00007ffce41f8000 	c:\Users\aerly-dell\.vscode\extensions\redhat.java-1.33.0-win32-x64\jre\17.0.11-win32-x86_64\bin\zip.dll
0x00007ffcfdfe0000 - 0x00007ffcfe847000 	C:\WINDOWS\System32\SHELL32.dll
0x00007ffcf9bb0000 - 0x00007ffcfa4ae000 	C:\WINDOWS\SYSTEM32\windows.storage.dll
0x00007ffcf9830000 - 0x00007ffcf996f000 	C:\WINDOWS\SYSTEM32\wintypes.dll
0x00007ffcfc9a0000 - 0x00007ffcfca99000 	C:\WINDOWS\System32\SHCORE.dll
0x00007ffcfe850000 - 0x00007ffcfe8ae000 	C:\WINDOWS\System32\shlwapi.dll
0x00007ffcfbc60000 - 0x00007ffcfbc81000 	C:\WINDOWS\SYSTEM32\profapi.dll
0x00007ffce25a0000 - 0x00007ffce25b9000 	C:\Users\aerly-dell\.vscode\extensions\redhat.java-1.33.0-win32-x64\jre\17.0.11-win32-x86_64\bin\net.dll
0x00007ffcf73f0000 - 0x00007ffcf7526000 	C:\WINDOWS\SYSTEM32\WINHTTP.dll
0x00007ffcfb2c0000 - 0x00007ffcfb329000 	C:\WINDOWS\system32\mswsock.dll
0x00007ffcdfcb0000 - 0x00007ffcdfcc6000 	C:\Users\aerly-dell\.vscode\extensions\redhat.java-1.33.0-win32-x64\jre\17.0.11-win32-x86_64\bin\nio.dll
0x00007ffcee490000 - 0x00007ffcee4a0000 	c:\Users\aerly-dell\.vscode\extensions\redhat.java-1.33.0-win32-x64\jre\17.0.11-win32-x86_64\bin\verify.dll
0x00007ffcd2fa0000 - 0x00007ffcd2fe5000 	C:\Users\aerly-dell\AppData\Roaming\Code\User\globalStorage\redhat.java\1.33.0\config_win\org.eclipse.equinox.launcher\org.eclipse.equinox.launcher.win32.win32.x86_64_1.2.1100.v20240722-2106\eclipse_11904.dll
0x00007ffcfc7f0000 - 0x00007ffcfc995000 	C:\WINDOWS\System32\ole32.dll
0x00007ffcfb530000 - 0x00007ffcfb54b000 	C:\WINDOWS\SYSTEM32\CRYPTSP.dll
0x00007ffcfadb0000 - 0x00007ffcfade5000 	C:\WINDOWS\system32\rsaenh.dll
0x00007ffcfb3c0000 - 0x00007ffcfb3e8000 	C:\WINDOWS\SYSTEM32\USERENV.dll
0x00007ffcfb520000 - 0x00007ffcfb52c000 	C:\WINDOWS\SYSTEM32\CRYPTBASE.dll
0x00007ffcfa860000 - 0x00007ffcfa88d000 	C:\WINDOWS\SYSTEM32\IPHLPAPI.DLL
0x00007ffcfd6e0000 - 0x00007ffcfd6e9000 	C:\WINDOWS\System32\NSI.dll
0x00007ffcf7710000 - 0x00007ffcf7729000 	C:\WINDOWS\SYSTEM32\dhcpcsvc6.DLL
0x00007ffcf7390000 - 0x00007ffcf73af000 	C:\WINDOWS\SYSTEM32\dhcpcsvc.DLL
0x00007ffcfa8d0000 - 0x00007ffcfa9c8000 	C:\WINDOWS\SYSTEM32\DNSAPI.dll
0x00007ffcd2cf0000 - 0x00007ffcd2d35000 	C:\Users\aerly-dell\AppData\Local\Temp\jna-1935549811\jna15841375096021204097.dll
0x00007ffcfddf0000 - 0x00007ffcfddf8000 	C:\WINDOWS\System32\PSAPI.DLL
0x00007ffcec8c0000 - 0x00007ffcec8c9000 	C:\Users\aerly-dell\.vscode\extensions\redhat.java-1.33.0-win32-x64\jre\17.0.11-win32-x86_64\bin\extnet.dll
0x00007ffce5790000 - 0x00007ffce579e000 	C:\Users\aerly-dell\.vscode\extensions\redhat.java-1.33.0-win32-x64\jre\17.0.11-win32-x86_64\bin\sunmscapi.dll
0x00007ffcfc5d0000 - 0x00007ffcfc737000 	C:\WINDOWS\System32\CRYPT32.dll
0x00007ffcfb6c0000 - 0x00007ffcfb6ee000 	C:\WINDOWS\SYSTEM32\ncrypt.dll
0x00007ffcfb680000 - 0x00007ffcfb6b7000 	C:\WINDOWS\SYSTEM32\NTASN1.dll

dbghelp: loaded successfully - version: 4.0.5 - missing functions: none
symbol engine: initialized successfully - sym options: 0x614 - pdb path: .;c:\Users\aerly-dell\.vscode\extensions\redhat.java-1.33.0-win32-x64\jre\17.0.11-win32-x86_64\bin;C:\WINDOWS\SYSTEM32;C:\WINDOWS\WinSxS\amd64_microsoft.windows.common-controls_6595b64144ccf1df_6.0.22621.3672_none_2713b9d173822955;c:\Users\aerly-dell\.vscode\extensions\redhat.java-1.33.0-win32-x64\jre\17.0.11-win32-x86_64\bin\server;C:\Users\aerly-dell\AppData\Roaming\Code\User\globalStorage\redhat.java\1.33.0\config_win\org.eclipse.equinox.launcher\org.eclipse.equinox.launcher.win32.win32.x86_64_1.2.1100.v20240722-2106;C:\Users\aerly-dell\AppData\Local\Temp\jna-1935549811

VM Arguments:
jvm_args: --add-modules=ALL-SYSTEM --add-opens=java.base/java.util=ALL-UNNAMED --add-opens=java.base/java.lang=ALL-UNNAMED --add-opens=java.base/sun.nio.fs=ALL-UNNAMED -Declipse.application=org.eclipse.jdt.ls.core.id1 -Dosgi.bundles.defaultStartLevel=4 -Declipse.product=org.eclipse.jdt.ls.core.product -Djava.import.generatesMetadataFilesAtProjectRoot=false -DDetectVMInstallationsJob.disabled=true -Dfile.encoding=utf8 -XX:+UseParallelGC -XX:GCTimeRatio=4 -XX:AdaptiveSizePolicyWeight=90 -Dsun.zip.disableMemoryMapping=true -Xmx1G -Xms100m -Xlog:disable -javaagent:c:\Users\aerly-dell\.vscode\extensions\redhat.java-1.33.0-win32-x64\lombok\lombok-1.18.33.jar -XX:+HeapDumpOnOutOfMemoryError -XX:HeapDumpPath=c:\Users\aerly-dell\AppData\Roaming\Code\User\workspaceStorage\1df32e0479fcebfbd7f56126d49bde33\redhat.java -Daether.dependencyCollector.impl=bf 
java_command: c:\Users\aerly-dell\.vscode\extensions\redhat.java-1.33.0-win32-x64\server\plugins\org.eclipse.equinox.launcher_1.6.900.v20240613-2009.jar -configuration c:\Users\aerly-dell\AppData\Roaming\Code\User\globalStorage\redhat.java\1.33.0\config_win -data c:\Users\aerly-dell\AppData\Roaming\Code\User\workspaceStorage\1df32e0479fcebfbd7f56126d49bde33\redhat.java\jdt_ws --pipe=\\.\pipe\lsp-73dcbdc8efac381e0245b9fbb810cf5d-sock
java_class_path (initial): c:\Users\aerly-dell\.vscode\extensions\redhat.java-1.33.0-win32-x64\server\plugins\org.eclipse.equinox.launcher_1.6.900.v20240613-2009.jar
Launcher Type: SUN_STANDARD

[Global flags]
    uintx AdaptiveSizePolicyWeight                 = 90                                        {product} {command line}
     intx CICompilerCount                          = 4                                         {product} {ergonomic}
    uintx GCTimeRatio                              = 4                                         {product} {command line}
     bool HeapDumpOnOutOfMemoryError               = true                                   {manageable} {command line}
    ccstr HeapDumpPath                             = c:\Users\aerly-dell\AppData\Roaming\Code\User\workspaceStorage\1df32e0479fcebfbd7f56126d49bde33\redhat.java         {manageable} {command line}
   size_t InitialHeapSize                          = 104857600                                 {product} {command line}
   size_t MaxHeapSize                              = 1073741824                                {product} {command line}
   size_t MaxNewSize                               = 357564416                                 {product} {ergonomic}
   size_t MinHeapDeltaBytes                        = 524288                                    {product} {ergonomic}
   size_t MinHeapSize                              = 104857600                                 {product} {command line}
   size_t NewSize                                  = 34603008                                  {product} {ergonomic}
    uintx NonNMethodCodeHeapSize                   = 5839372                                {pd product} {ergonomic}
    uintx NonProfiledCodeHeapSize                  = 122909434                              {pd product} {ergonomic}
   size_t OldSize                                  = 70254592                                  {product} {ergonomic}
    uintx ProfiledCodeHeapSize                     = 122909434                              {pd product} {ergonomic}
    uintx ReservedCodeCacheSize                    = 251658240                              {pd product} {ergonomic}
     bool SegmentedCodeCache                       = true                                      {product} {ergonomic}
   size_t SoftMaxHeapSize                          = 1073741824                             {manageable} {ergonomic}
     bool UseCompressedClassPointers               = true                           {product lp64_product} {ergonomic}
     bool UseCompressedOops                        = true                           {product lp64_product} {ergonomic}
     bool UseLargePagesIndividualAllocation        = false                                  {pd product} {ergonomic}
     bool UseParallelGC                            = true                                      {product} {command line}

Logging:
Log output configuration:
 #0: stdout all=off uptime,level,tags
 #1: stderr all=off uptime,level,tags

Environment Variables:
JAVA_HOME=D:\java\jdk14
PATH=C:\Python312\Scripts\;C:\Python312\;C:\WINDOWS\system32;C:\WINDOWS;C:\WINDOWS\System32\Wbem;C:\WINDOWS\System32\WindowsPowerShell\v1.0\;C:\WINDOWS\System32\OpenSSH\;C:\Program Files\Microsoft SQL Server\150\Tools\Binn\;C:\Program Files\Microsoft SQL Server\Client SDK\ODBC\170\Tools\Binn\;C:\Program Files\dotnet\;D:\Program Files\Microsoft Visual Studio\2022\Community\Common7\IDE\CommonExtensions\Microsoft\TeamFoundation\Team Explorer\Git\mingw64\bin;D:\java\jdk14\bin;D:\java\jdk14\bin;D:\apache-maven\bin;C:\Program Files\nodejs\;C:\ProgramData\chocolatey\bin;C:\Users\aerly-dell\AppData\Local\Microsoft\WindowsApps;C:\Users\aerly-dell\AppData\Local\Programs\Microsoft VS Code\bin;C:\Users\aerly-dell\.dotnet\tools;D:\Program Files\Microsoft Visual Studio\2022\Community\Common7\IDE\CommonExtensions\Microsoft\TeamFoundation\Team Explorer\Git\mingw64\bin;C:\Users\aerly-dell\AppData\Roaming\npm
USERNAME=aerly-dell
OS=Windows_NT
PROCESSOR_IDENTIFIER=Intel64 Family 6 Model 142 Stepping 10, GenuineIntel
TMP=C:\Users\AERLY-~1\AppData\Local\Temp
TEMP=C:\Users\AERLY-~1\AppData\Local\Temp



Periodic native trim disabled


---------------  S Y S T E M  ---------------

OS:
 Windows 11 , 64 bit Build 22621 (10.0.22621.3958)
OS uptime: 12 days 3:35 hours

CPU: total 8 (initial active 8) (4 cores per cpu, 2 threads per core) family 6 model 142 stepping 10 microcode 0xea, cx8, cmov, fxsr, ht, mmx, 3dnowpref, sse, sse2, sse3, ssse3, sse4.1, sse4.2, popcnt, lzcnt, tsc, tscinvbit, avx, avx2, aes, erms, clmul, bmi1, bmi2, adx, fma, vzeroupper, clflush, clflushopt
Processor Information for all 8 processors :
  Max Mhz: 1800, Current Mhz: 1600, Mhz Limit: 1584

Memory: 4k page, system-wide physical 16281M (3889M free)
TotalPageFile size 29367M (AvailPageFile size 11M)
current process WorkingSet (physical memory assigned to process): 203M, peak: 203M
current process commit charge ("private bytes"): 290M, peak: 291M

vm_info: OpenJDK 64-Bit Server VM (17.0.11+9) for windows-amd64 JRE (17.0.11+9), built on Apr 17 2024 06:07:48 by "admin" with MS VC++ 16.10 / 16.11 (VS2019)

END.
