#
# There is insufficient memory for the Java Runtime Environment to continue.
# Native memory allocation (malloc) failed to allocate 428928 bytes. Error detail: Chunk::new
# Possible reasons:
#   The system is out of physical RAM or swap space
#   This process is running with CompressedOops enabled, and the Java Heap may be blocking the growth of the native heap
# Possible solutions:
#   Reduce memory load on the system
#   Increase physical memory or swap space
#   Check if swap backing store is full
#   Decrease Java heap size (-Xmx/-Xms)
#   Decrease number of Java threads
#   Decrease Java thread stack sizes (-Xss)
#   Set larger code cache with -XX:ReservedCodeCacheSize=
#   JVM is running with Unscaled Compressed Oops mode in which the Java heap is
#     placed in the first 4GB address space. The Java Heap base address is the
#     maximum limit for the native heap growth. Please use -XX:HeapBaseMinAddress
#     to set the Java Heap base and to place the Java Heap above 4GB virtual address.
# This output file may be truncated or incomplete.
#
#  Out of Memory Error (arena.cpp:191), pid=21872, tid=9044
#
# JRE version: OpenJDK Runtime Environment Temurin-17.0.11+9 (17.0.11+9) (build 17.0.11+9)
# Java VM: OpenJDK 64-Bit Server VM Temurin-17.0.11+9 (17.0.11+9, mixed mode, tiered, compressed oops, compressed class ptrs, parallel gc, windows-amd64)
# No core dump will be written. Minidumps are not enabled by default on client versions of Windows
#

---------------  S U M M A R Y ------------

Command Line: --add-modules=ALL-SYSTEM --add-opens=java.base/java.util=ALL-UNNAMED --add-opens=java.base/java.lang=ALL-UNNAMED --add-opens=java.base/sun.nio.fs=ALL-UNNAMED -Declipse.application=org.eclipse.jdt.ls.core.id1 -Dosgi.bundles.defaultStartLevel=4 -Declipse.product=org.eclipse.jdt.ls.core.product -Djava.import.generatesMetadataFilesAtProjectRoot=false -DDetectVMInstallationsJob.disabled=true -Dfile.encoding=utf8 -XX:+UseParallelGC -XX:GCTimeRatio=4 -XX:AdaptiveSizePolicyWeight=90 -Dsun.zip.disableMemoryMapping=true -Xmx1G -Xms100m -Xlog:disable -javaagent:c:\Users\aerly-dell\.vscode\extensions\redhat.java-1.33.0-win32-x64\lombok\lombok-1.18.33.jar -XX:+HeapDumpOnOutOfMemoryError -XX:HeapDumpPath=c:\Users\aerly-dell\AppData\Roaming\Code\User\workspaceStorage\1df32e0479fcebfbd7f56126d49bde33\redhat.java -Daether.dependencyCollector.impl=bf c:\Users\aerly-dell\.vscode\extensions\redhat.java-1.33.0-win32-x64\server\plugins\org.eclipse.equinox.launcher_1.6.900.v20240613-2009.jar -configuration c:\Users\aerly-dell\AppData\Roaming\Code\User\globalStorage\redhat.java\1.33.0\config_win -data c:\Users\aerly-dell\AppData\Roaming\Code\User\workspaceStorage\1df32e0479fcebfbd7f56126d49bde33\redhat.java\jdt_ws --pipe=\\.\pipe\lsp-278d979b6236d55997e2fbc3ff60650b-sock

Host: Intel(R) Core(TM) i5-8250U CPU @ 1.60GHz, 8 cores, 15G,  Windows 11 , 64 bit Build 22621 (10.0.22621.3958)
Time: Fri Aug  9 00:10:06 2024  Windows 11 , 64 bit Build 22621 (10.0.22621.3958) elapsed time: 5.006709 seconds (0d 0h 0m 5s)

---------------  T H R E A D  ---------------

Current thread (0x000002133ab0a520):  JavaThread "C2 CompilerThread0" daemon [_thread_in_native, id=9044, stack(0x0000007bef700000,0x0000007bef800000)]


Current CompileTask:
C2:   5006 1487       4       java.io.WinNTFileSystem::normalize (143 bytes)

Stack: [0x0000007bef700000,0x0000007bef800000]
Native frames: (J=compiled Java code, j=interpreted, Vv=VM code, C=native code)
V  [jvm.dll+0x67d429]
V  [jvm.dll+0x834b7a]
V  [jvm.dll+0x83663e]
V  [jvm.dll+0x836ca3]
V  [jvm.dll+0x247dbf]
V  [jvm.dll+0xac534]
V  [jvm.dll+0xacb7c]
V  [jvm.dll+0x366647]
V  [jvm.dll+0x1bd086]
V  [jvm.dll+0x21a5c9]
V  [jvm.dll+0x2198b1]
V  [jvm.dll+0x1a534d]
V  [jvm.dll+0x2295cd]
V  [jvm.dll+0x22779c]
V  [jvm.dll+0x7e9d07]
V  [jvm.dll+0x7e410a]
V  [jvm.dll+0x67c315]
C  [ucrtbase.dll+0x29333]
C  [KERNEL32.DLL+0x1257d]
C  [ntdll.dll+0x5af28]


---------------  P R O C E S S  ---------------

Threads class SMR info:
_java_thread_list=0x000002133c50fa90, length=15, elements={
0x0000021321bc0770, 0x0000021335a44010, 0x0000021321c6c6f0, 0x0000021335a4cee0,
0x0000021335a4da10, 0x0000021335a4e7a0, 0x000002133ab07910, 0x000002133ab0a520,
0x000002133ab6de20, 0x000002133ab70af0, 0x0000021321c20c90, 0x000002133bbe0060,
0x000002133c564f10, 0x000002133c5123d0, 0x000002133c3ce590
}

Java Threads: ( => current thread )
  0x0000021321bc0770 JavaThread "main" [_thread_in_Java, id=15384, stack(0x0000007beee00000,0x0000007beef00000)]
  0x0000021335a44010 JavaThread "Reference Handler" daemon [_thread_blocked, id=2372, stack(0x0000007bef100000,0x0000007bef200000)]
  0x0000021321c6c6f0 JavaThread "Finalizer" daemon [_thread_blocked, id=13328, stack(0x0000007bef200000,0x0000007bef300000)]
  0x0000021335a4cee0 JavaThread "Signal Dispatcher" daemon [_thread_blocked, id=19432, stack(0x0000007bef300000,0x0000007bef400000)]
  0x0000021335a4da10 JavaThread "Attach Listener" daemon [_thread_blocked, id=23432, stack(0x0000007bef400000,0x0000007bef500000)]
  0x0000021335a4e7a0 JavaThread "Service Thread" daemon [_thread_blocked, id=6472, stack(0x0000007bef500000,0x0000007bef600000)]
  0x000002133ab07910 JavaThread "Monitor Deflation Thread" daemon [_thread_blocked, id=11960, stack(0x0000007bef600000,0x0000007bef700000)]
=>0x000002133ab0a520 JavaThread "C2 CompilerThread0" daemon [_thread_in_native, id=9044, stack(0x0000007bef700000,0x0000007bef800000)]
  0x000002133ab6de20 JavaThread "C1 CompilerThread0" daemon [_thread_blocked, id=3172, stack(0x0000007bef800000,0x0000007bef900000)]
  0x000002133ab70af0 JavaThread "Sweeper thread" daemon [_thread_blocked, id=20508, stack(0x0000007bef900000,0x0000007befa00000)]
  0x0000021321c20c90 JavaThread "Common-Cleaner" daemon [_thread_blocked, id=316, stack(0x0000007befa00000,0x0000007befb00000)]
  0x000002133bbe0060 JavaThread "Notification Thread" daemon [_thread_blocked, id=6804, stack(0x0000007befb00000,0x0000007befc00000)]
  0x000002133c564f10 JavaThread "Active Thread: Equinox Container: 52051942-2b86-4fa8-8652-3fb921b63a32" [_thread_blocked, id=25208, stack(0x0000007bf0400000,0x0000007bf0500000)]
  0x000002133c5123d0 JavaThread "C2 CompilerThread1" daemon [_thread_in_native, id=25548, stack(0x0000007bf0300000,0x0000007bf0400000)]
  0x000002133c3ce590 JavaThread "Framework Event Dispatcher: Equinox Container: 52051942-2b86-4fa8-8652-3fb921b63a32" daemon [_thread_blocked, id=16708, stack(0x0000007bf0500000,0x0000007bf0600000)]

Other Threads:
  0x000002133aae14b0 VMThread "VM Thread" [stack: 0x0000007bef000000,0x0000007bef100000] [id=4824]
  0x000002133ad9b050 WatcherThread [stack: 0x0000007befc00000,0x0000007befd00000] [id=16488]
  0x0000021321bd5cb0 GCTaskThread "GC Thread#0" [stack: 0x0000007beef00000,0x0000007bef000000] [id=9764]
  0x000002133c28a990 GCTaskThread "GC Thread#1" [stack: 0x0000007befd00000,0x0000007befe00000] [id=24048]
  0x000002133c28ac50 GCTaskThread "GC Thread#2" [stack: 0x0000007befe00000,0x0000007beff00000] [id=21352]
  0x000002133bd4efc0 GCTaskThread "GC Thread#3" [stack: 0x0000007beff00000,0x0000007bf0000000] [id=4960]
  0x000002133bd4f280 GCTaskThread "GC Thread#4" [stack: 0x0000007bf0000000,0x0000007bf0100000] [id=6540]
  0x000002133c243010 GCTaskThread "GC Thread#5" [stack: 0x0000007bf0100000,0x0000007bf0200000] [id=23476]
  0x000002133c2432d0 GCTaskThread "GC Thread#6" [stack: 0x0000007bf0200000,0x0000007bf0300000] [id=12616]

Threads with active compile tasks:
C2 CompilerThread0     5042 1487       4       java.io.WinNTFileSystem::normalize (143 bytes)
C2 CompilerThread1     5042 1524       4       java.io.WinNTFileSystem::normalize (224 bytes)

VM state: not at safepoint (normal execution)

VM Mutex/Monitor currently owned by a thread: None

Heap address: 0x00000000c0000000, size: 1024 MB, Compressed Oops mode: 32-bit

CDS archive(s) not mapped
Compressed class space mapped at: 0x0000000100000000-0x0000000140000000, reserved size: 1073741824
Narrow klass base: 0x0000000000000000, Narrow klass shift: 3, Narrow klass range: 0x140000000

GC Precious Log:
 CPUs: 8 total, 8 available
 Memory: 16281M
 Large Page Support: Disabled
 NUMA Support: Disabled
 Compressed Oops: Enabled (32-bit)
 Alignments: Space 512K, Generation 512K, Heap 2M
 Heap Min Capacity: 100M
 Heap Initial Capacity: 100M
 Heap Max Capacity: 1G
 Pre-touch: Disabled
 Parallel Workers: 8

Heap:
 PSYoungGen      total 29696K, used 25306K [0x00000000eab00000, 0x00000000ecc00000, 0x0000000100000000)
  eden space 25600K, 86% used [0x00000000eab00000,0x00000000ec09d8b8,0x00000000ec400000)
  from space 4096K, 77% used [0x00000000ec400000,0x00000000ec7192e0,0x00000000ec800000)
  to   space 4096K, 0% used [0x00000000ec800000,0x00000000ec800000,0x00000000ecc00000)
 ParOldGen       total 68608K, used 0K [0x00000000c0000000, 0x00000000c4300000, 0x00000000eab00000)
  object space 68608K, 0% used [0x00000000c0000000,0x00000000c0000000,0x00000000c4300000)
 Metaspace       used 13893K, committed 14080K, reserved 1114112K
  class space    used 1371K, committed 1472K, reserved 1048576K

Card table byte_map: [0x0000021321580000,0x0000021321790000] _byte_map_base: 0x0000021320f80000

Marking Bits: (ParMarkBitMap*) 0x00007ffc89a9d820
 Begin Bits: [0x0000021333850000, 0x0000021334850000)
 End Bits:   [0x0000021334850000, 0x0000021335850000)

Polling page: 0x0000021321370000

Metaspace:

Usage:
  Non-class:     12.23 MB used.
      Class:      1.34 MB used.
       Both:     13.57 MB used.

Virtual space:
  Non-class space:       64.00 MB reserved,      12.31 MB ( 19%) committed,  1 nodes.
      Class space:        1.00 GB reserved,       1.44 MB ( <1%) committed,  1 nodes.
             Both:        1.06 GB reserved,      13.75 MB (  1%) committed. 

Chunk freelists:
   Non-Class:  3.31 MB
       Class:  14.47 MB
        Both:  17.79 MB

MaxMetaspaceSize: unlimited
CompressedClassSpaceSize: 1.00 GB
Initial GC threshold: 21.00 MB
Current GC threshold: 21.00 MB
CDS: off
MetaspaceReclaimPolicy: balanced
 - commit_granule_bytes: 65536.
 - commit_granule_words: 8192.
 - virtual_space_node_default_size: 8388608.
 - enlarge_chunks_in_place: 1.
 - new_chunks_are_fully_committed: 0.
 - uncommit_free_chunks: 1.
 - use_allocation_guard: 0.
 - handle_deallocations: 1.


Internal statistics:

num_allocs_failed_limit: 0.
num_arena_births: 56.
num_arena_deaths: 0.
num_vsnodes_births: 2.
num_vsnodes_deaths: 0.
num_space_committed: 220.
num_space_uncommitted: 0.
num_chunks_returned_to_freelist: 0.
num_chunks_taken_from_freelist: 226.
num_chunk_merges: 0.
num_chunk_splits: 147.
num_chunks_enlarged: 115.
num_inconsistent_stats: 0.

CodeHeap 'non-profiled nmethods': size=120000Kb used=698Kb max_used=698Kb free=119301Kb
 bounds [0x000002132c320000, 0x000002132c590000, 0x0000021333850000]
CodeHeap 'profiled nmethods': size=120000Kb used=2853Kb max_used=2853Kb free=117146Kb
 bounds [0x0000021324850000, 0x0000021324b20000, 0x000002132bd80000]
CodeHeap 'non-nmethods': size=5760Kb used=1159Kb max_used=1188Kb free=4600Kb
 bounds [0x000002132bd80000, 0x000002132bff0000, 0x000002132c320000]
 total_blobs=1984 nmethods=1533 adapters=365
 compilation: enabled
              stopped_count=0, restarted_count=0
 full_count=0

Compilation events (20 events):
Event: 4.932 Thread 0x000002133ab6de20 1507       3       java.lang.Class::getComponentType (14 bytes)
Event: 4.932 Thread 0x000002133ab6de20 nmethod 1507 0x0000021324b08810 code [0x0000021324b089c0, 0x0000021324b08b88]
Event: 4.932 Thread 0x000002133c5123d0 1495 %     4       java.io.WinNTFileSystem::normalize @ 58 (224 bytes)
Event: 4.934 Thread 0x000002133ab6de20 1508       3       java.io.File::<init> (111 bytes)
Event: 4.935 Thread 0x000002133ab6de20 nmethod 1508 0x0000021324b08c10 code [0x0000021324b08ec0, 0x0000021324b09858]
Event: 4.944 Thread 0x000002133ab6de20 1509       3       org.eclipse.osgi.internal.framework.EquinoxConfiguration::getProperty (9 bytes)
Event: 4.946 Thread 0x000002133ab6de20 nmethod 1509 0x0000021324b09c10 code [0x0000021324b09ee0, 0x0000021324b0ac98]
Event: 4.946 Thread 0x000002133ab6de20 1511       3       java.net.URLStreamHandler::<init> (5 bytes)
Event: 4.946 Thread 0x000002133ab6de20 nmethod 1511 0x0000021324b0b190 code [0x0000021324b0b320, 0x0000021324b0b478]
Event: 4.946 Thread 0x000002133ab6de20 1510       3       org.eclipse.osgi.internal.framework.EquinoxConfiguration$ConfigValues::getProperty (31 bytes)
Event: 4.949 Thread 0x000002133ab6de20 nmethod 1510 0x0000021324b0b510 code [0x0000021324b0b8c0, 0x0000021324b0cf68]
Event: 4.949 Thread 0x000002133ab6de20 1513       3       org.eclipse.osgi.storage.url.reference.Handler::<init> (35 bytes)
Event: 4.950 Thread 0x000002133ab6de20 nmethod 1513 0x0000021324b0d690 code [0x0000021324b0d880, 0x0000021324b0dd78]
Event: 4.950 Thread 0x000002133ab6de20 1512       3       org.eclipse.core.runtime.adaptor.EclipseStarter::createURL (52 bytes)
Event: 4.951 Thread 0x000002133ab6de20 nmethod 1512 0x0000021324b0df90 code [0x0000021324b0e240, 0x0000021324b0ef08]
Event: 4.958 Thread 0x000002133ab6de20 1514       3       sun.net.www.protocol.file.Handler::parseURL (18 bytes)
Event: 4.958 Thread 0x000002133ab6de20 nmethod 1514 0x0000021324b0f510 code [0x0000021324b0f6c0, 0x0000021324b0f878]
Event: 4.958 Thread 0x000002133ab6de20 1515       3       java.net.URLStreamHandler::parseURL (1201 bytes)
Event: 4.986 Thread 0x000002133c5123d0 nmethod 1495% 0x000002132c3bbd90 code [0x000002132c3bbf80, 0x000002132c3bd048]
Event: 4.987 Thread 0x000002133c5123d0 1506       4       java.lang.StringLatin1::inflate (34 bytes)

GC Heap History (2 events):
Event: 3.174 GC heap before
{Heap before GC invocations=1 (full 0):
 PSYoungGen      total 29696K, used 25600K [0x00000000eab00000, 0x00000000ecc00000, 0x0000000100000000)
  eden space 25600K, 100% used [0x00000000eab00000,0x00000000ec400000,0x00000000ec400000)
  from space 4096K, 0% used [0x00000000ec800000,0x00000000ec800000,0x00000000ecc00000)
  to   space 4096K, 0% used [0x00000000ec400000,0x00000000ec400000,0x00000000ec800000)
 ParOldGen       total 68608K, used 0K [0x00000000c0000000, 0x00000000c4300000, 0x00000000eab00000)
  object space 68608K, 0% used [0x00000000c0000000,0x00000000c0000000,0x00000000c4300000)
 Metaspace       used 10939K, committed 11136K, reserved 1114112K
  class space    used 1085K, committed 1216K, reserved 1048576K
}
Event: 3.195 GC heap after
{Heap after GC invocations=1 (full 0):
 PSYoungGen      total 29696K, used 3172K [0x00000000eab00000, 0x00000000ecc00000, 0x0000000100000000)
  eden space 25600K, 0% used [0x00000000eab00000,0x00000000eab00000,0x00000000ec400000)
  from space 4096K, 77% used [0x00000000ec400000,0x00000000ec7192e0,0x00000000ec800000)
  to   space 4096K, 0% used [0x00000000ec800000,0x00000000ec800000,0x00000000ecc00000)
 ParOldGen       total 68608K, used 0K [0x00000000c0000000, 0x00000000c4300000, 0x00000000eab00000)
  object space 68608K, 0% used [0x00000000c0000000,0x00000000c0000000,0x00000000c4300000)
 Metaspace       used 10939K, committed 11136K, reserved 1114112K
  class space    used 1085K, committed 1216K, reserved 1048576K
}

Dll operation events (8 events):
Event: 0.029 Loaded shared library c:\Users\aerly-dell\.vscode\extensions\redhat.java-1.33.0-win32-x64\jre\17.0.11-win32-x86_64\bin\java.dll
Event: 0.666 Loaded shared library c:\Users\aerly-dell\.vscode\extensions\redhat.java-1.33.0-win32-x64\jre\17.0.11-win32-x86_64\bin\zip.dll
Event: 0.675 Loaded shared library C:\Users\aerly-dell\.vscode\extensions\redhat.java-1.33.0-win32-x64\jre\17.0.11-win32-x86_64\bin\instrument.dll
Event: 0.733 Loaded shared library C:\Users\aerly-dell\.vscode\extensions\redhat.java-1.33.0-win32-x64\jre\17.0.11-win32-x86_64\bin\net.dll
Event: 0.741 Loaded shared library C:\Users\aerly-dell\.vscode\extensions\redhat.java-1.33.0-win32-x64\jre\17.0.11-win32-x86_64\bin\nio.dll
Event: 0.778 Loaded shared library C:\Users\aerly-dell\.vscode\extensions\redhat.java-1.33.0-win32-x64\jre\17.0.11-win32-x86_64\bin\zip.dll
Event: 0.831 Loaded shared library C:\Users\aerly-dell\.vscode\extensions\redhat.java-1.33.0-win32-x64\jre\17.0.11-win32-x86_64\bin\jimage.dll
Event: 1.016 Loaded shared library c:\Users\aerly-dell\.vscode\extensions\redhat.java-1.33.0-win32-x64\jre\17.0.11-win32-x86_64\bin\verify.dll

Deoptimization events (20 events):
Event: 3.891 Thread 0x0000021321bc0770 Uncommon trap: trap_request=0xffffffbe fr.pc=0x000002132c397d48 relative=0x0000000000001aa8
Event: 3.891 Thread 0x0000021321bc0770 Uncommon trap: reason=profile_predicate action=maybe_recompile pc=0x000002132c397d48 method=jdk.internal.jimage.ImageStringsReader.stringFromByteBufferMatches(Ljava/nio/ByteBuffer;ILjava/lang/String;I)I @ 19 c2
Event: 3.891 Thread 0x0000021321bc0770 DEOPT PACKING pc=0x000002132c397d48 sp=0x0000007beeef66d0
Event: 3.891 Thread 0x0000021321bc0770 DEOPT UNPACKING pc=0x000002132bdd66a3 sp=0x0000007beeef6428 mode 2
Event: 4.575 Thread 0x0000021321bc0770 Uncommon trap: trap_request=0xffffffde fr.pc=0x000002132c38b2a0 relative=0x0000000000000960
Event: 4.575 Thread 0x0000021321bc0770 Uncommon trap: reason=class_check action=maybe_recompile pc=0x000002132c38b2a0 method=java.util.HashMap.putVal(ILjava/lang/Object;Ljava/lang/Object;ZZ)Ljava/lang/Object; @ 253 c2
Event: 4.575 Thread 0x0000021321bc0770 DEOPT PACKING pc=0x000002132c38b2a0 sp=0x0000007beeefdaa0
Event: 4.575 Thread 0x0000021321bc0770 DEOPT UNPACKING pc=0x000002132bdd66a3 sp=0x0000007beeefda20 mode 2
Event: 4.580 Thread 0x0000021321bc0770 Uncommon trap: trap_request=0xffffffde fr.pc=0x000002132c38b2a0 relative=0x0000000000000960
Event: 4.580 Thread 0x0000021321bc0770 Uncommon trap: reason=class_check action=maybe_recompile pc=0x000002132c38b2a0 method=java.util.HashMap.putVal(ILjava/lang/Object;Ljava/lang/Object;ZZ)Ljava/lang/Object; @ 253 c2
Event: 4.580 Thread 0x0000021321bc0770 DEOPT PACKING pc=0x000002132c38b2a0 sp=0x0000007beeefdaa0
Event: 4.580 Thread 0x0000021321bc0770 DEOPT UNPACKING pc=0x000002132bdd66a3 sp=0x0000007beeefda20 mode 2
Event: 4.714 Thread 0x0000021321bc0770 DEOPT PACKING pc=0x000002132490e00c sp=0x0000007beeefbde0
Event: 4.714 Thread 0x0000021321bc0770 DEOPT UNPACKING pc=0x000002132bdd6e43 sp=0x0000007beeefb260 mode 0
Event: 4.715 Thread 0x0000021321bc0770 Uncommon trap: trap_request=0xffffff45 fr.pc=0x000002132c356a3c relative=0x000000000000011c
Event: 4.715 Thread 0x0000021321bc0770 Uncommon trap: reason=unstable_if action=reinterpret pc=0x000002132c356a3c method=java.math.BigInteger.addOne([IIII)I @ 55 c2
Event: 4.715 Thread 0x0000021321bc0770 DEOPT PACKING pc=0x000002132c356a3c sp=0x0000007beeefc270
Event: 4.715 Thread 0x0000021321bc0770 DEOPT UNPACKING pc=0x000002132bdd66a3 sp=0x0000007beeefc1f0 mode 2
Event: 4.747 Thread 0x0000021321bc0770 DEOPT PACKING pc=0x00000213248ed3bf sp=0x0000007beeef78e0
Event: 4.747 Thread 0x0000021321bc0770 DEOPT UNPACKING pc=0x000002132bdd6e43 sp=0x0000007beeef6de8 mode 0

Classes unloaded (0 events):
No events

Classes redefined (0 events):
No events

Internal exceptions (20 events):
Event: 2.182 Thread 0x0000021321bc0770 Exception <a 'java/lang/ClassNotFoundException'{0x00000000eb86e2e0}: sun/net/www/protocol/c/Handler> (0x00000000eb86e2e0) 
thrown [s\src\hotspot\share\classfile\systemDictionary.cpp, line 256]
Event: 2.210 Thread 0x0000021321bc0770 Exception <a 'java/io/FileNotFoundException'{0x00000000eb889490}> (0x00000000eb889490) 
thrown [s\src\hotspot\share\prims\jni.cpp, line 516]
Event: 2.211 Thread 0x0000021321bc0770 Exception <a 'java/io/FileNotFoundException'{0x00000000eb88a480}> (0x00000000eb88a480) 
thrown [s\src\hotspot\share\prims\jni.cpp, line 516]
Event: 2.211 Thread 0x0000021321bc0770 Exception <a 'java/io/FileNotFoundException'{0x00000000eb88b460}> (0x00000000eb88b460) 
thrown [s\src\hotspot\share\prims\jni.cpp, line 516]
Event: 2.212 Thread 0x0000021321bc0770 Exception <a 'java/io/FileNotFoundException'{0x00000000eb88c438}> (0x00000000eb88c438) 
thrown [s\src\hotspot\share\prims\jni.cpp, line 516]
Event: 2.238 Thread 0x0000021321bc0770 Exception <a 'java/io/FileNotFoundException'{0x00000000eb8c5558}> (0x00000000eb8c5558) 
thrown [s\src\hotspot\share\prims\jni.cpp, line 516]
Event: 2.919 Thread 0x0000021321bc0770 Exception <a 'java/lang/ClassNotFoundException'{0x00000000ec0e7fd8}: sun/net/www/protocol/c/Handler> (0x00000000ec0e7fd8) 
thrown [s\src\hotspot\share\classfile\systemDictionary.cpp, line 256]
Event: 2.921 Thread 0x0000021321bc0770 Exception <a 'java/lang/ClassNotFoundException'{0x00000000ec0e9338}: sun/net/www/protocol/d/Handler> (0x00000000ec0e9338) 
thrown [s\src\hotspot\share\classfile\systemDictionary.cpp, line 256]
Event: 2.922 Thread 0x0000021321bc0770 Exception <a 'java/lang/ClassNotFoundException'{0x00000000ec0ea4b8}: sun/net/www/protocol/c/Handler> (0x00000000ec0ea4b8) 
thrown [s\src\hotspot\share\classfile\systemDictionary.cpp, line 256]
Event: 2.942 Thread 0x0000021321bc0770 Exception <a 'java/io/FileNotFoundException'{0x00000000ec112d58}> (0x00000000ec112d58) 
thrown [s\src\hotspot\share\prims\jni.cpp, line 516]
Event: 3.078 Thread 0x0000021321bc0770 Implicit null exception at 0x000002132c37cd80 to 0x000002132c37d75c
Event: 3.078 Thread 0x0000021321bc0770 Implicit null exception at 0x000002132c373e6c to 0x000002132c374068
Event: 3.167 Thread 0x0000021321bc0770 Exception <a 'java/lang/NoSuchMethodError'{0x00000000ec3ef7e8}: 'int java.lang.invoke.DirectMethodHandle$Holder.invokeStaticInit(java.lang.Object, java.lang.Object, java.lang.Object, java.lang.Object)'> (0x00000000ec3ef7e8) 
thrown [s\src\hotspot\share\interpreter\linkResolver.cpp, line 759]
Event: 3.171 Thread 0x0000021321bc0770 Exception <a 'java/lang/NoSuchMethodError'{0x00000000ec3f9e58}: 'java.lang.Object java.lang.invoke.DirectMethodHandle$Holder.invokeInterface(java.lang.Object, java.lang.Object)'> (0x00000000ec3f9e58) 
thrown [s\src\hotspot\share\interpreter\linkResolver.cpp, line 759]
Event: 3.171 Thread 0x0000021321bc0770 Exception <a 'java/lang/IncompatibleClassChangeError'{0x00000000ec3fd650}: Found class java.lang.Object, but interface was expected> (0x00000000ec3fd650) 
thrown [s\src\hotspot\share\interpreter\linkResolver.cpp, line 826]
Event: 3.196 Thread 0x0000021321bc0770 Exception <a 'java/lang/NoSuchMethodError'{0x00000000eab01d88}: 'void java.lang.invoke.DirectMethodHandle$Holder.invokeStatic(java.lang.Object, java.lang.Object)'> (0x00000000eab01d88) 
thrown [s\src\hotspot\share\interpreter\linkResolver.cpp, line 759]
Event: 3.197 Thread 0x0000021321bc0770 Exception <a 'java/lang/NoSuchMethodError'{0x00000000eab05588}: 'void java.lang.invoke.DirectMethodHandle$Holder.invokeStaticInit(java.lang.Object, java.lang.Object)'> (0x00000000eab05588) 
thrown [s\src\hotspot\share\interpreter\linkResolver.cpp, line 759]
Event: 3.199 Thread 0x0000021321bc0770 Exception <a 'java/lang/NoSuchMethodError'{0x00000000eab0ca98}: 'int java.lang.invoke.DirectMethodHandle$Holder.invokeStaticInit(java.lang.Object, java.lang.Object)'> (0x00000000eab0ca98) 
thrown [s\src\hotspot\share\interpreter\linkResolver.cpp, line 759]
Event: 3.349 Thread 0x0000021321bc0770 Exception <a 'java/lang/NoSuchMethodError'{0x00000000eac59be0}: 'void java.lang.invoke.DirectMethodHandle$Holder.invokeSpecial(java.lang.Object, java.lang.Object, java.lang.Object)'> (0x00000000eac59be0) 
thrown [s\src\hotspot\share\interpreter\linkResolver.cpp, line 759]
Event: 4.460 Thread 0x0000021321bc0770 Exception <a 'java/lang/NoSuchMethodError'{0x00000000eba84890}: 'java.lang.Object java.lang.invoke.DirectMethodHandle$Holder.newInvokeSpecial(java.lang.Object, int, java.lang.Object)'> (0x00000000eba84890) 
thrown [s\src\hotspot\share\interpreter\linkResolver.cpp, line 759]

VM Operations (20 events):
Event: 1.898 Executing VM operation: Cleanup
Event: 1.898 Executing VM operation: Cleanup done
Event: 2.065 Executing VM operation: HandshakeAllThreads
Event: 2.065 Executing VM operation: HandshakeAllThreads done
Event: 2.162 Executing VM operation: HandshakeAllThreads
Event: 2.162 Executing VM operation: HandshakeAllThreads done
Event: 3.169 Executing VM operation: Cleanup
Event: 3.169 Executing VM operation: Cleanup done
Event: 3.174 Executing VM operation: ParallelGCFailedAllocation
Event: 3.195 Executing VM operation: ParallelGCFailedAllocation done
Event: 4.203 Executing VM operation: Cleanup
Event: 4.203 Executing VM operation: Cleanup done
Event: 4.384 Executing VM operation: HandshakeAllThreads
Event: 4.384 Executing VM operation: HandshakeAllThreads done
Event: 4.386 Executing VM operation: HandshakeAllThreads
Event: 4.386 Executing VM operation: HandshakeAllThreads done
Event: 4.400 Executing VM operation: HandshakeAllThreads
Event: 4.400 Executing VM operation: HandshakeAllThreads done
Event: 4.433 Executing VM operation: HandshakeAllThreads
Event: 4.433 Executing VM operation: HandshakeAllThreads done

Events (20 events):
Event: 4.651 loading class javax/xml/parsers/ParserConfigurationException done
Event: 4.669 loading class java/security/KeyStoreException
Event: 4.669 loading class java/security/KeyStoreException done
Event: 4.699 loading class sun/security/x509/SubjectAlternativeNameExtension
Event: 4.699 loading class sun/security/x509/SubjectAlternativeNameExtension done
Event: 4.699 loading class sun/security/x509/RFC822Name
Event: 4.700 loading class sun/security/x509/RFC822Name done
Event: 4.748 loading class java/util/LinkedList$Node
Event: 4.749 loading class java/util/LinkedList$Node done
Event: 4.749 loading class java/util/LinkedList$ListItr
Event: 4.749 loading class java/util/LinkedList$ListItr done
Event: 4.774 loading class sun/nio/fs/WindowsChannelFactory
Event: 4.775 loading class sun/nio/fs/WindowsChannelFactory done
Event: 4.775 loading class sun/nio/fs/WindowsChannelFactory$1
Event: 4.775 loading class sun/nio/fs/WindowsChannelFactory$1 done
Event: 4.775 loading class sun/nio/fs/WindowsChannelFactory$Flags
Event: 4.775 loading class sun/nio/fs/WindowsChannelFactory$Flags done
Event: 4.776 loading class sun/nio/ch/FileChannelImpl$Closer
Event: 4.776 loading class sun/nio/ch/FileChannelImpl$Closer done
Event: 4.932 Thread 0x000002133c5123d0 Thread added: 0x000002133c5123d0


Dynamic libraries:
0x00007ff616950000 - 0x00007ff61695e000 	c:\Users\aerly-dell\.vscode\extensions\redhat.java-1.33.0-win32-x64\jre\17.0.11-win32-x86_64\bin\java.exe
0x00007ffcfea10000 - 0x00007ffcfec27000 	C:\WINDOWS\SYSTEM32\ntdll.dll
0x00007ffcfd6f0000 - 0x00007ffcfd7b4000 	C:\WINDOWS\System32\KERNEL32.DLL
0x00007ffcfc160000 - 0x00007ffcfc50d000 	C:\WINDOWS\System32\KERNELBASE.dll
0x00007ffcfbf60000 - 0x00007ffcfc071000 	C:\WINDOWS\System32\ucrtbase.dll
0x00007ffcf66b0000 - 0x00007ffcf66c7000 	c:\Users\aerly-dell\.vscode\extensions\redhat.java-1.33.0-win32-x64\jre\17.0.11-win32-x86_64\bin\jli.dll
0x00007ffcfdc20000 - 0x00007ffcfddce000 	C:\WINDOWS\System32\USER32.dll
0x00007ffcfc130000 - 0x00007ffcfc156000 	C:\WINDOWS\System32\win32u.dll
0x00007ffcfcf30000 - 0x00007ffcfcf59000 	C:\WINDOWS\System32\GDI32.dll
0x00007ffcfbe40000 - 0x00007ffcfbf59000 	C:\WINDOWS\System32\gdi32full.dll
0x00007ffcfbd30000 - 0x00007ffcfbdca000 	C:\WINDOWS\System32\msvcp_win.dll
0x00007ffcf6620000 - 0x00007ffcf663b000 	c:\Users\aerly-dell\.vscode\extensions\redhat.java-1.33.0-win32-x64\jre\17.0.11-win32-x86_64\bin\VCRUNTIME140.dll
0x00007ffcf2c60000 - 0x00007ffcf2ef3000 	C:\WINDOWS\WinSxS\amd64_microsoft.windows.common-controls_6595b64144ccf1df_6.0.22621.3672_none_2713b9d173822955\COMCTL32.dll
0x00007ffcfd630000 - 0x00007ffcfd6d7000 	C:\WINDOWS\System32\msvcrt.dll
0x00007ffcfcf60000 - 0x00007ffcfcf91000 	C:\WINDOWS\System32\IMM32.DLL
0x00007ffcf66a0000 - 0x00007ffcf66ac000 	c:\Users\aerly-dell\.vscode\extensions\redhat.java-1.33.0-win32-x64\jre\17.0.11-win32-x86_64\bin\vcruntime140_1.dll
0x00007ffcbcb40000 - 0x00007ffcbcbcd000 	c:\Users\aerly-dell\.vscode\extensions\redhat.java-1.33.0-win32-x64\jre\17.0.11-win32-x86_64\bin\msvcp140.dll
0x00007ffc88f00000 - 0x00007ffc89b62000 	c:\Users\aerly-dell\.vscode\extensions\redhat.java-1.33.0-win32-x64\jre\17.0.11-win32-x86_64\bin\server\jvm.dll
0x00007ffcfd7e0000 - 0x00007ffcfd892000 	C:\WINDOWS\System32\ADVAPI32.dll
0x00007ffcfd340000 - 0x00007ffcfd3e9000 	C:\WINDOWS\System32\sechost.dll
0x00007ffcfc080000 - 0x00007ffcfc0a8000 	C:\WINDOWS\System32\bcrypt.dll
0x00007ffcfe8b0000 - 0x00007ffcfe9c4000 	C:\WINDOWS\System32\RPCRT4.dll
0x00007ffcfabc0000 - 0x00007ffcfac0d000 	C:\WINDOWS\SYSTEM32\POWRPROF.dll
0x00007ffce57a0000 - 0x00007ffce57a9000 	C:\WINDOWS\SYSTEM32\WSOCK32.dll
0x00007ffcfd3f0000 - 0x00007ffcfd461000 	C:\WINDOWS\System32\WS2_32.dll
0x00007ffcf70d0000 - 0x00007ffcf7104000 	C:\WINDOWS\SYSTEM32\WINMM.dll
0x00007ffcf77f0000 - 0x00007ffcf77fa000 	C:\WINDOWS\SYSTEM32\VERSION.dll
0x00007ffcfaba0000 - 0x00007ffcfabb3000 	C:\WINDOWS\SYSTEM32\UMPDC.dll
0x00007ffcfae50000 - 0x00007ffcfae68000 	C:\WINDOWS\SYSTEM32\kernel.appcore.dll
0x00007ffcf62b0000 - 0x00007ffcf62ba000 	c:\Users\aerly-dell\.vscode\extensions\redhat.java-1.33.0-win32-x64\jre\17.0.11-win32-x86_64\bin\jimage.dll
0x00007ffcf9970000 - 0x00007ffcf9ba2000 	C:\WINDOWS\SYSTEM32\DBGHELP.DLL
0x00007ffcfcfb0000 - 0x00007ffcfd33d000 	C:\WINDOWS\System32\combase.dll
0x00007ffcfdf00000 - 0x00007ffcfdfd7000 	C:\WINDOWS\System32\OLEAUT32.dll
0x00007ffce25c0000 - 0x00007ffce25f2000 	C:\WINDOWS\SYSTEM32\dbgcore.DLL
0x00007ffcfc0b0000 - 0x00007ffcfc12b000 	C:\WINDOWS\System32\bcryptPrimitives.dll
0x00007ffcf6490000 - 0x00007ffcf649e000 	c:\Users\aerly-dell\.vscode\extensions\redhat.java-1.33.0-win32-x64\jre\17.0.11-win32-x86_64\bin\instrument.dll
0x00007ffcf6320000 - 0x00007ffcf6345000 	c:\Users\aerly-dell\.vscode\extensions\redhat.java-1.33.0-win32-x64\jre\17.0.11-win32-x86_64\bin\java.dll
0x00007ffcf6070000 - 0x00007ffcf6088000 	c:\Users\aerly-dell\.vscode\extensions\redhat.java-1.33.0-win32-x64\jre\17.0.11-win32-x86_64\bin\zip.dll
0x00007ffcfdfe0000 - 0x00007ffcfe847000 	C:\WINDOWS\System32\SHELL32.dll
0x00007ffcf9bb0000 - 0x00007ffcfa4ae000 	C:\WINDOWS\SYSTEM32\windows.storage.dll
0x00007ffcf9830000 - 0x00007ffcf996f000 	C:\WINDOWS\SYSTEM32\wintypes.dll
0x00007ffcfc9a0000 - 0x00007ffcfca99000 	C:\WINDOWS\System32\SHCORE.dll
0x00007ffcfe850000 - 0x00007ffcfe8ae000 	C:\WINDOWS\System32\shlwapi.dll
0x00007ffcfbc60000 - 0x00007ffcfbc81000 	C:\WINDOWS\SYSTEM32\profapi.dll
0x00007ffcee490000 - 0x00007ffcee4a9000 	C:\Users\aerly-dell\.vscode\extensions\redhat.java-1.33.0-win32-x64\jre\17.0.11-win32-x86_64\bin\net.dll
0x00007ffcf73f0000 - 0x00007ffcf7526000 	C:\WINDOWS\SYSTEM32\WINHTTP.dll
0x00007ffcfb2c0000 - 0x00007ffcfb329000 	C:\WINDOWS\system32\mswsock.dll
0x00007ffce41e0000 - 0x00007ffce41f6000 	C:\Users\aerly-dell\.vscode\extensions\redhat.java-1.33.0-win32-x64\jre\17.0.11-win32-x86_64\bin\nio.dll
0x00007ffcf6480000 - 0x00007ffcf6490000 	c:\Users\aerly-dell\.vscode\extensions\redhat.java-1.33.0-win32-x64\jre\17.0.11-win32-x86_64\bin\verify.dll

dbghelp: loaded successfully - version: 4.0.5 - missing functions: none
symbol engine: initialized successfully - sym options: 0x614 - pdb path: .;c:\Users\aerly-dell\.vscode\extensions\redhat.java-1.33.0-win32-x64\jre\17.0.11-win32-x86_64\bin;C:\WINDOWS\SYSTEM32;C:\WINDOWS\WinSxS\amd64_microsoft.windows.common-controls_6595b64144ccf1df_6.0.22621.3672_none_2713b9d173822955;c:\Users\aerly-dell\.vscode\extensions\redhat.java-1.33.0-win32-x64\jre\17.0.11-win32-x86_64\bin\server

VM Arguments:
jvm_args: --add-modules=ALL-SYSTEM --add-opens=java.base/java.util=ALL-UNNAMED --add-opens=java.base/java.lang=ALL-UNNAMED --add-opens=java.base/sun.nio.fs=ALL-UNNAMED -Declipse.application=org.eclipse.jdt.ls.core.id1 -Dosgi.bundles.defaultStartLevel=4 -Declipse.product=org.eclipse.jdt.ls.core.product -Djava.import.generatesMetadataFilesAtProjectRoot=false -DDetectVMInstallationsJob.disabled=true -Dfile.encoding=utf8 -XX:+UseParallelGC -XX:GCTimeRatio=4 -XX:AdaptiveSizePolicyWeight=90 -Dsun.zip.disableMemoryMapping=true -Xmx1G -Xms100m -Xlog:disable -javaagent:c:\Users\aerly-dell\.vscode\extensions\redhat.java-1.33.0-win32-x64\lombok\lombok-1.18.33.jar -XX:+HeapDumpOnOutOfMemoryError -XX:HeapDumpPath=c:\Users\aerly-dell\AppData\Roaming\Code\User\workspaceStorage\1df32e0479fcebfbd7f56126d49bde33\redhat.java -Daether.dependencyCollector.impl=bf 
java_command: c:\Users\aerly-dell\.vscode\extensions\redhat.java-1.33.0-win32-x64\server\plugins\org.eclipse.equinox.launcher_1.6.900.v20240613-2009.jar -configuration c:\Users\aerly-dell\AppData\Roaming\Code\User\globalStorage\redhat.java\1.33.0\config_win -data c:\Users\aerly-dell\AppData\Roaming\Code\User\workspaceStorage\1df32e0479fcebfbd7f56126d49bde33\redhat.java\jdt_ws --pipe=\\.\pipe\lsp-278d979b6236d55997e2fbc3ff60650b-sock
java_class_path (initial): c:\Users\aerly-dell\.vscode\extensions\redhat.java-1.33.0-win32-x64\server\plugins\org.eclipse.equinox.launcher_1.6.900.v20240613-2009.jar
Launcher Type: SUN_STANDARD

[Global flags]
    uintx AdaptiveSizePolicyWeight                 = 90                                        {product} {command line}
     intx CICompilerCount                          = 4                                         {product} {ergonomic}
    uintx GCTimeRatio                              = 4                                         {product} {command line}
     bool HeapDumpOnOutOfMemoryError               = true                                   {manageable} {command line}
    ccstr HeapDumpPath                             = c:\Users\aerly-dell\AppData\Roaming\Code\User\workspaceStorage\1df32e0479fcebfbd7f56126d49bde33\redhat.java         {manageable} {command line}
   size_t InitialHeapSize                          = 104857600                                 {product} {command line}
   size_t MaxHeapSize                              = 1073741824                                {product} {command line}
   size_t MaxNewSize                               = 357564416                                 {product} {ergonomic}
   size_t MinHeapDeltaBytes                        = 524288                                    {product} {ergonomic}
   size_t MinHeapSize                              = 104857600                                 {product} {command line}
   size_t NewSize                                  = 34603008                                  {product} {ergonomic}
    uintx NonNMethodCodeHeapSize                   = 5839372                                {pd product} {ergonomic}
    uintx NonProfiledCodeHeapSize                  = 122909434                              {pd product} {ergonomic}
   size_t OldSize                                  = 70254592                                  {product} {ergonomic}
    uintx ProfiledCodeHeapSize                     = 122909434                              {pd product} {ergonomic}
    uintx ReservedCodeCacheSize                    = 251658240                              {pd product} {ergonomic}
     bool SegmentedCodeCache                       = true                                      {product} {ergonomic}
   size_t SoftMaxHeapSize                          = 1073741824                             {manageable} {ergonomic}
     bool UseCompressedClassPointers               = true                           {product lp64_product} {ergonomic}
     bool UseCompressedOops                        = true                           {product lp64_product} {ergonomic}
     bool UseLargePagesIndividualAllocation        = false                                  {pd product} {ergonomic}
     bool UseParallelGC                            = true                                      {product} {command line}

Logging:
Log output configuration:
 #0: stdout all=off uptime,level,tags
 #1: stderr all=off uptime,level,tags

Environment Variables:
JAVA_HOME=D:\java\jdk14
PATH=C:\Python312\Scripts\;C:\Python312\;C:\WINDOWS\system32;C:\WINDOWS;C:\WINDOWS\System32\Wbem;C:\WINDOWS\System32\WindowsPowerShell\v1.0\;C:\WINDOWS\System32\OpenSSH\;C:\Program Files\Microsoft SQL Server\150\Tools\Binn\;C:\Program Files\Microsoft SQL Server\Client SDK\ODBC\170\Tools\Binn\;C:\Program Files\dotnet\;D:\Program Files\Microsoft Visual Studio\2022\Community\Common7\IDE\CommonExtensions\Microsoft\TeamFoundation\Team Explorer\Git\mingw64\bin;D:\java\jdk14\bin;D:\java\jdk14\bin;D:\apache-maven\bin;C:\Program Files\nodejs\;C:\ProgramData\chocolatey\bin;C:\Users\aerly-dell\AppData\Local\Microsoft\WindowsApps;C:\Users\aerly-dell\AppData\Local\Programs\Microsoft VS Code\bin;C:\Users\aerly-dell\.dotnet\tools;D:\Program Files\Microsoft Visual Studio\2022\Community\Common7\IDE\CommonExtensions\Microsoft\TeamFoundation\Team Explorer\Git\mingw64\bin;C:\Users\aerly-dell\AppData\Roaming\npm
USERNAME=aerly-dell
OS=Windows_NT
PROCESSOR_IDENTIFIER=Intel64 Family 6 Model 142 Stepping 10, GenuineIntel
TMP=C:\Users\AERLY-~1\AppData\Local\Temp
TEMP=C:\Users\AERLY-~1\AppData\Local\Temp



Periodic native trim disabled


---------------  S Y S T E M  ---------------

OS:
 Windows 11 , 64 bit Build 22621 (10.0.22621.3958)
OS uptime: 12 days 3:31 hours

CPU: total 8 (initial active 8) (4 cores per cpu, 2 threads per core) family 6 model 142 stepping 10 microcode 0xea, cx8, cmov, fxsr, ht, mmx, 3dnowpref, sse, sse2, sse3, ssse3, sse4.1, sse4.2, popcnt, lzcnt, tsc, tscinvbit, avx, avx2, aes, erms, clmul, bmi1, bmi2, adx, fma, vzeroupper, clflush, clflushopt
Processor Information for all 8 processors :
  Max Mhz: 1800, Current Mhz: 1600, Mhz Limit: 1584

Memory: 4k page, system-wide physical 16281M (3946M free)
TotalPageFile size 29367M (AvailPageFile size 2M)
current process WorkingSet (physical memory assigned to process): 88M, peak: 88M
current process commit charge ("private bytes"): 208M, peak: 208M

vm_info: OpenJDK 64-Bit Server VM (17.0.11+9) for windows-amd64 JRE (17.0.11+9), built on Apr 17 2024 06:07:48 by "admin" with MS VC++ 16.10 / 16.11 (VS2019)

END.
