#
# There is insufficient memory for the Java Runtime Environment to continue.
# Native memory allocation (mmap) failed to map 268435456 bytes for Failed to commit area from 0x0000000701800000 to 0x0000000711800000 of length 268435456.
# Possible reasons:
#   The system is out of physical RAM or swap space
#   The process is running with CompressedOops enabled, and the Java Heap may be blocking the growth of the native heap
# Possible solutions:
#   Reduce memory load on the system
#   Increase physical memory or swap space
#   Check if swap backing store is full
#   Decrease Java heap size (-Xmx/-Xms)
#   Decrease number of Java threads
#   Decrease Java thread stack sizes (-Xss)
#   Set larger code cache with -XX:ReservedCodeCacheSize=
#   JVM is running with Zero Based Compressed Oops mode in which the Java heap is
#     placed in the first 32GB address space. The Java Heap base address is the
#     maximum limit for the native heap growth. Please use -XX:HeapBaseMinAddress
#     to set the Java Heap base and to place the Java Heap above 32GB virtual address.
# This output file may be truncated or incomplete.
#
#  Out of Memory Error (./open/src/hotspot/os/windows/os_windows.cpp:3315), pid=2192, tid=13588
#
# JRE version:  (14.0.2+12) (build )
# Java VM: Java HotSpot(TM) 64-Bit Server VM (14.0.2+12-46, mixed mode, sharing, tiered, compressed oops, g1 gc, windows-amd64)
# No core dump will be written. Minidumps are not enabled by default on client versions of Windows
#

---------------  S U M M A R Y ------------

Command Line: -agentlib:jdwp=transport=dt_socket,server=n,suspend=y,address=localhost:5343 -XX:+ShowCodeDetailsInExceptionMessages com.gfrjxz.cms.CmsApplication

Host: Intel(R) Core(TM) i5-8250U CPU @ 1.60GHz, 8 cores, 15G,  Windows 10 , 64 bit Build 22621 (10.0.22621.3958)
Time: Fri Aug  9 00:14:58 2024 中国标准时间 elapsed time: 0 seconds (0d 0h 0m 0s)

---------------  T H R E A D  ---------------

Current thread (0x000001de44663800):  JavaThread "Unknown thread" [_thread_in_vm, id=13588, stack(0x000000dcdc500000,0x000000dcdc600000)]

Stack: [0x000000dcdc500000,0x000000dcdc600000]
Native frames: (J=compiled Java code, j=interpreted, Vv=VM code, C=native code)
V  [jvm.dll+0x5f8a9a]
V  [jvm.dll+0x74247a]
V  [jvm.dll+0x743c2f]
V  [jvm.dll+0x744273]
V  [jvm.dll+0x20d288]
V  [jvm.dll+0x5f5dea]
V  [jvm.dll+0x5eac45]
V  [jvm.dll+0x2c7e9c]
V  [jvm.dll+0x2c7cd2]
V  [jvm.dll+0x2cdbbc]
V  [jvm.dll+0x313fe8]
V  [jvm.dll+0x313710]
V  [jvm.dll+0x2a092a]
V  [jvm.dll+0x2a1a79]
V  [jvm.dll+0x71fd48]
V  [jvm.dll+0x321c14]
V  [jvm.dll+0x70112c]
V  [jvm.dll+0x392def]
V  [jvm.dll+0x394e61]
C  [jli.dll+0x524b]
C  [ucrtbase.dll+0x29333]
C  [KERNEL32.DLL+0x1257d]
C  [ntdll.dll+0x5af28]


---------------  P R O C E S S  ---------------

Threads class SMR info:
_java_thread_list=0x00007ffc83bb3038, length=0, elements={
}

Java Threads: ( => current thread )

Other Threads:
  0x000001de446d3000 GCTaskThread "GC Thread#0" [stack: 0x000000dcdc600000,0x000000dcdc700000] [id=25540]
  0x000001de446f4800 ConcurrentGCThread "G1 Main Marker" [stack: 0x000000dcdc700000,0x000000dcdc800000] [id=25232]
  0x000001de446f6800 ConcurrentGCThread "G1 Conc#0" [stack: 0x000000dcdc800000,0x000000dcdc900000] [id=23800]

[error occurred during error reporting (printing all threads), id 0xc0000005, EXCEPTION_ACCESS_VIOLATION (0xc0000005) at pc=0x00007ffc833e1257]

VM state:not at safepoint (not fully initialized)

VM Mutex/Monitor currently owned by a thread:  ([mutex/lock_event])
[0x000001de4465eb90] Heap_lock - owner thread: 0x000001de44663800

Heap address: 0x0000000701800000, size: 4072 MB, Compressed Oops mode: Zero based, Oop shift amount: 3
Narrow klass base: 0x0000000000000000, Narrow klass shift: 0

GC Heap History (0 events):
No events

Deoptimization events (0 events):
No events

Classes unloaded (0 events):
No events

Classes redefined (0 events):
No events

Internal exceptions (0 events):
No events

Events (2 events):
Event: 0.095 Loaded shared library D:\java\jdk14\bin\java.dll
Event: 0.095 Loaded shared library D:\java\jdk14\bin\zip.dll


Dynamic libraries:
0x00007ff67f7b0000 - 0x00007ff67f7bf000 	D:\java\jdk14\bin\java.exe
0x00007ffcfea10000 - 0x00007ffcfec27000 	C:\WINDOWS\SYSTEM32\ntdll.dll
0x00007ffcfd6f0000 - 0x00007ffcfd7b4000 	C:\WINDOWS\System32\KERNEL32.DLL
0x00007ffcfc160000 - 0x00007ffcfc50d000 	C:\WINDOWS\System32\KERNELBASE.dll
0x00007ffcfbf60000 - 0x00007ffcfc071000 	C:\WINDOWS\System32\ucrtbase.dll
0x00007ffcd4b80000 - 0x00007ffcd4b95000 	D:\java\jdk14\bin\VCRUNTIME140.dll
0x00007ffcd0550000 - 0x00007ffcd0568000 	D:\java\jdk14\bin\jli.dll
0x00007ffcfd7e0000 - 0x00007ffcfd892000 	C:\WINDOWS\System32\ADVAPI32.dll
0x00007ffcfd630000 - 0x00007ffcfd6d7000 	C:\WINDOWS\System32\msvcrt.dll
0x00007ffcfd340000 - 0x00007ffcfd3e9000 	C:\WINDOWS\System32\sechost.dll
0x00007ffcfc080000 - 0x00007ffcfc0a8000 	C:\WINDOWS\System32\bcrypt.dll
0x00007ffcfe8b0000 - 0x00007ffcfe9c4000 	C:\WINDOWS\System32\RPCRT4.dll
0x00007ffcfdc20000 - 0x00007ffcfddce000 	C:\WINDOWS\System32\USER32.dll
0x00007ffcf2c60000 - 0x00007ffcf2ef3000 	C:\WINDOWS\WinSxS\amd64_microsoft.windows.common-controls_6595b64144ccf1df_6.0.22621.3672_none_2713b9d173822955\COMCTL32.dll
0x00007ffcfc130000 - 0x00007ffcfc156000 	C:\WINDOWS\System32\win32u.dll
0x00007ffcfcf30000 - 0x00007ffcfcf59000 	C:\WINDOWS\System32\GDI32.dll
0x00007ffcfbe40000 - 0x00007ffcfbf59000 	C:\WINDOWS\System32\gdi32full.dll
0x00007ffcfbd30000 - 0x00007ffcfbdca000 	C:\WINDOWS\System32\msvcp_win.dll
0x00007ffcf77f0000 - 0x00007ffcf77fa000 	C:\WINDOWS\SYSTEM32\VERSION.dll
0x00007ffcfcf60000 - 0x00007ffcfcf91000 	C:\WINDOWS\System32\IMM32.DLL
0x00007ffcb8820000 - 0x00007ffcb88bb000 	D:\java\jdk14\bin\msvcp140.dll
0x00007ffc83130000 - 0x00007ffc83c4e000 	D:\java\jdk14\bin\server\jvm.dll
0x00007ffcfddf0000 - 0x00007ffcfddf8000 	C:\WINDOWS\System32\PSAPI.DLL
0x00007ffcf70d0000 - 0x00007ffcf7104000 	C:\WINDOWS\SYSTEM32\WINMM.dll
0x00007ffce57a0000 - 0x00007ffce57a9000 	C:\WINDOWS\SYSTEM32\WSOCK32.dll
0x00007ffcfd3f0000 - 0x00007ffcfd461000 	C:\WINDOWS\System32\WS2_32.dll
0x00007ffcfae50000 - 0x00007ffcfae68000 	C:\WINDOWS\SYSTEM32\kernel.appcore.dll
0x00007ffcf6620000 - 0x00007ffcf662a000 	D:\java\jdk14\bin\jimage.dll
0x00007ffcf9970000 - 0x00007ffcf9ba2000 	C:\WINDOWS\SYSTEM32\DBGHELP.DLL
0x00007ffcfcfb0000 - 0x00007ffcfd33d000 	C:\WINDOWS\System32\combase.dll
0x00007ffcfdf00000 - 0x00007ffcfdfd7000 	C:\WINDOWS\System32\OLEAUT32.dll
0x00007ffce25c0000 - 0x00007ffce25f2000 	C:\WINDOWS\SYSTEM32\dbgcore.DLL
0x00007ffcfc0b0000 - 0x00007ffcfc12b000 	C:\WINDOWS\System32\bcryptPrimitives.dll
0x00007ffcc9430000 - 0x00007ffcc9468000 	D:\java\jdk14\bin\jdwp.dll
0x00007ffcd00b0000 - 0x00007ffcd00d5000 	D:\java\jdk14\bin\java.dll
0x00007ffcd0530000 - 0x00007ffcd0546000 	D:\java\jdk14\bin\zip.dll

dbghelp: loaded successfully - version: 4.0.5 - missing functions: none
symbol engine: initialized successfully - sym options: 0x614 - pdb path: .;D:\java\jdk14\bin;C:\WINDOWS\SYSTEM32;C:\WINDOWS\WinSxS\amd64_microsoft.windows.common-controls_6595b64144ccf1df_6.0.22621.3672_none_2713b9d173822955;D:\java\jdk14\bin\server

VM Arguments:
jvm_args: -agentlib:jdwp=transport=dt_socket,server=n,suspend=y,address=localhost:5343 -XX:+ShowCodeDetailsInExceptionMessages 
java_command: com.gfrjxz.cms.CmsApplication
java_class_path (initial): D:\works\java_project\orange_cms_java\target\classes;C:\Users\aerly-dell\.m2\repository\org\springframework\boot\spring-boot-starter-validation\2.6.8\spring-boot-starter-validation-2.6.8.jar;C:\Users\aerly-dell\.m2\repository\org\springframework\boot\spring-boot-starter\2.6.8\spring-boot-starter-2.6.8.jar;C:\Users\aerly-dell\.m2\repository\org\springframework\boot\spring-boot\2.6.8\spring-boot-2.6.8.jar;C:\Users\aerly-dell\.m2\repository\org\springframework\boot\spring-boot-starter-logging\2.6.8\spring-boot-starter-logging-2.6.8.jar;C:\Users\aerly-dell\.m2\repository\ch\qos\logback\logback-classic\1.2.11\logback-classic-1.2.11.jar;C:\Users\aerly-dell\.m2\repository\ch\qos\logback\logback-core\1.2.11\logback-core-1.2.11.jar;C:\Users\aerly-dell\.m2\repository\org\apache\logging\log4j\log4j-to-slf4j\2.17.2\log4j-to-slf4j-2.17.2.jar;C:\Users\aerly-dell\.m2\repository\org\apache\logging\log4j\log4j-api\2.17.2\log4j-api-2.17.2.jar;C:\Users\aerly-dell\.m2\repository\org\slf4j\jul-to-slf4j\1.7.36\jul-to-slf4j-1.7.36.jar;C:\Users\aerly-dell\.m2\repository\jakarta\annotation\jakarta.annotation-api\1.3.5\jakarta.annotation-api-1.3.5.jar;C:\Users\aerly-dell\.m2\repository\org\yaml\snakeyaml\1.29\snakeyaml-1.29.jar;C:\Users\aerly-dell\.m2\repository\org\apache\tomcat\embed\tomcat-embed-el\9.0.63\tomcat-embed-el-9.0.63.jar;C:\Users\aerly-dell\.m2\repository\org\hibernate\validator\hibernate-validator\6.2.3.Final\hibernate-validator-6.2.3.Final.jar;C:\Users\aerly-dell\.m2\repository\jakarta\validation\jakarta.validation-api\2.0.2\jakarta.validation-api-2.0.2.jar;C:\Users\aerly-dell\.m2\repository\org\jboss\logging\jboss-logging\3.4.3.Final\jboss-logging-3.4.3.Final.jar;C:\Users\aerly-dell\.m2\repository\com\fasterxml\classmate\1.5.1\classmate-1.5.1.jar;C:\Users\aerly-dell\.m2\repository\org\springframework\boot\spring-boot-starter-web\2.6.8\spring-boot-starter-web-2.6.8.jar;C:\Users\aerly-dell\.m2\repository\org\springframework\boot\spring-boot-starter
Launcher Type: SUN_STANDARD

[Global flags]
     intx CICompilerCount                          = 4                                         {product} {ergonomic}
     uint ConcGCThreads                            = 2                                         {product} {ergonomic}
     uint G1ConcRefinementThreads                  = 8                                         {product} {ergonomic}
   size_t G1HeapRegionSize                         = 1048576                                   {product} {ergonomic}
    uintx GCDrainStackTargetSize                   = 64                                        {product} {ergonomic}
   size_t InitialHeapSize                          = 268435456                                 {product} {ergonomic}
   size_t MarkStackSize                            = 4194304                                   {product} {ergonomic}
   size_t MaxHeapSize                              = 4269801472                                {product} {ergonomic}
   size_t MinHeapDeltaBytes                        = 1048576                                   {product} {ergonomic}
   size_t MinHeapSize                              = 8388608                                   {product} {ergonomic}
    uintx NonNMethodCodeHeapSize                   = 5839372                                {pd product} {ergonomic}
    uintx NonProfiledCodeHeapSize                  = 122909434                              {pd product} {ergonomic}
    uintx ProfiledCodeHeapSize                     = 122909434                              {pd product} {ergonomic}
    uintx ReservedCodeCacheSize                    = 251658240                              {pd product} {ergonomic}
     bool SegmentedCodeCache                       = true                                      {product} {ergonomic}
     bool ShowCodeDetailsInExceptionMessages       = true                                   {manageable} {command line}
   size_t SoftMaxHeapSize                          = 4269801472                             {manageable} {ergonomic}
     bool UseCompressedClassPointers               = true                                 {lp64_product} {ergonomic}
     bool UseCompressedOops                        = true                                 {lp64_product} {ergonomic}
     bool UseG1GC                                  = true                                      {product} {ergonomic}
     bool UseLargePagesIndividualAllocation        = false                                  {pd product} {ergonomic}

Logging:
Log output configuration:
 #0: stdout all=warning uptime,level,tags
 #1: stderr all=off uptime,level,tags

Environment Variables:
JAVA_HOME=D:\java\jdk14
PATH=C:\Python312\Scripts\;C:\Python312\;C:\WINDOWS\system32;C:\WINDOWS;C:\WINDOWS\System32\Wbem;C:\WINDOWS\System32\WindowsPowerShell\v1.0\;C:\WINDOWS\System32\OpenSSH\;C:\Program Files\Microsoft SQL Server\150\Tools\Binn\;C:\Program Files\Microsoft SQL Server\Client SDK\ODBC\170\Tools\Binn\;C:\Program Files\dotnet\;D:\Program Files\Microsoft Visual Studio\2022\Community\Common7\IDE\CommonExtensions\Microsoft\TeamFoundation\Team Explorer\Git\mingw64\bin;D:\java\jdk14\bin;D:\java\jdk14\bin;D:\apache-maven\bin;C:\Program Files\nodejs\;C:\ProgramData\chocolatey\bin;C:\Users\aerly-dell\AppData\Local\Microsoft\WindowsApps;C:\Users\aerly-dell\AppData\Local\Programs\Microsoft VS Code\bin;C:\Users\aerly-dell\.dotnet\tools;D:\Program Files\Microsoft Visual Studio\2022\Community\Common7\IDE\CommonExtensions\Microsoft\TeamFoundation\Team Explorer\Git\mingw64\bin;C:\Users\aerly-dell\AppData\Roaming\npm
USERNAME=aerly-dell
OS=Windows_NT
PROCESSOR_IDENTIFIER=Intel64 Family 6 Model 142 Stepping 10, GenuineIntel



---------------  S Y S T E M  ---------------

OS: Windows 10 , 64 bit Build 22621 (10.0.22621.3958)
OS uptime: 12 days 3:36 hours

CPU:total 8 (initial active 8) (4 cores per cpu, 2 threads per core) family 6 model 142 stepping 10, cmov, cx8, fxsr, mmx, sse, sse2, sse3, ssse3, sse4.1, sse4.2, popcnt, avx, avx2, aes, clmul, erms, 3dnowpref, lzcnt, ht, tsc, tscinvbit, bmi1, bmi2, adx, fma

Memory: 4k page, system-wide physical 16281M (4472M free)
TotalPageFile size 29367M (AvailPageFile size 197M)
current process WorkingSet (physical memory assigned to process): 11M, peak: 11M
current process commit charge ("private bytes"): 61M, peak: 317M

vm_info: Java HotSpot(TM) 64-Bit Server VM (14.0.2+12-46) for windows-amd64 JRE (14.0.2+12-46), built on Jul  9 2020 00:35:52 by "mach5one" with MS VC++ 15.9 (VS2017)

END.
